<?xml version="1.0" encoding="UTF-8"?>
<testsuite xmlns:xsi="http://www.w3.org/2001/XMLSchema-instance" xsi:noNamespaceSchemaLocation="https://maven.apache.org/surefire/maven-surefire-plugin/xsd/surefire-test-report-3.0.xsd" version="3.0" name="TestSuite" time="61.991" tests="5" errors="0" skipped="0" failures="2">
  <properties>
    <property name="sun.desktop" value="windows"/>
    <property name="awt.toolkit" value="sun.awt.windows.WToolkit"/>
    <property name="file.encoding.pkg" value="sun.io"/>
    <property name="java.specification.version" value="1.8"/>
    <property name="sun.cpu.isalist" value="amd64"/>
    <property name="sun.jnu.encoding" value="Cp1252"/>
    <property name="java.class.path" value="C:\Users\autom\eclipse-workspace\REDIFF_HYBRID_FRAMEWORK\target\test-classes;C:\Users\autom\eclipse-workspace\REDIFF_HYBRID_FRAMEWORK\target\classes;C:\Users\autom\.m2\repository\com\github\ralfstuckert\pdfbox-layout\pdfbox2-layout\1.0.1\pdfbox2-layout-1.0.1.jar;C:\Users\autom\.m2\repository\org\apache\pdfbox\pdfbox\2.0.4\pdfbox-2.0.4.jar;C:\Users\autom\.m2\repository\org\apache\pdfbox\fontbox\2.0.4\fontbox-2.0.4.jar;C:\Program Files\Java\jdk1.8.0_351\lib\tools.jar;C:\Users\autom\.m2\repository\org\seleniumhq\selenium\selenium-java\4.8.3\selenium-java-4.8.3.jar;C:\Users\autom\.m2\repository\org\seleniumhq\selenium\selenium-api\4.8.3\selenium-api-4.8.3.jar;C:\Users\autom\.m2\repository\org\seleniumhq\selenium\selenium-chrome-driver\4.8.3\selenium-chrome-driver-4.8.3.jar;C:\Users\autom\.m2\repository\com\google\auto\service\auto-service-annotations\1.0.1\auto-service-annotations-1.0.1.jar;C:\Users\autom\.m2\repository\com\google\auto\service\auto-service\1.0.1\auto-service-1.0.1.jar;C:\Users\autom\.m2\repository\com\google\auto\auto-common\1.2\auto-common-1.2.jar;C:\Users\autom\.m2\repository\com\google\guava\guava\31.1-jre\guava-31.1-jre.jar;C:\Users\autom\.m2\repository\com\google\guava\failureaccess\1.0.1\failureaccess-1.0.1.jar;C:\Users\autom\.m2\repository\com\google\guava\listenablefuture\9999.0-empty-to-avoid-conflict-with-guava\listenablefuture-9999.0-empty-to-avoid-conflict-with-guava.jar;C:\Users\autom\.m2\repository\com\google\code\findbugs\jsr305\3.0.2\jsr305-3.0.2.jar;C:\Users\autom\.m2\repository\org\checkerframework\checker-qual\3.12.0\checker-qual-3.12.0.jar;C:\Users\autom\.m2\repository\com\google\errorprone\error_prone_annotations\2.11.0\error_prone_annotations-2.11.0.jar;C:\Users\autom\.m2\repository\com\google\j2objc\j2objc-annotations\1.3\j2objc-annotations-1.3.jar;C:\Users\autom\.m2\repository\org\seleniumhq\selenium\selenium-chromium-driver\4.8.3\selenium-chromium-driver-4.8.3.jar;C:\Users\autom\.m2\repository\org\seleniumhq\selenium\selenium-json\4.8.3\selenium-json-4.8.3.jar;C:\Users\autom\.m2\repository\org\seleniumhq\selenium\selenium-manager\4.8.3\selenium-manager-4.8.3.jar;C:\Users\autom\.m2\repository\org\seleniumhq\selenium\selenium-devtools-v109\4.8.3\selenium-devtools-v109-4.8.3.jar;C:\Users\autom\.m2\repository\org\seleniumhq\selenium\selenium-devtools-v110\4.8.3\selenium-devtools-v110-4.8.3.jar;C:\Users\autom\.m2\repository\org\seleniumhq\selenium\selenium-devtools-v111\4.8.3\selenium-devtools-v111-4.8.3.jar;C:\Users\autom\.m2\repository\org\seleniumhq\selenium\selenium-devtools-v85\4.8.3\selenium-devtools-v85-4.8.3.jar;C:\Users\autom\.m2\repository\org\seleniumhq\selenium\selenium-edge-driver\4.8.3\selenium-edge-driver-4.8.3.jar;C:\Users\autom\.m2\repository\org\seleniumhq\selenium\selenium-firefox-driver\4.8.3\selenium-firefox-driver-4.8.3.jar;C:\Users\autom\.m2\repository\org\seleniumhq\selenium\selenium-http\4.8.3\selenium-http-4.8.3.jar;C:\Users\autom\.m2\repository\dev\failsafe\failsafe\3.3.1\failsafe-3.3.1.jar;C:\Users\autom\.m2\repository\org\seleniumhq\selenium\selenium-ie-driver\4.8.3\selenium-ie-driver-4.8.3.jar;C:\Users\autom\.m2\repository\org\seleniumhq\selenium\selenium-remote-driver\4.8.3\selenium-remote-driver-4.8.3.jar;C:\Users\autom\.m2\repository\io\netty\netty-buffer\4.1.90.Final\netty-buffer-4.1.90.Final.jar;C:\Users\autom\.m2\repository\io\netty\netty-codec-http\4.1.90.Final\netty-codec-http-4.1.90.Final.jar;C:\Users\autom\.m2\repository\io\netty\netty-codec\4.1.90.Final\netty-codec-4.1.90.Final.jar;C:\Users\autom\.m2\repository\io\netty\netty-handler\4.1.90.Final\netty-handler-4.1.90.Final.jar;C:\Users\autom\.m2\repository\io\netty\netty-common\4.1.90.Final\netty-common-4.1.90.Final.jar;C:\Users\autom\.m2\repository\io\netty\netty-transport-classes-epoll\4.1.90.Final\netty-transport-classes-epoll-4.1.90.Final.jar;C:\Users\autom\.m2\repository\io\netty\netty-transport-classes-kqueue\4.1.90.Final\netty-transport-classes-kqueue-4.1.90.Final.jar;C:\Users\autom\.m2\repository\io\netty\netty-transport-native-epoll\4.1.90.Final\netty-transport-native-epoll-4.1.90.Final.jar;C:\Users\autom\.m2\repository\io\netty\netty-transport-native-kqueue\4.1.90.Final\netty-transport-native-kqueue-4.1.90.Final.jar;C:\Users\autom\.m2\repository\io\netty\netty-transport-native-unix-common\4.1.90.Final\netty-transport-native-unix-common-4.1.90.Final.jar;C:\Users\autom\.m2\repository\io\netty\netty-transport\4.1.90.Final\netty-transport-4.1.90.Final.jar;C:\Users\autom\.m2\repository\io\netty\netty-resolver\4.1.90.Final\netty-resolver-4.1.90.Final.jar;C:\Users\autom\.m2\repository\io\opentelemetry\opentelemetry-api\1.24.0\opentelemetry-api-1.24.0.jar;C:\Users\autom\.m2\repository\io\opentelemetry\opentelemetry-context\1.24.0\opentelemetry-context-1.24.0.jar;C:\Users\autom\.m2\repository\io\opentelemetry\opentelemetry-exporter-logging\1.24.0\opentelemetry-exporter-logging-1.24.0.jar;C:\Users\autom\.m2\repository\io\opentelemetry\opentelemetry-sdk-metrics\1.24.0\opentelemetry-sdk-metrics-1.24.0.jar;C:\Users\autom\.m2\repository\io\opentelemetry\opentelemetry-sdk-logs\1.24.0-alpha\opentelemetry-sdk-logs-1.24.0-alpha.jar;C:\Users\autom\.m2\repository\io\opentelemetry\opentelemetry-api-logs\1.24.0-alpha\opentelemetry-api-logs-1.24.0-alpha.jar;C:\Users\autom\.m2\repository\io\opentelemetry\opentelemetry-api-events\1.24.0-alpha\opentelemetry-api-events-1.24.0-alpha.jar;C:\Users\autom\.m2\repository\io\opentelemetry\opentelemetry-sdk-common\1.24.0\opentelemetry-sdk-common-1.24.0.jar;C:\Users\autom\.m2\repository\io\opentelemetry\opentelemetry-sdk-extension-autoconfigure-spi\1.24.0\opentelemetry-sdk-extension-autoconfigure-spi-1.24.0.jar;C:\Users\autom\.m2\repository\io\opentelemetry\opentelemetry-sdk-extension-autoconfigure\1.24.0-alpha\opentelemetry-sdk-extension-autoconfigure-1.24.0-alpha.jar;C:\Users\autom\.m2\repository\io\opentelemetry\opentelemetry-sdk-trace\1.24.0\opentelemetry-sdk-trace-1.24.0.jar;C:\Users\autom\.m2\repository\io\opentelemetry\opentelemetry-sdk\1.24.0\opentelemetry-sdk-1.24.0.jar;C:\Users\autom\.m2\repository\io\opentelemetry\opentelemetry-semconv\1.24.0-alpha\opentelemetry-semconv-1.24.0-alpha.jar;C:\Users\autom\.m2\repository\io\ous\jtoml\2.0.0\jtoml-2.0.0.jar;C:\Users\autom\.m2\repository\net\bytebuddy\byte-buddy\1.14.2\byte-buddy-1.14.2.jar;C:\Users\autom\.m2\repository\org\apache\commons\commons-exec\1.3\commons-exec-1.3.jar;C:\Users\autom\.m2\repository\org\asynchttpclient\async-http-client\2.12.3\async-http-client-2.12.3.jar;C:\Users\autom\.m2\repository\org\asynchttpclient\async-http-client-netty-utils\2.12.3\async-http-client-netty-utils-2.12.3.jar;C:\Users\autom\.m2\repository\io\netty\netty-codec-socks\4.1.60.Final\netty-codec-socks-4.1.60.Final.jar;C:\Users\autom\.m2\repository\io\netty\netty-handler-proxy\4.1.60.Final\netty-handler-proxy-4.1.60.Final.jar;C:\Users\autom\.m2\repository\io\netty\netty-transport-native-epoll\4.1.60.Final\netty-transport-native-epoll-4.1.60.Final-linux-x86_64.jar;C:\Users\autom\.m2\repository\io\netty\netty-transport-native-kqueue\4.1.60.Final\netty-transport-native-kqueue-4.1.60.Final-osx-x86_64.jar;C:\Users\autom\.m2\repository\org\reactivestreams\reactive-streams\1.0.3\reactive-streams-1.0.3.jar;C:\Users\autom\.m2\repository\com\typesafe\netty\netty-reactive-streams\2.0.4\netty-reactive-streams-2.0.4.jar;C:\Users\autom\.m2\repository\com\sun\activation\jakarta.activation\1.2.2\jakarta.activation-1.2.2.jar;C:\Users\autom\.m2\repository\org\seleniumhq\selenium\selenium-safari-driver\4.8.3\selenium-safari-driver-4.8.3.jar;C:\Users\autom\.m2\repository\org\seleniumhq\selenium\selenium-support\4.8.3\selenium-support-4.8.3.jar;C:\Users\autom\.m2\repository\org\testng\testng\6.14.3\testng-6.14.3.jar;C:\Users\autom\.m2\repository\com\beust\jcommander\1.72\jcommander-1.72.jar;C:\Users\autom\.m2\repository\org\apache-extras\beanshell\bsh\2.0b6\bsh-2.0b6.jar;C:\Users\autom\.m2\repository\io\appium\java-client\7.5.1\java-client-7.5.1.jar;C:\Users\autom\.m2\repository\com\google\code\gson\gson\2.8.6\gson-2.8.6.jar;C:\Users\autom\.m2\repository\org\apache\httpcomponents\httpclient\4.5.13\httpclient-4.5.13.jar;C:\Users\autom\.m2\repository\org\apache\httpcomponents\httpcore\4.4.13\httpcore-4.4.13.jar;C:\Users\autom\.m2\repository\cglib\cglib\3.3.0\cglib-3.3.0.jar;C:\Users\autom\.m2\repository\commons-validator\commons-validator\1.7\commons-validator-1.7.jar;C:\Users\autom\.m2\repository\commons-beanutils\commons-beanutils\1.9.4\commons-beanutils-1.9.4.jar;C:\Users\autom\.m2\repository\commons-digester\commons-digester\2.1\commons-digester-2.1.jar;C:\Users\autom\.m2\repository\org\apache\commons\commons-lang3\3.12.0\commons-lang3-3.12.0.jar;C:\Users\autom\.m2\repository\org\springframework\spring-context\5.3.4\spring-context-5.3.4.jar;C:\Users\autom\.m2\repository\org\springframework\spring-aop\5.3.4\spring-aop-5.3.4.jar;C:\Users\autom\.m2\repository\org\springframework\spring-beans\5.3.4\spring-beans-5.3.4.jar;C:\Users\autom\.m2\repository\org\springframework\spring-core\5.3.4\spring-core-5.3.4.jar;C:\Users\autom\.m2\repository\org\springframework\spring-jcl\5.3.4\spring-jcl-5.3.4.jar;C:\Users\autom\.m2\repository\org\springframework\spring-expression\5.3.4\spring-expression-5.3.4.jar;C:\Users\autom\.m2\repository\org\aspectj\aspectjweaver\1.9.6\aspectjweaver-1.9.6.jar;C:\Users\autom\.m2\repository\org\slf4j\slf4j-api\1.7.30\slf4j-api-1.7.30.jar;C:\Users\autom\.m2\repository\io\github\bonigarcia\webdrivermanager\5.2.1\webdrivermanager-5.2.1.jar;C:\Users\autom\.m2\repository\com\github\docker-java\docker-java\3.2.13\docker-java-3.2.13.jar;C:\Users\autom\.m2\repository\com\github\docker-java\docker-java-core\3.2.13\docker-java-core-3.2.13.jar;C:\Users\autom\.m2\repository\com\github\docker-java\docker-java-api\3.2.13\docker-java-api-3.2.13.jar;C:\Users\autom\.m2\repository\org\bouncycastle\bcpkix-jdk15on\1.64\bcpkix-jdk15on-1.64.jar;C:\Users\autom\.m2\repository\org\bouncycastle\bcprov-jdk15on\1.64\bcprov-jdk15on-1.64.jar;C:\Users\autom\.m2\repository\org\slf4j\jcl-over-slf4j\1.7.30\jcl-over-slf4j-1.7.30.jar;C:\Users\autom\.m2\repository\com\github\docker-java\docker-java-transport-httpclient5\3.2.13\docker-java-transport-httpclient5-3.2.13.jar;C:\Users\autom\.m2\repository\com\github\docker-java\docker-java-transport\3.2.13\docker-java-transport-3.2.13.jar;C:\Users\autom\.m2\repository\net\java\dev\jna\jna\5.8.0\jna-5.8.0.jar;C:\Users\autom\.m2\repository\org\brotli\dec\0.1.2\dec-0.1.2.jar;C:\Users\autom\.m2\repository\org\apache\httpcomponents\client5\httpclient5\5.1.3\httpclient5-5.1.3.jar;C:\Users\autom\.m2\repository\org\apache\httpcomponents\core5\httpcore5\5.1.3\httpcore5-5.1.3.jar;C:\Users\autom\.m2\repository\org\apache\httpcomponents\core5\httpcore5-h2\5.1.3\httpcore5-h2-5.1.3.jar;C:\Users\autom\.m2\repository\io\cucumber\cucumber-core\6.10.4\cucumber-core-6.10.4.jar;C:\Users\autom\.m2\repository\io\cucumber\cucumber-gherkin\6.10.4\cucumber-gherkin-6.10.4.jar;C:\Users\autom\.m2\repository\io\cucumber\cucumber-gherkin-messages\6.10.4\cucumber-gherkin-messages-6.10.4.jar;C:\Users\autom\.m2\repository\io\cucumber\messages\15.0.0\messages-15.0.0.jar;C:\Users\autom\.m2\repository\io\cucumber\tag-expressions\3.0.1\tag-expressions-3.0.1.jar;C:\Users\autom\.m2\repository\io\cucumber\cucumber-expressions\10.3.0\cucumber-expressions-10.3.0.jar;C:\Users\autom\.m2\repository\io\cucumber\datatable\3.5.0\datatable-3.5.0.jar;C:\Users\autom\.m2\repository\io\cucumber\cucumber-plugin\6.10.4\cucumber-plugin-6.10.4.jar;C:\Users\autom\.m2\repository\io\cucumber\docstring\6.10.4\docstring-6.10.4.jar;C:\Users\autom\.m2\repository\io\cucumber\html-formatter\13.0.0\html-formatter-13.0.0.jar;C:\Users\autom\.m2\repository\io\cucumber\create-meta\4.0.0\create-meta-4.0.0.jar;C:\Users\autom\.m2\repository\org\apiguardian\apiguardian-api\1.1.1\apiguardian-api-1.1.1.jar;C:\Users\autom\.m2\repository\io\cucumber\cucumber-java\6.10.4\cucumber-java-6.10.4.jar;C:\Users\autom\.m2\repository\io\cucumber\cucumber-junit\6.10.4\cucumber-junit-6.10.4.jar;C:\Users\autom\.m2\repository\junit\junit\4.13.2\junit-4.13.2.jar;C:\Users\autom\.m2\repository\io\cucumber\cucumber-testng\6.10.4\cucumber-testng-6.10.4.jar;C:\Users\autom\.m2\repository\io\cucumber\cucumber-jvm-deps\1.0.6\cucumber-jvm-deps-1.0.6.jar;C:\Users\autom\.m2\repository\net\masterthought\cucumber-reporting\5.5.3\cucumber-reporting-5.5.3.jar;C:\Users\autom\.m2\repository\com\fasterxml\jackson\core\jackson-databind\2.12.1\jackson-databind-2.12.1.jar;C:\Users\autom\.m2\repository\com\fasterxml\jackson\core\jackson-annotations\2.12.1\jackson-annotations-2.12.1.jar;C:\Users\autom\.m2\repository\com\fasterxml\jackson\core\jackson-core\2.12.1\jackson-core-2.12.1.jar;C:\Users\autom\.m2\repository\com\fasterxml\jackson\datatype\jackson-datatype-jsr310\2.12.1\jackson-datatype-jsr310-2.12.1.jar;C:\Users\autom\.m2\repository\org\apache\velocity\velocity-engine-core\2.2\velocity-engine-core-2.2.jar;C:\Users\autom\.m2\repository\commons-collections\commons-collections\3.2.2\commons-collections-3.2.2.jar;C:\Users\autom\.m2\repository\joda-time\joda-time\2.10.9\joda-time-2.10.9.jar;C:\Users\autom\.m2\repository\org\codehaus\plexus\plexus-utils\3.3.0\plexus-utils-3.3.0.jar;C:\Users\autom\.m2\repository\org\jsoup\jsoup\1.13.1\jsoup-1.13.1.jar;C:\Users\autom\.m2\repository\com\googlecode\owasp-java-html-sanitizer\owasp-java-html-sanitizer\20200713.1\owasp-java-html-sanitizer-20200713.1.jar;C:\Users\autom\.m2\repository\commons-configuration\commons-configuration\1.10\commons-configuration-1.10.jar;C:\Users\autom\.m2\repository\commons-lang\commons-lang\2.6\commons-lang-2.6.jar;C:\Users\autom\.m2\repository\org\hamcrest\hamcrest-core\2.2\hamcrest-core-2.2.jar;C:\Users\autom\.m2\repository\org\hamcrest\hamcrest\2.2\hamcrest-2.2.jar;C:\Users\autom\.m2\repository\io\cucumber\gherkin\5.1.0\gherkin-5.1.0.jar;C:\Users\autom\.m2\repository\io\cucumber\gherkin-jvm-deps\1.0.4\gherkin-jvm-deps-1.0.4.jar;C:\Users\autom\.m2\repository\net\sourceforge\cobertura\cobertura\2.1.1\cobertura-2.1.1.jar;C:\Users\autom\.m2\repository\org\ow2\asm\asm\5.0.1\asm-5.0.1.jar;C:\Users\autom\.m2\repository\org\ow2\asm\asm-tree\5.0.1\asm-tree-5.0.1.jar;C:\Users\autom\.m2\repository\org\ow2\asm\asm-commons\5.0.1\asm-commons-5.0.1.jar;C:\Users\autom\.m2\repository\org\ow2\asm\asm-util\5.0.1\asm-util-5.0.1.jar;C:\Users\autom\.m2\repository\org\ow2\asm\asm-analysis\5.0.1\asm-analysis-5.0.1.jar;C:\Users\autom\.m2\repository\oro\oro\2.0.8\oro-2.0.8.jar;C:\Users\autom\.m2\repository\jaxen\jaxen\1.1.4\jaxen-1.1.4.jar;C:\Users\autom\.m2\repository\org\apache\ant\ant\1.8.3\ant-1.8.3.jar;C:\Users\autom\.m2\repository\org\apache\ant\ant-launcher\1.8.3\ant-launcher-1.8.3.jar;C:\Users\autom\.m2\repository\org\apache\ant\ant-junit\1.8.3\ant-junit-1.8.3.jar;C:\Users\autom\.m2\repository\org\mortbay\jetty\servlet-api-2.5\6.1.14\servlet-api-2.5-6.1.14.jar;C:\Users\autom\.m2\repository\org\mortbay\jetty\jetty\6.1.14\jetty-6.1.14.jar;C:\Users\autom\.m2\repository\org\mortbay\jetty\jetty-util\6.1.14\jetty-util-6.1.14.jar;C:\Users\autom\.m2\repository\ch\qos\logback\logback-classic\1.0.13\logback-classic-1.0.13.jar;C:\Users\autom\.m2\repository\ch\qos\logback\logback-core\1.0.13\logback-core-1.0.13.jar;C:\Users\autom\.m2\repository\org\apache\poi\poi-ooxml\4.1.1\poi-ooxml-4.1.1.jar;C:\Users\autom\.m2\repository\org\apache\commons\commons-compress\1.19\commons-compress-1.19.jar;C:\Users\autom\.m2\repository\com\github\virtuald\curvesapi\1.06\curvesapi-1.06.jar;C:\Users\autom\.m2\repository\org\apache\poi\poi\4.1.1\poi-4.1.1.jar;C:\Users\autom\.m2\repository\commons-codec\commons-codec\1.13\commons-codec-1.13.jar;C:\Users\autom\.m2\repository\org\apache\commons\commons-collections4\4.4\commons-collections4-4.4.jar;C:\Users\autom\.m2\repository\org\apache\commons\commons-math3\3.6.1\commons-math3-3.6.1.jar;C:\Users\autom\.m2\repository\org\apache\poi\poi-ooxml-schemas\4.1.1\poi-ooxml-schemas-4.1.1.jar;C:\Users\autom\.m2\repository\org\apache\xmlbeans\xmlbeans\3.1.0\xmlbeans-3.1.0.jar;C:\Users\autom\.m2\repository\commons-io\commons-io\2.6\commons-io-2.6.jar;C:\Users\autom\.m2\repository\org\apache\httpcomponents\fluent-hc\4.5.13\fluent-hc-4.5.13.jar;C:\Users\autom\.m2\repository\commons-logging\commons-logging\1.2\commons-logging-1.2.jar;C:\Users\autom\.m2\repository\org\apache\poi\poi-scratchpad\4.1.1\poi-scratchpad-4.1.1.jar;C:\Users\autom\.m2\repository\org\apache\poi\openxml4j\1.0-beta\openxml4j-1.0-beta.jar;C:\Users\autom\.m2\repository\dom4j\dom4j\1.6.1\dom4j-1.6.1.jar;C:\Users\autom\.m2\repository\xml-apis\xml-apis\1.0.b2\xml-apis-1.0.b2.jar;C:\Users\autom\.m2\repository\log4j\log4j\1.2.8\log4j-1.2.8.jar;C:\Users\autom\.m2\repository\com\googlecode\json-simple\json-simple\1.1.1\json-simple-1.1.1.jar;C:\Users\autom\.m2\repository\tech\grasshopper\extentreports-cucumber6-adapter\2.6.0\extentreports-cucumber6-adapter-2.6.0.jar;C:\Users\autom\.m2\repository\com\aventstack\extentreports\5.0.5\extentreports-5.0.5.jar;C:\Users\autom\.m2\repository\io\reactivex\rxjava3\rxjava\3.0.4\rxjava-3.0.4.jar;C:\Users\autom\.m2\repository\org\freemarker\freemarker\2.3.30\freemarker-2.3.30.jar;C:\Users\autom\.m2\repository\org\projectlombok\lombok\1.18.12\lombok-1.18.12.jar;C:\Users\autom\.m2\repository\tech\grasshopper\extent-pdf-report\1.5.0\extent-pdf-report-1.5.0.jar;C:\Users\autom\.m2\repository\tech\grasshopper\cucumber-pdf-report\1.7.0\cucumber-pdf-report-1.7.0.jar;C:\Users\autom\.m2\repository\org\knowm\xchart\xchart\3.6.5\xchart-3.6.5.jar;C:\Users\autom\.m2\repository\de\erichseifert\vectorgraphics2d\VectorGraphics2D\0.13\VectorGraphics2D-0.13.jar;C:\Users\autom\.m2\repository\de\rototor\pdfbox\graphics2d\0.27\graphics2d-0.27.jar;C:\Users\autom\.m2\repository\com\madgag\animated-gif-lib\1.4\animated-gif-lib-1.4.jar;C:\Users\autom\.m2\repository\com\github\vandeseer\easytable\0.7.1\easytable-0.7.1.jar;C:\Users\autom\.m2\repository\org\yaml\snakeyaml\1.27\snakeyaml-1.27.jar;C:\Users\autom\.m2\repository\com\aventstack\klov-reporter\5.0.5\klov-reporter-5.0.5.jar;C:\Users\autom\.m2\repository\org\mongodb\bson\3.6.4\bson-3.6.4.jar;C:\Users\autom\.m2\repository\org\apache\httpcomponents\httpmime\4.5.2\httpmime-4.5.2.jar;C:\Users\autom\.m2\repository\org\mongodb\mongodb-driver\3.3.0\mongodb-driver-3.3.0.jar;C:\Users\autom\.m2\repository\org\mongodb\mongodb-driver-core\3.3.0\mongodb-driver-core-3.3.0.jar;"/>
    <property name="java.vm.vendor" value="Oracle Corporation"/>
    <property name="sun.arch.data.model" value="64"/>
    <property name="user.variant" value=""/>
    <property name="java.vendor.url" value="http://java.oracle.com/"/>
    <property name="user.timezone" value="America/New_York"/>
    <property name="java.vm.specification.version" value="1.8"/>
    <property name="os.name" value="Windows 11"/>
    <property name="user.country" value="US"/>
    <property name="sun.java.launcher" value="SUN_STANDARD"/>
    <property name="sun.boot.library.path" value="C:\Program Files\Java\jdk1.8.0_351\jre\bin"/>
    <property name="sun.java.command" value="C:\Users\autom\AppData\Local\Temp\surefire1727312828303618227\surefirebooter-20230404222509076_3.jar C:\Users\autom\AppData\Local\Temp\surefire1727312828303618227 2023-04-04T22-25-08_723-jvmRun1 surefire-20230404222509076_1tmp surefire_0-20230404222509076_2tmp"/>
    <property name="surefire.test.class.path" value="C:\Users\autom\eclipse-workspace\REDIFF_HYBRID_FRAMEWORK\target\test-classes;C:\Users\autom\eclipse-workspace\REDIFF_HYBRID_FRAMEWORK\target\classes;C:\Users\autom\.m2\repository\com\github\ralfstuckert\pdfbox-layout\pdfbox2-layout\1.0.1\pdfbox2-layout-1.0.1.jar;C:\Users\autom\.m2\repository\org\apache\pdfbox\pdfbox\2.0.4\pdfbox-2.0.4.jar;C:\Users\autom\.m2\repository\org\apache\pdfbox\fontbox\2.0.4\fontbox-2.0.4.jar;C:\Program Files\Java\jdk1.8.0_351\lib\tools.jar;C:\Users\autom\.m2\repository\org\seleniumhq\selenium\selenium-java\4.8.3\selenium-java-4.8.3.jar;C:\Users\autom\.m2\repository\org\seleniumhq\selenium\selenium-api\4.8.3\selenium-api-4.8.3.jar;C:\Users\autom\.m2\repository\org\seleniumhq\selenium\selenium-chrome-driver\4.8.3\selenium-chrome-driver-4.8.3.jar;C:\Users\autom\.m2\repository\com\google\auto\service\auto-service-annotations\1.0.1\auto-service-annotations-1.0.1.jar;C:\Users\autom\.m2\repository\com\google\auto\service\auto-service\1.0.1\auto-service-1.0.1.jar;C:\Users\autom\.m2\repository\com\google\auto\auto-common\1.2\auto-common-1.2.jar;C:\Users\autom\.m2\repository\com\google\guava\guava\31.1-jre\guava-31.1-jre.jar;C:\Users\autom\.m2\repository\com\google\guava\failureaccess\1.0.1\failureaccess-1.0.1.jar;C:\Users\autom\.m2\repository\com\google\guava\listenablefuture\9999.0-empty-to-avoid-conflict-with-guava\listenablefuture-9999.0-empty-to-avoid-conflict-with-guava.jar;C:\Users\autom\.m2\repository\com\google\code\findbugs\jsr305\3.0.2\jsr305-3.0.2.jar;C:\Users\autom\.m2\repository\org\checkerframework\checker-qual\3.12.0\checker-qual-3.12.0.jar;C:\Users\autom\.m2\repository\com\google\errorprone\error_prone_annotations\2.11.0\error_prone_annotations-2.11.0.jar;C:\Users\autom\.m2\repository\com\google\j2objc\j2objc-annotations\1.3\j2objc-annotations-1.3.jar;C:\Users\autom\.m2\repository\org\seleniumhq\selenium\selenium-chromium-driver\4.8.3\selenium-chromium-driver-4.8.3.jar;C:\Users\autom\.m2\repository\org\seleniumhq\selenium\selenium-json\4.8.3\selenium-json-4.8.3.jar;C:\Users\autom\.m2\repository\org\seleniumhq\selenium\selenium-manager\4.8.3\selenium-manager-4.8.3.jar;C:\Users\autom\.m2\repository\org\seleniumhq\selenium\selenium-devtools-v109\4.8.3\selenium-devtools-v109-4.8.3.jar;C:\Users\autom\.m2\repository\org\seleniumhq\selenium\selenium-devtools-v110\4.8.3\selenium-devtools-v110-4.8.3.jar;C:\Users\autom\.m2\repository\org\seleniumhq\selenium\selenium-devtools-v111\4.8.3\selenium-devtools-v111-4.8.3.jar;C:\Users\autom\.m2\repository\org\seleniumhq\selenium\selenium-devtools-v85\4.8.3\selenium-devtools-v85-4.8.3.jar;C:\Users\autom\.m2\repository\org\seleniumhq\selenium\selenium-edge-driver\4.8.3\selenium-edge-driver-4.8.3.jar;C:\Users\autom\.m2\repository\org\seleniumhq\selenium\selenium-firefox-driver\4.8.3\selenium-firefox-driver-4.8.3.jar;C:\Users\autom\.m2\repository\org\seleniumhq\selenium\selenium-http\4.8.3\selenium-http-4.8.3.jar;C:\Users\autom\.m2\repository\dev\failsafe\failsafe\3.3.1\failsafe-3.3.1.jar;C:\Users\autom\.m2\repository\org\seleniumhq\selenium\selenium-ie-driver\4.8.3\selenium-ie-driver-4.8.3.jar;C:\Users\autom\.m2\repository\org\seleniumhq\selenium\selenium-remote-driver\4.8.3\selenium-remote-driver-4.8.3.jar;C:\Users\autom\.m2\repository\io\netty\netty-buffer\4.1.90.Final\netty-buffer-4.1.90.Final.jar;C:\Users\autom\.m2\repository\io\netty\netty-codec-http\4.1.90.Final\netty-codec-http-4.1.90.Final.jar;C:\Users\autom\.m2\repository\io\netty\netty-codec\4.1.90.Final\netty-codec-4.1.90.Final.jar;C:\Users\autom\.m2\repository\io\netty\netty-handler\4.1.90.Final\netty-handler-4.1.90.Final.jar;C:\Users\autom\.m2\repository\io\netty\netty-common\4.1.90.Final\netty-common-4.1.90.Final.jar;C:\Users\autom\.m2\repository\io\netty\netty-transport-classes-epoll\4.1.90.Final\netty-transport-classes-epoll-4.1.90.Final.jar;C:\Users\autom\.m2\repository\io\netty\netty-transport-classes-kqueue\4.1.90.Final\netty-transport-classes-kqueue-4.1.90.Final.jar;C:\Users\autom\.m2\repository\io\netty\netty-transport-native-epoll\4.1.90.Final\netty-transport-native-epoll-4.1.90.Final.jar;C:\Users\autom\.m2\repository\io\netty\netty-transport-native-kqueue\4.1.90.Final\netty-transport-native-kqueue-4.1.90.Final.jar;C:\Users\autom\.m2\repository\io\netty\netty-transport-native-unix-common\4.1.90.Final\netty-transport-native-unix-common-4.1.90.Final.jar;C:\Users\autom\.m2\repository\io\netty\netty-transport\4.1.90.Final\netty-transport-4.1.90.Final.jar;C:\Users\autom\.m2\repository\io\netty\netty-resolver\4.1.90.Final\netty-resolver-4.1.90.Final.jar;C:\Users\autom\.m2\repository\io\opentelemetry\opentelemetry-api\1.24.0\opentelemetry-api-1.24.0.jar;C:\Users\autom\.m2\repository\io\opentelemetry\opentelemetry-context\1.24.0\opentelemetry-context-1.24.0.jar;C:\Users\autom\.m2\repository\io\opentelemetry\opentelemetry-exporter-logging\1.24.0\opentelemetry-exporter-logging-1.24.0.jar;C:\Users\autom\.m2\repository\io\opentelemetry\opentelemetry-sdk-metrics\1.24.0\opentelemetry-sdk-metrics-1.24.0.jar;C:\Users\autom\.m2\repository\io\opentelemetry\opentelemetry-sdk-logs\1.24.0-alpha\opentelemetry-sdk-logs-1.24.0-alpha.jar;C:\Users\autom\.m2\repository\io\opentelemetry\opentelemetry-api-logs\1.24.0-alpha\opentelemetry-api-logs-1.24.0-alpha.jar;C:\Users\autom\.m2\repository\io\opentelemetry\opentelemetry-api-events\1.24.0-alpha\opentelemetry-api-events-1.24.0-alpha.jar;C:\Users\autom\.m2\repository\io\opentelemetry\opentelemetry-sdk-common\1.24.0\opentelemetry-sdk-common-1.24.0.jar;C:\Users\autom\.m2\repository\io\opentelemetry\opentelemetry-sdk-extension-autoconfigure-spi\1.24.0\opentelemetry-sdk-extension-autoconfigure-spi-1.24.0.jar;C:\Users\autom\.m2\repository\io\opentelemetry\opentelemetry-sdk-extension-autoconfigure\1.24.0-alpha\opentelemetry-sdk-extension-autoconfigure-1.24.0-alpha.jar;C:\Users\autom\.m2\repository\io\opentelemetry\opentelemetry-sdk-trace\1.24.0\opentelemetry-sdk-trace-1.24.0.jar;C:\Users\autom\.m2\repository\io\opentelemetry\opentelemetry-sdk\1.24.0\opentelemetry-sdk-1.24.0.jar;C:\Users\autom\.m2\repository\io\opentelemetry\opentelemetry-semconv\1.24.0-alpha\opentelemetry-semconv-1.24.0-alpha.jar;C:\Users\autom\.m2\repository\io\ous\jtoml\2.0.0\jtoml-2.0.0.jar;C:\Users\autom\.m2\repository\net\bytebuddy\byte-buddy\1.14.2\byte-buddy-1.14.2.jar;C:\Users\autom\.m2\repository\org\apache\commons\commons-exec\1.3\commons-exec-1.3.jar;C:\Users\autom\.m2\repository\org\asynchttpclient\async-http-client\2.12.3\async-http-client-2.12.3.jar;C:\Users\autom\.m2\repository\org\asynchttpclient\async-http-client-netty-utils\2.12.3\async-http-client-netty-utils-2.12.3.jar;C:\Users\autom\.m2\repository\io\netty\netty-codec-socks\4.1.60.Final\netty-codec-socks-4.1.60.Final.jar;C:\Users\autom\.m2\repository\io\netty\netty-handler-proxy\4.1.60.Final\netty-handler-proxy-4.1.60.Final.jar;C:\Users\autom\.m2\repository\io\netty\netty-transport-native-epoll\4.1.60.Final\netty-transport-native-epoll-4.1.60.Final-linux-x86_64.jar;C:\Users\autom\.m2\repository\io\netty\netty-transport-native-kqueue\4.1.60.Final\netty-transport-native-kqueue-4.1.60.Final-osx-x86_64.jar;C:\Users\autom\.m2\repository\org\reactivestreams\reactive-streams\1.0.3\reactive-streams-1.0.3.jar;C:\Users\autom\.m2\repository\com\typesafe\netty\netty-reactive-streams\2.0.4\netty-reactive-streams-2.0.4.jar;C:\Users\autom\.m2\repository\com\sun\activation\jakarta.activation\1.2.2\jakarta.activation-1.2.2.jar;C:\Users\autom\.m2\repository\org\seleniumhq\selenium\selenium-safari-driver\4.8.3\selenium-safari-driver-4.8.3.jar;C:\Users\autom\.m2\repository\org\seleniumhq\selenium\selenium-support\4.8.3\selenium-support-4.8.3.jar;C:\Users\autom\.m2\repository\org\testng\testng\6.14.3\testng-6.14.3.jar;C:\Users\autom\.m2\repository\com\beust\jcommander\1.72\jcommander-1.72.jar;C:\Users\autom\.m2\repository\org\apache-extras\beanshell\bsh\2.0b6\bsh-2.0b6.jar;C:\Users\autom\.m2\repository\io\appium\java-client\7.5.1\java-client-7.5.1.jar;C:\Users\autom\.m2\repository\com\google\code\gson\gson\2.8.6\gson-2.8.6.jar;C:\Users\autom\.m2\repository\org\apache\httpcomponents\httpclient\4.5.13\httpclient-4.5.13.jar;C:\Users\autom\.m2\repository\org\apache\httpcomponents\httpcore\4.4.13\httpcore-4.4.13.jar;C:\Users\autom\.m2\repository\cglib\cglib\3.3.0\cglib-3.3.0.jar;C:\Users\autom\.m2\repository\commons-validator\commons-validator\1.7\commons-validator-1.7.jar;C:\Users\autom\.m2\repository\commons-beanutils\commons-beanutils\1.9.4\commons-beanutils-1.9.4.jar;C:\Users\autom\.m2\repository\commons-digester\commons-digester\2.1\commons-digester-2.1.jar;C:\Users\autom\.m2\repository\org\apache\commons\commons-lang3\3.12.0\commons-lang3-3.12.0.jar;C:\Users\autom\.m2\repository\org\springframework\spring-context\5.3.4\spring-context-5.3.4.jar;C:\Users\autom\.m2\repository\org\springframework\spring-aop\5.3.4\spring-aop-5.3.4.jar;C:\Users\autom\.m2\repository\org\springframework\spring-beans\5.3.4\spring-beans-5.3.4.jar;C:\Users\autom\.m2\repository\org\springframework\spring-core\5.3.4\spring-core-5.3.4.jar;C:\Users\autom\.m2\repository\org\springframework\spring-jcl\5.3.4\spring-jcl-5.3.4.jar;C:\Users\autom\.m2\repository\org\springframework\spring-expression\5.3.4\spring-expression-5.3.4.jar;C:\Users\autom\.m2\repository\org\aspectj\aspectjweaver\1.9.6\aspectjweaver-1.9.6.jar;C:\Users\autom\.m2\repository\org\slf4j\slf4j-api\1.7.30\slf4j-api-1.7.30.jar;C:\Users\autom\.m2\repository\io\github\bonigarcia\webdrivermanager\5.2.1\webdrivermanager-5.2.1.jar;C:\Users\autom\.m2\repository\com\github\docker-java\docker-java\3.2.13\docker-java-3.2.13.jar;C:\Users\autom\.m2\repository\com\github\docker-java\docker-java-core\3.2.13\docker-java-core-3.2.13.jar;C:\Users\autom\.m2\repository\com\github\docker-java\docker-java-api\3.2.13\docker-java-api-3.2.13.jar;C:\Users\autom\.m2\repository\org\bouncycastle\bcpkix-jdk15on\1.64\bcpkix-jdk15on-1.64.jar;C:\Users\autom\.m2\repository\org\bouncycastle\bcprov-jdk15on\1.64\bcprov-jdk15on-1.64.jar;C:\Users\autom\.m2\repository\org\slf4j\jcl-over-slf4j\1.7.30\jcl-over-slf4j-1.7.30.jar;C:\Users\autom\.m2\repository\com\github\docker-java\docker-java-transport-httpclient5\3.2.13\docker-java-transport-httpclient5-3.2.13.jar;C:\Users\autom\.m2\repository\com\github\docker-java\docker-java-transport\3.2.13\docker-java-transport-3.2.13.jar;C:\Users\autom\.m2\repository\net\java\dev\jna\jna\5.8.0\jna-5.8.0.jar;C:\Users\autom\.m2\repository\org\brotli\dec\0.1.2\dec-0.1.2.jar;C:\Users\autom\.m2\repository\org\apache\httpcomponents\client5\httpclient5\5.1.3\httpclient5-5.1.3.jar;C:\Users\autom\.m2\repository\org\apache\httpcomponents\core5\httpcore5\5.1.3\httpcore5-5.1.3.jar;C:\Users\autom\.m2\repository\org\apache\httpcomponents\core5\httpcore5-h2\5.1.3\httpcore5-h2-5.1.3.jar;C:\Users\autom\.m2\repository\io\cucumber\cucumber-core\6.10.4\cucumber-core-6.10.4.jar;C:\Users\autom\.m2\repository\io\cucumber\cucumber-gherkin\6.10.4\cucumber-gherkin-6.10.4.jar;C:\Users\autom\.m2\repository\io\cucumber\cucumber-gherkin-messages\6.10.4\cucumber-gherkin-messages-6.10.4.jar;C:\Users\autom\.m2\repository\io\cucumber\messages\15.0.0\messages-15.0.0.jar;C:\Users\autom\.m2\repository\io\cucumber\tag-expressions\3.0.1\tag-expressions-3.0.1.jar;C:\Users\autom\.m2\repository\io\cucumber\cucumber-expressions\10.3.0\cucumber-expressions-10.3.0.jar;C:\Users\autom\.m2\repository\io\cucumber\datatable\3.5.0\datatable-3.5.0.jar;C:\Users\autom\.m2\repository\io\cucumber\cucumber-plugin\6.10.4\cucumber-plugin-6.10.4.jar;C:\Users\autom\.m2\repository\io\cucumber\docstring\6.10.4\docstring-6.10.4.jar;C:\Users\autom\.m2\repository\io\cucumber\html-formatter\13.0.0\html-formatter-13.0.0.jar;C:\Users\autom\.m2\repository\io\cucumber\create-meta\4.0.0\create-meta-4.0.0.jar;C:\Users\autom\.m2\repository\org\apiguardian\apiguardian-api\1.1.1\apiguardian-api-1.1.1.jar;C:\Users\autom\.m2\repository\io\cucumber\cucumber-java\6.10.4\cucumber-java-6.10.4.jar;C:\Users\autom\.m2\repository\io\cucumber\cucumber-junit\6.10.4\cucumber-junit-6.10.4.jar;C:\Users\autom\.m2\repository\junit\junit\4.13.2\junit-4.13.2.jar;C:\Users\autom\.m2\repository\io\cucumber\cucumber-testng\6.10.4\cucumber-testng-6.10.4.jar;C:\Users\autom\.m2\repository\io\cucumber\cucumber-jvm-deps\1.0.6\cucumber-jvm-deps-1.0.6.jar;C:\Users\autom\.m2\repository\net\masterthought\cucumber-reporting\5.5.3\cucumber-reporting-5.5.3.jar;C:\Users\autom\.m2\repository\com\fasterxml\jackson\core\jackson-databind\2.12.1\jackson-databind-2.12.1.jar;C:\Users\autom\.m2\repository\com\fasterxml\jackson\core\jackson-annotations\2.12.1\jackson-annotations-2.12.1.jar;C:\Users\autom\.m2\repository\com\fasterxml\jackson\core\jackson-core\2.12.1\jackson-core-2.12.1.jar;C:\Users\autom\.m2\repository\com\fasterxml\jackson\datatype\jackson-datatype-jsr310\2.12.1\jackson-datatype-jsr310-2.12.1.jar;C:\Users\autom\.m2\repository\org\apache\velocity\velocity-engine-core\2.2\velocity-engine-core-2.2.jar;C:\Users\autom\.m2\repository\commons-collections\commons-collections\3.2.2\commons-collections-3.2.2.jar;C:\Users\autom\.m2\repository\joda-time\joda-time\2.10.9\joda-time-2.10.9.jar;C:\Users\autom\.m2\repository\org\codehaus\plexus\plexus-utils\3.3.0\plexus-utils-3.3.0.jar;C:\Users\autom\.m2\repository\org\jsoup\jsoup\1.13.1\jsoup-1.13.1.jar;C:\Users\autom\.m2\repository\com\googlecode\owasp-java-html-sanitizer\owasp-java-html-sanitizer\20200713.1\owasp-java-html-sanitizer-20200713.1.jar;C:\Users\autom\.m2\repository\commons-configuration\commons-configuration\1.10\commons-configuration-1.10.jar;C:\Users\autom\.m2\repository\commons-lang\commons-lang\2.6\commons-lang-2.6.jar;C:\Users\autom\.m2\repository\org\hamcrest\hamcrest-core\2.2\hamcrest-core-2.2.jar;C:\Users\autom\.m2\repository\org\hamcrest\hamcrest\2.2\hamcrest-2.2.jar;C:\Users\autom\.m2\repository\io\cucumber\gherkin\5.1.0\gherkin-5.1.0.jar;C:\Users\autom\.m2\repository\io\cucumber\gherkin-jvm-deps\1.0.4\gherkin-jvm-deps-1.0.4.jar;C:\Users\autom\.m2\repository\net\sourceforge\cobertura\cobertura\2.1.1\cobertura-2.1.1.jar;C:\Users\autom\.m2\repository\org\ow2\asm\asm\5.0.1\asm-5.0.1.jar;C:\Users\autom\.m2\repository\org\ow2\asm\asm-tree\5.0.1\asm-tree-5.0.1.jar;C:\Users\autom\.m2\repository\org\ow2\asm\asm-commons\5.0.1\asm-commons-5.0.1.jar;C:\Users\autom\.m2\repository\org\ow2\asm\asm-util\5.0.1\asm-util-5.0.1.jar;C:\Users\autom\.m2\repository\org\ow2\asm\asm-analysis\5.0.1\asm-analysis-5.0.1.jar;C:\Users\autom\.m2\repository\oro\oro\2.0.8\oro-2.0.8.jar;C:\Users\autom\.m2\repository\jaxen\jaxen\1.1.4\jaxen-1.1.4.jar;C:\Users\autom\.m2\repository\org\apache\ant\ant\1.8.3\ant-1.8.3.jar;C:\Users\autom\.m2\repository\org\apache\ant\ant-launcher\1.8.3\ant-launcher-1.8.3.jar;C:\Users\autom\.m2\repository\org\apache\ant\ant-junit\1.8.3\ant-junit-1.8.3.jar;C:\Users\autom\.m2\repository\org\mortbay\jetty\servlet-api-2.5\6.1.14\servlet-api-2.5-6.1.14.jar;C:\Users\autom\.m2\repository\org\mortbay\jetty\jetty\6.1.14\jetty-6.1.14.jar;C:\Users\autom\.m2\repository\org\mortbay\jetty\jetty-util\6.1.14\jetty-util-6.1.14.jar;C:\Users\autom\.m2\repository\ch\qos\logback\logback-classic\1.0.13\logback-classic-1.0.13.jar;C:\Users\autom\.m2\repository\ch\qos\logback\logback-core\1.0.13\logback-core-1.0.13.jar;C:\Users\autom\.m2\repository\org\apache\poi\poi-ooxml\4.1.1\poi-ooxml-4.1.1.jar;C:\Users\autom\.m2\repository\org\apache\commons\commons-compress\1.19\commons-compress-1.19.jar;C:\Users\autom\.m2\repository\com\github\virtuald\curvesapi\1.06\curvesapi-1.06.jar;C:\Users\autom\.m2\repository\org\apache\poi\poi\4.1.1\poi-4.1.1.jar;C:\Users\autom\.m2\repository\commons-codec\commons-codec\1.13\commons-codec-1.13.jar;C:\Users\autom\.m2\repository\org\apache\commons\commons-collections4\4.4\commons-collections4-4.4.jar;C:\Users\autom\.m2\repository\org\apache\commons\commons-math3\3.6.1\commons-math3-3.6.1.jar;C:\Users\autom\.m2\repository\org\apache\poi\poi-ooxml-schemas\4.1.1\poi-ooxml-schemas-4.1.1.jar;C:\Users\autom\.m2\repository\org\apache\xmlbeans\xmlbeans\3.1.0\xmlbeans-3.1.0.jar;C:\Users\autom\.m2\repository\commons-io\commons-io\2.6\commons-io-2.6.jar;C:\Users\autom\.m2\repository\org\apache\httpcomponents\fluent-hc\4.5.13\fluent-hc-4.5.13.jar;C:\Users\autom\.m2\repository\commons-logging\commons-logging\1.2\commons-logging-1.2.jar;C:\Users\autom\.m2\repository\org\apache\poi\poi-scratchpad\4.1.1\poi-scratchpad-4.1.1.jar;C:\Users\autom\.m2\repository\org\apache\poi\openxml4j\1.0-beta\openxml4j-1.0-beta.jar;C:\Users\autom\.m2\repository\dom4j\dom4j\1.6.1\dom4j-1.6.1.jar;C:\Users\autom\.m2\repository\xml-apis\xml-apis\1.0.b2\xml-apis-1.0.b2.jar;C:\Users\autom\.m2\repository\log4j\log4j\1.2.8\log4j-1.2.8.jar;C:\Users\autom\.m2\repository\com\googlecode\json-simple\json-simple\1.1.1\json-simple-1.1.1.jar;C:\Users\autom\.m2\repository\tech\grasshopper\extentreports-cucumber6-adapter\2.6.0\extentreports-cucumber6-adapter-2.6.0.jar;C:\Users\autom\.m2\repository\com\aventstack\extentreports\5.0.5\extentreports-5.0.5.jar;C:\Users\autom\.m2\repository\io\reactivex\rxjava3\rxjava\3.0.4\rxjava-3.0.4.jar;C:\Users\autom\.m2\repository\org\freemarker\freemarker\2.3.30\freemarker-2.3.30.jar;C:\Users\autom\.m2\repository\org\projectlombok\lombok\1.18.12\lombok-1.18.12.jar;C:\Users\autom\.m2\repository\tech\grasshopper\extent-pdf-report\1.5.0\extent-pdf-report-1.5.0.jar;C:\Users\autom\.m2\repository\tech\grasshopper\cucumber-pdf-report\1.7.0\cucumber-pdf-report-1.7.0.jar;C:\Users\autom\.m2\repository\org\knowm\xchart\xchart\3.6.5\xchart-3.6.5.jar;C:\Users\autom\.m2\repository\de\erichseifert\vectorgraphics2d\VectorGraphics2D\0.13\VectorGraphics2D-0.13.jar;C:\Users\autom\.m2\repository\de\rototor\pdfbox\graphics2d\0.27\graphics2d-0.27.jar;C:\Users\autom\.m2\repository\com\madgag\animated-gif-lib\1.4\animated-gif-lib-1.4.jar;C:\Users\autom\.m2\repository\com\github\vandeseer\easytable\0.7.1\easytable-0.7.1.jar;C:\Users\autom\.m2\repository\org\yaml\snakeyaml\1.27\snakeyaml-1.27.jar;C:\Users\autom\.m2\repository\com\aventstack\klov-reporter\5.0.5\klov-reporter-5.0.5.jar;C:\Users\autom\.m2\repository\org\mongodb\bson\3.6.4\bson-3.6.4.jar;C:\Users\autom\.m2\repository\org\apache\httpcomponents\httpmime\4.5.2\httpmime-4.5.2.jar;C:\Users\autom\.m2\repository\org\mongodb\mongodb-driver\3.3.0\mongodb-driver-3.3.0.jar;C:\Users\autom\.m2\repository\org\mongodb\mongodb-driver-core\3.3.0\mongodb-driver-core-3.3.0.jar;"/>
    <property name="sun.cpu.endian" value="little"/>
    <property name="user.home" value="C:\Users\autom"/>
    <property name="user.language" value="en"/>
    <property name="java.specification.vendor" value="Oracle Corporation"/>
    <property name="java.home" value="C:\Program Files\Java\jdk1.8.0_351\jre"/>
    <property name="basedir" value="C:\Users\autom\eclipse-workspace\REDIFF_HYBRID_FRAMEWORK"/>
    <property name="file.separator" value="\"/>
    <property name="line.separator" value="&#10;"/>
    <property name="java.vm.specification.vendor" value="Oracle Corporation"/>
    <property name="java.specification.name" value="Java Platform API Specification"/>
    <property name="java.awt.graphicsenv" value="sun.awt.Win32GraphicsEnvironment"/>
    <property name="surefire.real.class.path" value="C:\Users\autom\AppData\Local\Temp\surefire1727312828303618227\surefirebooter-20230404222509076_3.jar"/>
    <property name="sun.boot.class.path" value="C:\Program Files\Java\jdk1.8.0_351\jre\lib\resources.jar;C:\Program Files\Java\jdk1.8.0_351\jre\lib\rt.jar;C:\Program Files\Java\jdk1.8.0_351\jre\lib\jsse.jar;C:\Program Files\Java\jdk1.8.0_351\jre\lib\jce.jar;C:\Program Files\Java\jdk1.8.0_351\jre\lib\charsets.jar;C:\Program Files\Java\jdk1.8.0_351\jre\lib\jfr.jar;C:\Program Files\Java\jdk1.8.0_351\jre\classes"/>
    <property name="user.script" value=""/>
    <property name="sun.management.compiler" value="HotSpot 64-Bit Tiered Compilers"/>
    <property name="java.runtime.version" value="1.8.0_351-b10"/>
    <property name="user.name" value="autom"/>
    <property name="path.separator" value=";"/>
    <property name="os.version" value="10.0"/>
    <property name="java.endorsed.dirs" value="C:\Program Files\Java\jdk1.8.0_351\jre\lib\endorsed"/>
    <property name="java.runtime.name" value="Java(TM) SE Runtime Environment"/>
    <property name="file.encoding" value="Cp1252"/>
    <property name="java.vm.name" value="Java HotSpot(TM) 64-Bit Server VM"/>
    <property name="localRepository" value="C:\Users\autom\.m2\repository"/>
    <property name="java.vendor.url.bug" value="http://bugreport.sun.com/bugreport/"/>
    <property name="java.io.tmpdir" value="C:\Users\autom\AppData\Local\Temp\"/>
    <property name="java.version" value="1.8.0_351"/>
    <property name="user.dir" value="C:\Users\autom\eclipse-workspace\REDIFF_HYBRID_FRAMEWORK"/>
    <property name="os.arch" value="amd64"/>
    <property name="java.vm.specification.name" value="Java Virtual Machine Specification"/>
    <property name="java.awt.printerjob" value="sun.awt.windows.WPrinterJob"/>
    <property name="sun.os.patch.level" value=""/>
    <property name="java.library.path" value="C:\Program Files\Java\jdk1.8.0_351\jre\bin;C:\WINDOWS\Sun\Java\bin;C:\WINDOWS\system32;C:\WINDOWS;C:\Program Files (x86)\Common Files\Oracle\Java\javapath;C:\WINDOWS\system32;C:\WINDOWS;C:\WINDOWS\System32\Wbem;C:\WINDOWS\System32\WindowsPowerShell\v1.0\;C:\WINDOWS\System32\OpenSSH\;C:\Program Files\Git\cmd;C:\Program Files\Git\bin;C:\SARTHAK FOLDERS\AUTOMATION\apache-maven-3.8.6\bin;C:\Users\autom\AppData\Local\Android\Sdk\tools;C:\Users\autom\AppData\Local\Android\Sdk\platforms;C:\Users\autom\AppData\Local\Android\Sdk\platform-tools;C:\Program Files\nodejs\;C:\Program Files\dotnet\;C:\Program Files\Java\jdk1.8.0_351\bin;;."/>
    <property name="java.vm.info" value="mixed mode"/>
    <property name="java.vendor" value="Oracle Corporation"/>
    <property name="java.vm.version" value="25.351-b10"/>
    <property name="java.specification.maintenance.version" value="4"/>
    <property name="java.ext.dirs" value="C:\Program Files\Java\jdk1.8.0_351\jre\lib\ext;C:\WINDOWS\Sun\Java\lib\ext"/>
    <property name="sun.io.unicode.encoding" value="UnicodeLittle"/>
    <property name="java.class.version" value="52.0"/>
  </properties>
  <testcase name="verifyRediffLoginWithValidUsernameAndValidPassword[seleniumpanda@rediffmail.com, Selenium@123](1)" classname="com.rediff.qa.testcases.LoginTest" time="5.699">
    <system-out><![CDATA[[TestNGContentHandler] [WARN] It is strongly recommended to add "<!DOCTYPE suite SYSTEM "http://testng.org/testng-1.0.dtd" >" at the top of your file, otherwise TestNG may fail or not work as expected.
[DEBUG] Using SLF4J as the default logging framework
[DEBUG] -Dio.netty.leakDetection.level: simple
[DEBUG] -Dio.netty.leakDetection.targetRecords: 4
[DEBUG] Loaded default ResourceLeakDetector: io.netty.util.ResourceLeakDetector@3f0846c6
[DEBUG] -Dio.netty.noUnsafe: false
[DEBUG] Java version: 8
[DEBUG] sun.misc.Unsafe.theUnsafe: available
[DEBUG] sun.misc.Unsafe.copyMemory: available
[DEBUG] sun.misc.Unsafe.storeFence: available
[DEBUG] java.nio.Buffer.address: available
[DEBUG] direct buffer constructor: available
[DEBUG] java.nio.Bits.unaligned: available, true
[DEBUG] jdk.internal.misc.Unsafe.allocateUninitializedArray(int): unavailable prior to Java9
[DEBUG] java.nio.DirectByteBuffer.<init>(long, int): available
[DEBUG] sun.misc.Unsafe: available
[DEBUG] -Dio.netty.tmpdir: C:\Users\autom\AppData\Local\Temp (java.io.tmpdir)
[DEBUG] -Dio.netty.bitMode: 64 (sun.arch.data.model)
[DEBUG] Platform: Windows
[DEBUG] -Dio.netty.maxDirectMemory: 3739746304 bytes
[DEBUG] -Dio.netty.uninitializedArrayAllocationThreshold: -1
[DEBUG] java.nio.ByteBuffer.cleaner(): available
[DEBUG] -Dio.netty.noPreferDirect: false
[DEBUG] org.jctools-core.MpscChunkedArrayQueue: available
[DEBUG] -Dio.netty.threadLocalMap.stringBuilder.initialSize: 1024
[DEBUG] -Dio.netty.threadLocalMap.stringBuilder.maxSize: 4096
[DEBUG] Default protocols (JDK): [TLSv1.3, TLSv1.2] 
[DEBUG] Default cipher suites (JDK): [TLS_ECDHE_ECDSA_WITH_AES_256_GCM_SHA384, TLS_ECDHE_ECDSA_WITH_AES_128_GCM_SHA256, TLS_ECDHE_RSA_WITH_AES_128_GCM_SHA256, TLS_ECDHE_RSA_WITH_AES_256_GCM_SHA384, TLS_ECDHE_RSA_WITH_AES_128_CBC_SHA, TLS_ECDHE_RSA_WITH_AES_256_CBC_SHA, TLS_RSA_WITH_AES_128_GCM_SHA256, TLS_RSA_WITH_AES_128_CBC_SHA, TLS_RSA_WITH_AES_256_CBC_SHA, TLS_AES_128_GCM_SHA256, TLS_AES_256_GCM_SHA384]
[DEBUG] -Dio.netty.globalEventExecutor.quietPeriodSeconds: 1
[DEBUG] -Dio.netty.eventLoopThreads: 40
[DEBUG] -Dio.netty.noKeySetOptimization: false
[DEBUG] -Dio.netty.selectorAutoRebuildThreshold: 512
[DEBUG] -Dio.netty.allocator.numHeapArenas: 40
[DEBUG] -Dio.netty.allocator.numDirectArenas: 40
[DEBUG] -Dio.netty.allocator.pageSize: 8192
[DEBUG] -Dio.netty.allocator.maxOrder: 9
[DEBUG] -Dio.netty.allocator.chunkSize: 4194304
[DEBUG] -Dio.netty.allocator.smallCacheSize: 256
[DEBUG] -Dio.netty.allocator.normalCacheSize: 64
[DEBUG] -Dio.netty.allocator.maxCachedBufferCapacity: 32768
[DEBUG] -Dio.netty.allocator.cacheTrimInterval: 8192
[DEBUG] -Dio.netty.allocator.cacheTrimIntervalMillis: 0
[DEBUG] -Dio.netty.allocator.useCacheForAllThreads: false
[DEBUG] -Dio.netty.allocator.maxCachedByteBuffersPerChunk: 1023
[DEBUG] -Dio.netty.allocator.type: pooled
[DEBUG] -Dio.netty.threadLocalDirectBufferSize: 0
[DEBUG] -Dio.netty.maxThreadLocalCharBufferSize: 16384
[DEBUG] -Dio.netty.processId: 27132 (auto-detected)
[DEBUG] -Djava.net.preferIPv4Stack: false
[DEBUG] -Djava.net.preferIPv6Addresses: false
[DEBUG] Loopback interface: lo (Software Loopback Interface 1, 127.0.0.1)
[DEBUG] Failed to get SOMAXCONN from sysctl and file \proc\sys\net\core\somaxconn. Default: 200
[DEBUG] -Dio.netty.machineId: 64:d6:9a:ff:fe:e2:b7:6f (auto-detected)
[DEBUG] -Dio.netty.buffer.checkAccessible: true
[DEBUG] -Dio.netty.buffer.checkBounds: true
[DEBUG] Loaded default ResourceLeakDetector: io.netty.util.ResourceLeakDetector@64c2634c
[DEBUG] Using new Channel '[id: 0x75e4c7ba, L:/127.0.0.1:55821 - R:localhost/127.0.0.1:28698]' for 'POST' to '/session'
[DEBUG] -Dio.netty.recycler.maxCapacityPerThread: 4096
[DEBUG] -Dio.netty.recycler.ratio: 8
[DEBUG] -Dio.netty.recycler.chunkSize: 32
[DEBUG] -Dio.netty.recycler.blocking: false
[DEBUG] -Dio.netty.recycler.batchFastThreadLocalOnly: true
[DEBUG] brotli4j not in the classpath; Brotli support will be unavailable.
[DEBUG] 

Request DefaultHttpRequest(decodeResult: success, version: HTTP/1.1)
POST /session HTTP/1.1
User-Agent: selenium/4.8.3 (java windows)
Content-Length: 439
Content-Type: application/json; charset=utf-8
host: localhost:28698
accept: */*

Response DefaultHttpResponse(decodeResult: success, version: HTTP/1.1)
HTTP/1.1 200 OK
Content-Length: 858
Content-Type: application/json; charset=utf-8
cache-control: no-cache

[DEBUG] Adding key: http://localhost:28698 for channel [id: 0x75e4c7ba, L:/127.0.0.1:55821 - R:localhost/127.0.0.1:28698]
[DEBUG] Using new Channel '[id: 0x00f38c36, L:/127.0.0.1:55828 - R:localhost/127.0.0.1:55822]' for 'GET' to '/json/version'
[DEBUG] 

Request DefaultFullHttpRequest(decodeResult: success, version: HTTP/1.1, content: EmptyByteBufBE)
GET /json/version HTTP/1.1
User-Agent: selenium/4.8.3 (java windows)
host: localhost:55822
accept: */*

Response DefaultHttpResponse(decodeResult: success, version: HTTP/1.1)
HTTP/1.1 200 OK
Content-Security-Policy: frame-ancestors 'none'
Content-Length: 424
Content-Type: application/json; charset=UTF-8

[DEBUG] Adding key: http://localhost:55822 for channel [id: 0x00f38c36, L:/127.0.0.1:55828 - R:localhost/127.0.0.1:55822]
[DEBUG] -Dio.netty.initialSeedUniquifier: 0xae6f3af7ceb2657a
[DEBUG] Using new Channel '[id: 0xb51647a9, L:/127.0.0.1:55829 - R:localhost/127.0.0.1:55822]' for 'GET' to '/devtools/browser/11179276-4be3-4901-bf9a-527fa9675939'
[DEBUG] 

Request DefaultFullHttpRequest(decodeResult: success, version: HTTP/1.1, content: EmptyByteBufBE)
GET /devtools/browser/11179276-4be3-4901-bf9a-527fa9675939 HTTP/1.1
upgrade: websocket
connection: upgrade
sec-websocket-key: w9QphfBwUxRz2GDXzCIKxw==
sec-websocket-version: 13
origin: http://localhost:55822
host: localhost:55822
accept: */*
user-agent: AHC/2.1

Response DefaultHttpResponse(decodeResult: success, version: HTTP/1.1)
HTTP/1.1 101 WebSocket Protocol Handshake
Upgrade: WebSocket
Connection: Upgrade
Sec-WebSocket-Accept: BVJAgrDAEzFb7dbgosbTO/JgyYU=

[DEBUG] Using pooled Channel '[id: 0x75e4c7ba, L:/127.0.0.1:55821 - R:localhost/127.0.0.1:28698]' for 'POST' to 'http://localhost:28698/session/f746e3f7cbaf3568a26127c37c330d37/window/maximize'
[DEBUG] Using open Channel [id: 0x75e4c7ba, L:/127.0.0.1:55821 - R:localhost/127.0.0.1:28698] for POST '/session/f746e3f7cbaf3568a26127c37c330d37/window/maximize'
[DEBUG] Entry count for : http://localhost:55822 : 1
[DEBUG] 

Request DefaultHttpRequest(decodeResult: success, version: HTTP/1.1)
POST /session/f746e3f7cbaf3568a26127c37c330d37/window/maximize HTTP/1.1
User-Agent: selenium/4.8.3 (java windows)
Content-Length: 3
Content-Type: application/json; charset=utf-8
host: localhost:28698
accept: */*

Response DefaultHttpResponse(decodeResult: success, version: HTTP/1.1)
HTTP/1.1 200 OK
Content-Length: 52
Content-Type: application/json; charset=utf-8
cache-control: no-cache

[DEBUG] Adding key: http://localhost:28698 for channel [id: 0x75e4c7ba, L:/127.0.0.1:55821 - R:localhost/127.0.0.1:28698]
[DEBUG] Using pooled Channel '[id: 0x75e4c7ba, L:/127.0.0.1:55821 - R:localhost/127.0.0.1:28698]' for 'DELETE' to 'http://localhost:28698/session/f746e3f7cbaf3568a26127c37c330d37/cookie'
[DEBUG] Using open Channel [id: 0x75e4c7ba, L:/127.0.0.1:55821 - R:localhost/127.0.0.1:28698] for DELETE '/session/f746e3f7cbaf3568a26127c37c330d37/cookie'
[DEBUG] 

Request DefaultFullHttpRequest(decodeResult: success, version: HTTP/1.1, content: EmptyByteBufBE)
DELETE /session/f746e3f7cbaf3568a26127c37c330d37/cookie HTTP/1.1
User-Agent: selenium/4.8.3 (java windows)
Content-Type: application/json; charset=utf-8
host: localhost:28698
accept: */*

Response DefaultHttpResponse(decodeResult: success, version: HTTP/1.1)
HTTP/1.1 200 OK
Content-Length: 14
Content-Type: application/json; charset=utf-8
cache-control: no-cache

[DEBUG] Adding key: http://localhost:28698 for channel [id: 0x75e4c7ba, L:/127.0.0.1:55821 - R:localhost/127.0.0.1:28698]
[DEBUG] Using pooled Channel '[id: 0x75e4c7ba, L:/127.0.0.1:55821 - R:localhost/127.0.0.1:28698]' for 'POST' to 'http://localhost:28698/session/f746e3f7cbaf3568a26127c37c330d37/timeouts'
[DEBUG] Using open Channel [id: 0x75e4c7ba, L:/127.0.0.1:55821 - R:localhost/127.0.0.1:28698] for POST '/session/f746e3f7cbaf3568a26127c37c330d37/timeouts'
[DEBUG] 

Request DefaultHttpRequest(decodeResult: success, version: HTTP/1.1)
POST /session/f746e3f7cbaf3568a26127c37c330d37/timeouts HTTP/1.1
User-Agent: selenium/4.8.3 (java windows)
Content-Length: 23
Content-Type: application/json; charset=utf-8
host: localhost:28698
accept: */*

Response DefaultHttpResponse(decodeResult: success, version: HTTP/1.1)
HTTP/1.1 200 OK
Content-Length: 14
Content-Type: application/json; charset=utf-8
cache-control: no-cache

[DEBUG] Adding key: http://localhost:28698 for channel [id: 0x75e4c7ba, L:/127.0.0.1:55821 - R:localhost/127.0.0.1:28698]
[DEBUG] Using pooled Channel '[id: 0x75e4c7ba, L:/127.0.0.1:55821 - R:localhost/127.0.0.1:28698]' for 'POST' to 'http://localhost:28698/session/f746e3f7cbaf3568a26127c37c330d37/timeouts'
[DEBUG] Using open Channel [id: 0x75e4c7ba, L:/127.0.0.1:55821 - R:localhost/127.0.0.1:28698] for POST '/session/f746e3f7cbaf3568a26127c37c330d37/timeouts'
[DEBUG] 

Request DefaultHttpRequest(decodeResult: success, version: HTTP/1.1)
POST /session/f746e3f7cbaf3568a26127c37c330d37/timeouts HTTP/1.1
User-Agent: selenium/4.8.3 (java windows)
Content-Length: 23
Content-Type: application/json; charset=utf-8
host: localhost:28698
accept: */*

Response DefaultHttpResponse(decodeResult: success, version: HTTP/1.1)
HTTP/1.1 200 OK
Content-Length: 14
Content-Type: application/json; charset=utf-8
cache-control: no-cache

[DEBUG] Adding key: http://localhost:28698 for channel [id: 0x75e4c7ba, L:/127.0.0.1:55821 - R:localhost/127.0.0.1:28698]
[DEBUG] Using pooled Channel '[id: 0x75e4c7ba, L:/127.0.0.1:55821 - R:localhost/127.0.0.1:28698]' for 'POST' to 'http://localhost:28698/session/f746e3f7cbaf3568a26127c37c330d37/timeouts'
[DEBUG] Using open Channel [id: 0x75e4c7ba, L:/127.0.0.1:55821 - R:localhost/127.0.0.1:28698] for POST '/session/f746e3f7cbaf3568a26127c37c330d37/timeouts'
[DEBUG] 

Request DefaultHttpRequest(decodeResult: success, version: HTTP/1.1)
POST /session/f746e3f7cbaf3568a26127c37c330d37/timeouts HTTP/1.1
User-Agent: selenium/4.8.3 (java windows)
Content-Length: 22
Content-Type: application/json; charset=utf-8
host: localhost:28698
accept: */*

Response DefaultHttpResponse(decodeResult: success, version: HTTP/1.1)
HTTP/1.1 200 OK
Content-Length: 14
Content-Type: application/json; charset=utf-8
cache-control: no-cache

[DEBUG] Adding key: http://localhost:28698 for channel [id: 0x75e4c7ba, L:/127.0.0.1:55821 - R:localhost/127.0.0.1:28698]
[DEBUG] Using pooled Channel '[id: 0x75e4c7ba, L:/127.0.0.1:55821 - R:localhost/127.0.0.1:28698]' for 'POST' to 'http://localhost:28698/session/f746e3f7cbaf3568a26127c37c330d37/url'
[DEBUG] Using open Channel [id: 0x75e4c7ba, L:/127.0.0.1:55821 - R:localhost/127.0.0.1:28698] for POST '/session/f746e3f7cbaf3568a26127c37c330d37/url'
[DEBUG] Entry count for : http://localhost:55822 : 1
[DEBUG] Entry count for : http://localhost:55822 : 1
[DEBUG] 

Request DefaultHttpRequest(decodeResult: success, version: HTTP/1.1)
POST /session/f746e3f7cbaf3568a26127c37c330d37/url HTTP/1.1
User-Agent: selenium/4.8.3 (java windows)
Content-Length: 43
Content-Type: application/json; charset=utf-8
host: localhost:28698
accept: */*

Response DefaultHttpResponse(decodeResult: success, version: HTTP/1.1)
HTTP/1.1 200 OK
Content-Length: 14
Content-Type: application/json; charset=utf-8
cache-control: no-cache

[DEBUG] Adding key: http://localhost:28698 for channel [id: 0x75e4c7ba, L:/127.0.0.1:55821 - R:localhost/127.0.0.1:28698]
[DEBUG] Using pooled Channel '[id: 0x75e4c7ba, L:/127.0.0.1:55821 - R:localhost/127.0.0.1:28698]' for 'POST' to 'http://localhost:28698/session/f746e3f7cbaf3568a26127c37c330d37/element'
[DEBUG] Using open Channel [id: 0x75e4c7ba, L:/127.0.0.1:55821 - R:localhost/127.0.0.1:28698] for POST '/session/f746e3f7cbaf3568a26127c37c330d37/element'
[DEBUG] 

Request DefaultHttpRequest(decodeResult: success, version: HTTP/1.1)
POST /session/f746e3f7cbaf3568a26127c37c330d37/element HTTP/1.1
User-Agent: selenium/4.8.3 (java windows)
Content-Length: 51
Content-Type: application/json; charset=utf-8
host: localhost:28698
accept: */*

Response DefaultHttpResponse(decodeResult: success, version: HTTP/1.1)
HTTP/1.1 200 OK
Content-Length: 88
Content-Type: application/json; charset=utf-8
cache-control: no-cache

[DEBUG] Adding key: http://localhost:28698 for channel [id: 0x75e4c7ba, L:/127.0.0.1:55821 - R:localhost/127.0.0.1:28698]
[DEBUG] Using pooled Channel '[id: 0x75e4c7ba, L:/127.0.0.1:55821 - R:localhost/127.0.0.1:28698]' for 'POST' to 'http://localhost:28698/session/f746e3f7cbaf3568a26127c37c330d37/element/fa2d255d-d651-48a2-9992-7f0ac55e3bb8/click'
[DEBUG] Using open Channel [id: 0x75e4c7ba, L:/127.0.0.1:55821 - R:localhost/127.0.0.1:28698] for POST '/session/f746e3f7cbaf3568a26127c37c330d37/element/fa2d255d-d651-48a2-9992-7f0ac55e3bb8/click'
[DEBUG] Entry count for : http://localhost:55822 : 1
[DEBUG] Entry count for : http://localhost:55822 : 1
[DEBUG] 

Request DefaultHttpRequest(decodeResult: success, version: HTTP/1.1)
POST /session/f746e3f7cbaf3568a26127c37c330d37/element/fa2d255d-d651-48a2-9992-7f0ac55e3bb8/click HTTP/1.1
User-Agent: selenium/4.8.3 (java windows)
Content-Length: 50
Content-Type: application/json; charset=utf-8
host: localhost:28698
accept: */*

Response DefaultHttpResponse(decodeResult: success, version: HTTP/1.1)
HTTP/1.1 200 OK
Content-Length: 14
Content-Type: application/json; charset=utf-8
cache-control: no-cache

[DEBUG] Adding key: http://localhost:28698 for channel [id: 0x75e4c7ba, L:/127.0.0.1:55821 - R:localhost/127.0.0.1:28698]
[DEBUG] Using pooled Channel '[id: 0x75e4c7ba, L:/127.0.0.1:55821 - R:localhost/127.0.0.1:28698]' for 'POST' to 'http://localhost:28698/session/f746e3f7cbaf3568a26127c37c330d37/element'
[DEBUG] Using open Channel [id: 0x75e4c7ba, L:/127.0.0.1:55821 - R:localhost/127.0.0.1:28698] for POST '/session/f746e3f7cbaf3568a26127c37c330d37/element'
[DEBUG] 

Request DefaultHttpRequest(decodeResult: success, version: HTTP/1.1)
POST /session/f746e3f7cbaf3568a26127c37c330d37/element HTTP/1.1
User-Agent: selenium/4.8.3 (java windows)
Content-Length: 51
Content-Type: application/json; charset=utf-8
host: localhost:28698
accept: */*

Response DefaultHttpResponse(decodeResult: success, version: HTTP/1.1)
HTTP/1.1 200 OK
Content-Length: 88
Content-Type: application/json; charset=utf-8
cache-control: no-cache

[DEBUG] Adding key: http://localhost:28698 for channel [id: 0x75e4c7ba, L:/127.0.0.1:55821 - R:localhost/127.0.0.1:28698]
[DEBUG] Using pooled Channel '[id: 0x75e4c7ba, L:/127.0.0.1:55821 - R:localhost/127.0.0.1:28698]' for 'POST' to 'http://localhost:28698/session/f746e3f7cbaf3568a26127c37c330d37/element/84a91477-62bb-49fb-bbae-02ab1549a2f2/value'
[DEBUG] Using open Channel [id: 0x75e4c7ba, L:/127.0.0.1:55821 - R:localhost/127.0.0.1:28698] for POST '/session/f746e3f7cbaf3568a26127c37c330d37/element/84a91477-62bb-49fb-bbae-02ab1549a2f2/value'
[DEBUG] Entry count for : http://localhost:55822 : 1
[DEBUG] 

Request DefaultHttpRequest(decodeResult: success, version: HTTP/1.1)
POST /session/f746e3f7cbaf3568a26127c37c330d37/element/84a91477-62bb-49fb-bbae-02ab1549a2f2/value HTTP/1.1
User-Agent: selenium/4.8.3 (java windows)
Content-Length: 361
Content-Type: application/json; charset=utf-8
host: localhost:28698
accept: */*

Response DefaultHttpResponse(decodeResult: success, version: HTTP/1.1)
HTTP/1.1 200 OK
Content-Length: 14
Content-Type: application/json; charset=utf-8
cache-control: no-cache

[DEBUG] Adding key: http://localhost:28698 for channel [id: 0x75e4c7ba, L:/127.0.0.1:55821 - R:localhost/127.0.0.1:28698]
[DEBUG] Using pooled Channel '[id: 0x75e4c7ba, L:/127.0.0.1:55821 - R:localhost/127.0.0.1:28698]' for 'POST' to 'http://localhost:28698/session/f746e3f7cbaf3568a26127c37c330d37/element'
[DEBUG] Using open Channel [id: 0x75e4c7ba, L:/127.0.0.1:55821 - R:localhost/127.0.0.1:28698] for POST '/session/f746e3f7cbaf3568a26127c37c330d37/element'
[DEBUG] 

Request DefaultHttpRequest(decodeResult: success, version: HTTP/1.1)
POST /session/f746e3f7cbaf3568a26127c37c330d37/element HTTP/1.1
User-Agent: selenium/4.8.3 (java windows)
Content-Length: 53
Content-Type: application/json; charset=utf-8
host: localhost:28698
accept: */*

Response DefaultHttpResponse(decodeResult: success, version: HTTP/1.1)
HTTP/1.1 200 OK
Content-Length: 88
Content-Type: application/json; charset=utf-8
cache-control: no-cache

[DEBUG] Adding key: http://localhost:28698 for channel [id: 0x75e4c7ba, L:/127.0.0.1:55821 - R:localhost/127.0.0.1:28698]
[DEBUG] Using pooled Channel '[id: 0x75e4c7ba, L:/127.0.0.1:55821 - R:localhost/127.0.0.1:28698]' for 'POST' to 'http://localhost:28698/session/f746e3f7cbaf3568a26127c37c330d37/element/23373905-d45b-4b1f-a944-ea54fe9aa2b8/value'
[DEBUG] Using open Channel [id: 0x75e4c7ba, L:/127.0.0.1:55821 - R:localhost/127.0.0.1:28698] for POST '/session/f746e3f7cbaf3568a26127c37c330d37/element/23373905-d45b-4b1f-a944-ea54fe9aa2b8/value'
[DEBUG] 

Request DefaultHttpRequest(decodeResult: success, version: HTTP/1.1)
POST /session/f746e3f7cbaf3568a26127c37c330d37/element/23373905-d45b-4b1f-a944-ea54fe9aa2b8/value HTTP/1.1
User-Agent: selenium/4.8.3 (java windows)
Content-Length: 201
Content-Type: application/json; charset=utf-8
host: localhost:28698
accept: */*

Response DefaultHttpResponse(decodeResult: success, version: HTTP/1.1)
HTTP/1.1 200 OK
Content-Length: 14
Content-Type: application/json; charset=utf-8
cache-control: no-cache

[DEBUG] Adding key: http://localhost:28698 for channel [id: 0x75e4c7ba, L:/127.0.0.1:55821 - R:localhost/127.0.0.1:28698]
[DEBUG] Using pooled Channel '[id: 0x75e4c7ba, L:/127.0.0.1:55821 - R:localhost/127.0.0.1:28698]' for 'POST' to 'http://localhost:28698/session/f746e3f7cbaf3568a26127c37c330d37/element'
[DEBUG] Using open Channel [id: 0x75e4c7ba, L:/127.0.0.1:55821 - R:localhost/127.0.0.1:28698] for POST '/session/f746e3f7cbaf3568a26127c37c330d37/element'
[DEBUG] 

Request DefaultHttpRequest(decodeResult: success, version: HTTP/1.1)
POST /session/f746e3f7cbaf3568a26127c37c330d37/element HTTP/1.1
User-Agent: selenium/4.8.3 (java windows)
Content-Length: 54
Content-Type: application/json; charset=utf-8
host: localhost:28698
accept: */*

Response DefaultHttpResponse(decodeResult: success, version: HTTP/1.1)
HTTP/1.1 200 OK
Content-Length: 88
Content-Type: application/json; charset=utf-8
cache-control: no-cache

[DEBUG] Adding key: http://localhost:28698 for channel [id: 0x75e4c7ba, L:/127.0.0.1:55821 - R:localhost/127.0.0.1:28698]
[DEBUG] Using pooled Channel '[id: 0x75e4c7ba, L:/127.0.0.1:55821 - R:localhost/127.0.0.1:28698]' for 'POST' to 'http://localhost:28698/session/f746e3f7cbaf3568a26127c37c330d37/element/595c408f-d6a2-454c-b83b-657a7829ecd0/click'
[DEBUG] Using open Channel [id: 0x75e4c7ba, L:/127.0.0.1:55821 - R:localhost/127.0.0.1:28698] for POST '/session/f746e3f7cbaf3568a26127c37c330d37/element/595c408f-d6a2-454c-b83b-657a7829ecd0/click'
[DEBUG] Entry count for : http://localhost:55822 : 1
[DEBUG] Entry count for : http://localhost:55822 : 1
[DEBUG] Entry count for : http://localhost:55822 : 1
[DEBUG] Entry count for : http://localhost:55822 : 1
[DEBUG] 

Request DefaultHttpRequest(decodeResult: success, version: HTTP/1.1)
POST /session/f746e3f7cbaf3568a26127c37c330d37/element/595c408f-d6a2-454c-b83b-657a7829ecd0/click HTTP/1.1
User-Agent: selenium/4.8.3 (java windows)
Content-Length: 50
Content-Type: application/json; charset=utf-8
host: localhost:28698
accept: */*

Response DefaultHttpResponse(decodeResult: success, version: HTTP/1.1)
HTTP/1.1 200 OK
Content-Length: 14
Content-Type: application/json; charset=utf-8
cache-control: no-cache

[DEBUG] Adding key: http://localhost:28698 for channel [id: 0x75e4c7ba, L:/127.0.0.1:55821 - R:localhost/127.0.0.1:28698]
[DEBUG] Using pooled Channel '[id: 0x75e4c7ba, L:/127.0.0.1:55821 - R:localhost/127.0.0.1:28698]' for 'POST' to 'http://localhost:28698/session/f746e3f7cbaf3568a26127c37c330d37/element'
[DEBUG] Using open Channel [id: 0x75e4c7ba, L:/127.0.0.1:55821 - R:localhost/127.0.0.1:28698] for POST '/session/f746e3f7cbaf3568a26127c37c330d37/element'
[DEBUG] 

Request DefaultHttpRequest(decodeResult: success, version: HTTP/1.1)
POST /session/f746e3f7cbaf3568a26127c37c330d37/element HTTP/1.1
User-Agent: selenium/4.8.3 (java windows)
Content-Length: 54
Content-Type: application/json; charset=utf-8
host: localhost:28698
accept: */*

Response DefaultHttpResponse(decodeResult: success, version: HTTP/1.1)
HTTP/1.1 200 OK
Content-Length: 88
Content-Type: application/json; charset=utf-8
cache-control: no-cache

[DEBUG] Adding key: http://localhost:28698 for channel [id: 0x75e4c7ba, L:/127.0.0.1:55821 - R:localhost/127.0.0.1:28698]
[DEBUG] Using pooled Channel '[id: 0x75e4c7ba, L:/127.0.0.1:55821 - R:localhost/127.0.0.1:28698]' for 'POST' to 'http://localhost:28698/session/f746e3f7cbaf3568a26127c37c330d37/execute/sync'
[DEBUG] Using open Channel [id: 0x75e4c7ba, L:/127.0.0.1:55821 - R:localhost/127.0.0.1:28698] for POST '/session/f746e3f7cbaf3568a26127c37c330d37/execute/sync'
[DEBUG] 

Request DefaultHttpRequest(decodeResult: success, version: HTTP/1.1)
POST /session/f746e3f7cbaf3568a26127c37c330d37/execute/sync HTTP/1.1
User-Agent: selenium/4.8.3 (java windows)
Content-Length: 48807
Content-Type: application/json; charset=utf-8
host: localhost:28698
accept: */*

Response DefaultHttpResponse(decodeResult: success, version: HTTP/1.1)
HTTP/1.1 200 OK
Content-Length: 14
Content-Type: application/json; charset=utf-8
cache-control: no-cache

[DEBUG] Adding key: http://localhost:28698 for channel [id: 0x75e4c7ba, L:/127.0.0.1:55821 - R:localhost/127.0.0.1:28698]
]]></system-out>
    <system-err><![CDATA[Starting ChromeDriver 111.0.5563.64 (c710e93d5b63b7095afe8c2c17df34408078439d-refs/branch-heads/5563@{#995}) on port 28698
Only local connections are allowed.
Please see https://chromedriver.chromium.org/security-considerations for suggestions on keeping ChromeDriver safe.
ChromeDriver was started successfully.
]]></system-err>
  </testcase>
  <testcase name="verifyRediffLoginWithValidUsernameAndValidPassword[seleniumpanda1@rediffmail.com, Donkey@123](2)" classname="com.rediff.qa.testcases.LoginTest" time="6.067">
    <system-out><![CDATA[[DEBUG] Using pooled Channel '[id: 0x75e4c7ba, L:/127.0.0.1:55821 - R:localhost/127.0.0.1:28698]' for 'DELETE' to 'http://localhost:28698/session/f746e3f7cbaf3568a26127c37c330d37'
[DEBUG] Using open Channel [id: 0x75e4c7ba, L:/127.0.0.1:55821 - R:localhost/127.0.0.1:28698] for DELETE '/session/f746e3f7cbaf3568a26127c37c330d37'
[DEBUG] Channel Closed: [id: 0xb51647a9, L:/127.0.0.1:55829 ! R:localhost/127.0.0.1:55822] with attribute NettyResponseFuture{currentRetry=0,
	isDone=1,
	isCancelled=0,
	asyncHandler=org.asynchttpclient.ws.WebSocketUpgradeHandler@5ca3890c,
	nettyRequest=org.asynchttpclient.netty.request.NettyRequest@40074336,
	future=java.util.concurrent.CompletableFuture@20f94e8d[Completed normally],
	uri=ws://localhost:55822/devtools/browser/11179276-4be3-4901-bf9a-527fa9675939,
	keepAlive=true,
	redirectCount=0,
	timeoutsHolder=null,
	inAuth=0,
	touch=1680661512842}
[DEBUG] Closing Channel [id: 0xb51647a9, L:/127.0.0.1:55829 ! R:localhost/127.0.0.1:55822] 
[DEBUG] Unexpected I/O exception on channel [id: 0x00f38c36, L:/127.0.0.1:55828 - R:localhost/127.0.0.1:55822]
java.io.IOException: An existing connection was forcibly closed by the remote host
	at sun.nio.ch.SocketDispatcher.read0(Native Method) ~[na:1.8.0_351]
	at sun.nio.ch.SocketDispatcher.read(SocketDispatcher.java:43) ~[na:1.8.0_351]
	at sun.nio.ch.IOUtil.readIntoNativeBuffer(IOUtil.java:223) ~[na:1.8.0_351]
	at sun.nio.ch.IOUtil.read(IOUtil.java:192) ~[na:1.8.0_351]
	at sun.nio.ch.SocketChannelImpl.read(SocketChannelImpl.java:378) ~[na:1.8.0_351]
	at io.netty.buffer.PooledByteBuf.setBytes(PooledByteBuf.java:256) ~[netty-buffer-4.1.90.Final.jar:4.1.90.Final]
	at io.netty.buffer.AbstractByteBuf.writeBytes(AbstractByteBuf.java:1132) ~[netty-buffer-4.1.90.Final.jar:4.1.90.Final]
	at io.netty.channel.socket.nio.NioSocketChannel.doReadBytes(NioSocketChannel.java:357) ~[netty-transport-4.1.90.Final.jar:4.1.90.Final]
	at io.netty.channel.nio.AbstractNioByteChannel$NioByteUnsafe.read(AbstractNioByteChannel.java:151) ~[netty-transport-4.1.90.Final.jar:4.1.90.Final]
	at io.netty.channel.nio.NioEventLoop.processSelectedKey(NioEventLoop.java:788) [netty-transport-4.1.90.Final.jar:4.1.90.Final]
	at io.netty.channel.nio.NioEventLoop.processSelectedKeysOptimized(NioEventLoop.java:724) [netty-transport-4.1.90.Final.jar:4.1.90.Final]
	at io.netty.channel.nio.NioEventLoop.processSelectedKeys(NioEventLoop.java:650) [netty-transport-4.1.90.Final.jar:4.1.90.Final]
	at io.netty.channel.nio.NioEventLoop.run(NioEventLoop.java:562) [netty-transport-4.1.90.Final.jar:4.1.90.Final]
	at io.netty.util.concurrent.SingleThreadEventExecutor$4.run(SingleThreadEventExecutor.java:997) [netty-common-4.1.90.Final.jar:4.1.90.Final]
	at io.netty.util.internal.ThreadExecutorMap$2.run(ThreadExecutorMap.java:74) [netty-common-4.1.90.Final.jar:4.1.90.Final]
	at io.netty.util.concurrent.FastThreadLocalRunnable.run(FastThreadLocalRunnable.java:30) [netty-common-4.1.90.Final.jar:4.1.90.Final]
	at java.lang.Thread.run(Thread.java:750) [na:1.8.0_351]
[DEBUG] Closing Channel [id: 0x00f38c36, L:/127.0.0.1:55828 - R:localhost/127.0.0.1:55822] 
[DEBUG] Channel Closed: [id: 0x00f38c36, L:/127.0.0.1:55828 ! R:localhost/127.0.0.1:55822] with attribute DISCARD
[DEBUG] 

Request DefaultFullHttpRequest(decodeResult: success, version: HTTP/1.1, content: EmptyByteBufBE)
DELETE /session/f746e3f7cbaf3568a26127c37c330d37 HTTP/1.1
User-Agent: selenium/4.8.3 (java windows)
Content-Type: application/json; charset=utf-8
host: localhost:28698
accept: */*

Response DefaultHttpResponse(decodeResult: success, version: HTTP/1.1)
HTTP/1.1 200 OK
Content-Length: 14
Content-Type: application/json; charset=utf-8
cache-control: no-cache

[DEBUG] Adding key: http://localhost:28698 for channel [id: 0x75e4c7ba, L:/127.0.0.1:55821 - R:localhost/127.0.0.1:28698]
[DEBUG] Channel Closed: [id: 0x75e4c7ba, L:/127.0.0.1:55821 ! R:localhost/127.0.0.1:28698] with attribute DISCARD
[DEBUG] Using new Channel '[id: 0xe1674df8, L:/127.0.0.1:55981 - R:localhost/127.0.0.1:22419]' for 'POST' to '/session'
[DEBUG] Entry count for : http://localhost:55822 : 1
[DEBUG] Entry count for : http://localhost:28698 : 1
[DEBUG] Adding Candidate expired Channel [id: 0x00f38c36, L:/127.0.0.1:55828 ! R:localhost/127.0.0.1:55822] isIdleTimeoutExpired=false isRemotelyClosed=true isTtlExpired=false
[DEBUG] Closing Idle Channel [id: 0x00f38c36, L:/127.0.0.1:55828 ! R:localhost/127.0.0.1:55822]
[DEBUG] Adding Candidate expired Channel [id: 0x75e4c7ba, L:/127.0.0.1:55821 ! R:localhost/127.0.0.1:28698] isIdleTimeoutExpired=false isRemotelyClosed=true isTtlExpired=false
[DEBUG] Closing Idle Channel [id: 0x75e4c7ba, L:/127.0.0.1:55821 ! R:localhost/127.0.0.1:28698]
[DEBUG] Closed 2 connections out of 2 in 0 ms
[DEBUG] 

Request DefaultHttpRequest(decodeResult: success, version: HTTP/1.1)
POST /session HTTP/1.1
User-Agent: selenium/4.8.3 (java windows)
Content-Length: 439
Content-Type: application/json; charset=utf-8
host: localhost:22419
accept: */*

Response DefaultHttpResponse(decodeResult: success, version: HTTP/1.1)
HTTP/1.1 200 OK
Content-Length: 860
Content-Type: application/json; charset=utf-8
cache-control: no-cache

[DEBUG] Adding key: http://localhost:22419 for channel [id: 0xe1674df8, L:/127.0.0.1:55981 - R:localhost/127.0.0.1:22419]
[DEBUG] Using new Channel '[id: 0x8d5bc619, L:/127.0.0.1:55988 - R:localhost/127.0.0.1:55982]' for 'GET' to '/json/version'
[DEBUG] 

Request DefaultFullHttpRequest(decodeResult: success, version: HTTP/1.1, content: EmptyByteBufBE)
GET /json/version HTTP/1.1
User-Agent: selenium/4.8.3 (java windows)
host: localhost:55982
accept: */*

Response DefaultHttpResponse(decodeResult: success, version: HTTP/1.1)
HTTP/1.1 200 OK
Content-Security-Policy: frame-ancestors 'none'
Content-Length: 424
Content-Type: application/json; charset=UTF-8

[DEBUG] Adding key: http://localhost:55982 for channel [id: 0x8d5bc619, L:/127.0.0.1:55988 - R:localhost/127.0.0.1:55982]
[DEBUG] Using new Channel '[id: 0xdbad1d6c, L:/127.0.0.1:55989 - R:localhost/127.0.0.1:55982]' for 'GET' to '/devtools/browser/2d4fa16e-bfcb-4f80-8832-2b4161d67cc2'
[DEBUG] 

Request DefaultFullHttpRequest(decodeResult: success, version: HTTP/1.1, content: EmptyByteBufBE)
GET /devtools/browser/2d4fa16e-bfcb-4f80-8832-2b4161d67cc2 HTTP/1.1
upgrade: websocket
connection: upgrade
sec-websocket-key: lem8hRhJQTH0QoQuYWvoeQ==
sec-websocket-version: 13
origin: http://localhost:55982
host: localhost:55982
accept: */*
user-agent: AHC/2.1

Response DefaultHttpResponse(decodeResult: success, version: HTTP/1.1)
HTTP/1.1 101 WebSocket Protocol Handshake
Upgrade: WebSocket
Connection: Upgrade
Sec-WebSocket-Accept: j8J/0JmNQJvKK11P5iw7OlWrlmk=

[DEBUG] Using pooled Channel '[id: 0xe1674df8, L:/127.0.0.1:55981 - R:localhost/127.0.0.1:22419]' for 'POST' to 'http://localhost:22419/session/fdeee68c5a8427b06357474e8b233096/window/maximize'
[DEBUG] Using open Channel [id: 0xe1674df8, L:/127.0.0.1:55981 - R:localhost/127.0.0.1:22419] for POST '/session/fdeee68c5a8427b06357474e8b233096/window/maximize'
[DEBUG] 

Request DefaultHttpRequest(decodeResult: success, version: HTTP/1.1)
POST /session/fdeee68c5a8427b06357474e8b233096/window/maximize HTTP/1.1
User-Agent: selenium/4.8.3 (java windows)
Content-Length: 3
Content-Type: application/json; charset=utf-8
host: localhost:22419
accept: */*

Response DefaultHttpResponse(decodeResult: success, version: HTTP/1.1)
HTTP/1.1 200 OK
Content-Length: 52
Content-Type: application/json; charset=utf-8
cache-control: no-cache

[DEBUG] Adding key: http://localhost:22419 for channel [id: 0xe1674df8, L:/127.0.0.1:55981 - R:localhost/127.0.0.1:22419]
[DEBUG] Using pooled Channel '[id: 0xe1674df8, L:/127.0.0.1:55981 - R:localhost/127.0.0.1:22419]' for 'DELETE' to 'http://localhost:22419/session/fdeee68c5a8427b06357474e8b233096/cookie'
[DEBUG] Using open Channel [id: 0xe1674df8, L:/127.0.0.1:55981 - R:localhost/127.0.0.1:22419] for DELETE '/session/fdeee68c5a8427b06357474e8b233096/cookie'
[DEBUG] 

Request DefaultFullHttpRequest(decodeResult: success, version: HTTP/1.1, content: EmptyByteBufBE)
DELETE /session/fdeee68c5a8427b06357474e8b233096/cookie HTTP/1.1
User-Agent: selenium/4.8.3 (java windows)
Content-Type: application/json; charset=utf-8
host: localhost:22419
accept: */*

Response DefaultHttpResponse(decodeResult: success, version: HTTP/1.1)
HTTP/1.1 200 OK
Content-Length: 14
Content-Type: application/json; charset=utf-8
cache-control: no-cache

[DEBUG] Adding key: http://localhost:22419 for channel [id: 0xe1674df8, L:/127.0.0.1:55981 - R:localhost/127.0.0.1:22419]
[DEBUG] Using pooled Channel '[id: 0xe1674df8, L:/127.0.0.1:55981 - R:localhost/127.0.0.1:22419]' for 'POST' to 'http://localhost:22419/session/fdeee68c5a8427b06357474e8b233096/timeouts'
[DEBUG] Using open Channel [id: 0xe1674df8, L:/127.0.0.1:55981 - R:localhost/127.0.0.1:22419] for POST '/session/fdeee68c5a8427b06357474e8b233096/timeouts'
[DEBUG] 

Request DefaultHttpRequest(decodeResult: success, version: HTTP/1.1)
POST /session/fdeee68c5a8427b06357474e8b233096/timeouts HTTP/1.1
User-Agent: selenium/4.8.3 (java windows)
Content-Length: 23
Content-Type: application/json; charset=utf-8
host: localhost:22419
accept: */*

Response DefaultHttpResponse(decodeResult: success, version: HTTP/1.1)
HTTP/1.1 200 OK
Content-Length: 14
Content-Type: application/json; charset=utf-8
cache-control: no-cache

[DEBUG] Adding key: http://localhost:22419 for channel [id: 0xe1674df8, L:/127.0.0.1:55981 - R:localhost/127.0.0.1:22419]
[DEBUG] Using pooled Channel '[id: 0xe1674df8, L:/127.0.0.1:55981 - R:localhost/127.0.0.1:22419]' for 'POST' to 'http://localhost:22419/session/fdeee68c5a8427b06357474e8b233096/timeouts'
[DEBUG] Using open Channel [id: 0xe1674df8, L:/127.0.0.1:55981 - R:localhost/127.0.0.1:22419] for POST '/session/fdeee68c5a8427b06357474e8b233096/timeouts'
[DEBUG] 

Request DefaultHttpRequest(decodeResult: success, version: HTTP/1.1)
POST /session/fdeee68c5a8427b06357474e8b233096/timeouts HTTP/1.1
User-Agent: selenium/4.8.3 (java windows)
Content-Length: 23
Content-Type: application/json; charset=utf-8
host: localhost:22419
accept: */*

Response DefaultHttpResponse(decodeResult: success, version: HTTP/1.1)
HTTP/1.1 200 OK
Content-Length: 14
Content-Type: application/json; charset=utf-8
cache-control: no-cache

[DEBUG] Adding key: http://localhost:22419 for channel [id: 0xe1674df8, L:/127.0.0.1:55981 - R:localhost/127.0.0.1:22419]
[DEBUG] Using pooled Channel '[id: 0xe1674df8, L:/127.0.0.1:55981 - R:localhost/127.0.0.1:22419]' for 'POST' to 'http://localhost:22419/session/fdeee68c5a8427b06357474e8b233096/timeouts'
[DEBUG] Using open Channel [id: 0xe1674df8, L:/127.0.0.1:55981 - R:localhost/127.0.0.1:22419] for POST '/session/fdeee68c5a8427b06357474e8b233096/timeouts'
[DEBUG] 

Request DefaultHttpRequest(decodeResult: success, version: HTTP/1.1)
POST /session/fdeee68c5a8427b06357474e8b233096/timeouts HTTP/1.1
User-Agent: selenium/4.8.3 (java windows)
Content-Length: 22
Content-Type: application/json; charset=utf-8
host: localhost:22419
accept: */*

Response DefaultHttpResponse(decodeResult: success, version: HTTP/1.1)
HTTP/1.1 200 OK
Content-Length: 14
Content-Type: application/json; charset=utf-8
cache-control: no-cache

[DEBUG] Adding key: http://localhost:22419 for channel [id: 0xe1674df8, L:/127.0.0.1:55981 - R:localhost/127.0.0.1:22419]
[DEBUG] Using pooled Channel '[id: 0xe1674df8, L:/127.0.0.1:55981 - R:localhost/127.0.0.1:22419]' for 'POST' to 'http://localhost:22419/session/fdeee68c5a8427b06357474e8b233096/url'
[DEBUG] Using open Channel [id: 0xe1674df8, L:/127.0.0.1:55981 - R:localhost/127.0.0.1:22419] for POST '/session/fdeee68c5a8427b06357474e8b233096/url'
[DEBUG] Entry count for : http://localhost:55982 : 1
[DEBUG] 

Request DefaultHttpRequest(decodeResult: success, version: HTTP/1.1)
POST /session/fdeee68c5a8427b06357474e8b233096/url HTTP/1.1
User-Agent: selenium/4.8.3 (java windows)
Content-Length: 43
Content-Type: application/json; charset=utf-8
host: localhost:22419
accept: */*

Response DefaultHttpResponse(decodeResult: success, version: HTTP/1.1)
HTTP/1.1 200 OK
Content-Length: 14
Content-Type: application/json; charset=utf-8
cache-control: no-cache

[DEBUG] Adding key: http://localhost:22419 for channel [id: 0xe1674df8, L:/127.0.0.1:55981 - R:localhost/127.0.0.1:22419]
[DEBUG] Using pooled Channel '[id: 0xe1674df8, L:/127.0.0.1:55981 - R:localhost/127.0.0.1:22419]' for 'POST' to 'http://localhost:22419/session/fdeee68c5a8427b06357474e8b233096/element'
[DEBUG] Using open Channel [id: 0xe1674df8, L:/127.0.0.1:55981 - R:localhost/127.0.0.1:22419] for POST '/session/fdeee68c5a8427b06357474e8b233096/element'
[DEBUG] Entry count for : http://localhost:55982 : 1
[DEBUG] 

Request DefaultHttpRequest(decodeResult: success, version: HTTP/1.1)
POST /session/fdeee68c5a8427b06357474e8b233096/element HTTP/1.1
User-Agent: selenium/4.8.3 (java windows)
Content-Length: 51
Content-Type: application/json; charset=utf-8
host: localhost:22419
accept: */*

Response DefaultHttpResponse(decodeResult: success, version: HTTP/1.1)
HTTP/1.1 200 OK
Content-Length: 88
Content-Type: application/json; charset=utf-8
cache-control: no-cache

[DEBUG] Adding key: http://localhost:22419 for channel [id: 0xe1674df8, L:/127.0.0.1:55981 - R:localhost/127.0.0.1:22419]
[DEBUG] Using pooled Channel '[id: 0xe1674df8, L:/127.0.0.1:55981 - R:localhost/127.0.0.1:22419]' for 'POST' to 'http://localhost:22419/session/fdeee68c5a8427b06357474e8b233096/element/d3a221cc-c732-4b80-aa27-90bb2de65795/click'
[DEBUG] Using open Channel [id: 0xe1674df8, L:/127.0.0.1:55981 - R:localhost/127.0.0.1:22419] for POST '/session/fdeee68c5a8427b06357474e8b233096/element/d3a221cc-c732-4b80-aa27-90bb2de65795/click'
[DEBUG] Entry count for : http://localhost:55982 : 1
[DEBUG] 

Request DefaultHttpRequest(decodeResult: success, version: HTTP/1.1)
POST /session/fdeee68c5a8427b06357474e8b233096/element/d3a221cc-c732-4b80-aa27-90bb2de65795/click HTTP/1.1
User-Agent: selenium/4.8.3 (java windows)
Content-Length: 50
Content-Type: application/json; charset=utf-8
host: localhost:22419
accept: */*

Response DefaultHttpResponse(decodeResult: success, version: HTTP/1.1)
HTTP/1.1 200 OK
Content-Length: 14
Content-Type: application/json; charset=utf-8
cache-control: no-cache

[DEBUG] Adding key: http://localhost:22419 for channel [id: 0xe1674df8, L:/127.0.0.1:55981 - R:localhost/127.0.0.1:22419]
[DEBUG] Entry count for : http://localhost:22419 : 1
[DEBUG] Entry count for : http://localhost:55982 : 1
[DEBUG] Using pooled Channel '[id: 0xe1674df8, L:/127.0.0.1:55981 - R:localhost/127.0.0.1:22419]' for 'POST' to 'http://localhost:22419/session/fdeee68c5a8427b06357474e8b233096/element'
[DEBUG] Using open Channel [id: 0xe1674df8, L:/127.0.0.1:55981 - R:localhost/127.0.0.1:22419] for POST '/session/fdeee68c5a8427b06357474e8b233096/element'
[DEBUG] 

Request DefaultHttpRequest(decodeResult: success, version: HTTP/1.1)
POST /session/fdeee68c5a8427b06357474e8b233096/element HTTP/1.1
User-Agent: selenium/4.8.3 (java windows)
Content-Length: 51
Content-Type: application/json; charset=utf-8
host: localhost:22419
accept: */*

Response DefaultHttpResponse(decodeResult: success, version: HTTP/1.1)
HTTP/1.1 200 OK
Content-Length: 88
Content-Type: application/json; charset=utf-8
cache-control: no-cache

[DEBUG] Adding key: http://localhost:22419 for channel [id: 0xe1674df8, L:/127.0.0.1:55981 - R:localhost/127.0.0.1:22419]
[DEBUG] Using pooled Channel '[id: 0xe1674df8, L:/127.0.0.1:55981 - R:localhost/127.0.0.1:22419]' for 'POST' to 'http://localhost:22419/session/fdeee68c5a8427b06357474e8b233096/element/83c50e07-93e2-41f6-bfc8-ee31635a8357/value'
[DEBUG] Using open Channel [id: 0xe1674df8, L:/127.0.0.1:55981 - R:localhost/127.0.0.1:22419] for POST '/session/fdeee68c5a8427b06357474e8b233096/element/83c50e07-93e2-41f6-bfc8-ee31635a8357/value'
[DEBUG] 

Request DefaultHttpRequest(decodeResult: success, version: HTTP/1.1)
POST /session/fdeee68c5a8427b06357474e8b233096/element/83c50e07-93e2-41f6-bfc8-ee31635a8357/value HTTP/1.1
User-Agent: selenium/4.8.3 (java windows)
Content-Length: 371
Content-Type: application/json; charset=utf-8
host: localhost:22419
accept: */*

Response DefaultHttpResponse(decodeResult: success, version: HTTP/1.1)
HTTP/1.1 200 OK
Content-Length: 14
Content-Type: application/json; charset=utf-8
cache-control: no-cache

[DEBUG] Adding key: http://localhost:22419 for channel [id: 0xe1674df8, L:/127.0.0.1:55981 - R:localhost/127.0.0.1:22419]
[DEBUG] Using pooled Channel '[id: 0xe1674df8, L:/127.0.0.1:55981 - R:localhost/127.0.0.1:22419]' for 'POST' to 'http://localhost:22419/session/fdeee68c5a8427b06357474e8b233096/element'
[DEBUG] Using open Channel [id: 0xe1674df8, L:/127.0.0.1:55981 - R:localhost/127.0.0.1:22419] for POST '/session/fdeee68c5a8427b06357474e8b233096/element'
[DEBUG] 

Request DefaultHttpRequest(decodeResult: success, version: HTTP/1.1)
POST /session/fdeee68c5a8427b06357474e8b233096/element HTTP/1.1
User-Agent: selenium/4.8.3 (java windows)
Content-Length: 53
Content-Type: application/json; charset=utf-8
host: localhost:22419
accept: */*

Response DefaultHttpResponse(decodeResult: success, version: HTTP/1.1)
HTTP/1.1 200 OK
Content-Length: 88
Content-Type: application/json; charset=utf-8
cache-control: no-cache

[DEBUG] Adding key: http://localhost:22419 for channel [id: 0xe1674df8, L:/127.0.0.1:55981 - R:localhost/127.0.0.1:22419]
[DEBUG] Using pooled Channel '[id: 0xe1674df8, L:/127.0.0.1:55981 - R:localhost/127.0.0.1:22419]' for 'POST' to 'http://localhost:22419/session/fdeee68c5a8427b06357474e8b233096/element/a8dcd6c5-fd4c-4700-bb92-a6da014bcf9f/value'
[DEBUG] Using open Channel [id: 0xe1674df8, L:/127.0.0.1:55981 - R:localhost/127.0.0.1:22419] for POST '/session/fdeee68c5a8427b06357474e8b233096/element/a8dcd6c5-fd4c-4700-bb92-a6da014bcf9f/value'
[DEBUG] 

Request DefaultHttpRequest(decodeResult: success, version: HTTP/1.1)
POST /session/fdeee68c5a8427b06357474e8b233096/element/a8dcd6c5-fd4c-4700-bb92-a6da014bcf9f/value HTTP/1.1
User-Agent: selenium/4.8.3 (java windows)
Content-Length: 181
Content-Type: application/json; charset=utf-8
host: localhost:22419
accept: */*

Response DefaultHttpResponse(decodeResult: success, version: HTTP/1.1)
HTTP/1.1 200 OK
Content-Length: 14
Content-Type: application/json; charset=utf-8
cache-control: no-cache

[DEBUG] Adding key: http://localhost:22419 for channel [id: 0xe1674df8, L:/127.0.0.1:55981 - R:localhost/127.0.0.1:22419]
[DEBUG] Using pooled Channel '[id: 0xe1674df8, L:/127.0.0.1:55981 - R:localhost/127.0.0.1:22419]' for 'POST' to 'http://localhost:22419/session/fdeee68c5a8427b06357474e8b233096/element'
[DEBUG] Using open Channel [id: 0xe1674df8, L:/127.0.0.1:55981 - R:localhost/127.0.0.1:22419] for POST '/session/fdeee68c5a8427b06357474e8b233096/element'
[DEBUG] 

Request DefaultHttpRequest(decodeResult: success, version: HTTP/1.1)
POST /session/fdeee68c5a8427b06357474e8b233096/element HTTP/1.1
User-Agent: selenium/4.8.3 (java windows)
Content-Length: 54
Content-Type: application/json; charset=utf-8
host: localhost:22419
accept: */*

Response DefaultHttpResponse(decodeResult: success, version: HTTP/1.1)
HTTP/1.1 200 OK
Content-Length: 88
Content-Type: application/json; charset=utf-8
cache-control: no-cache

[DEBUG] Adding key: http://localhost:22419 for channel [id: 0xe1674df8, L:/127.0.0.1:55981 - R:localhost/127.0.0.1:22419]
[DEBUG] Using pooled Channel '[id: 0xe1674df8, L:/127.0.0.1:55981 - R:localhost/127.0.0.1:22419]' for 'POST' to 'http://localhost:22419/session/fdeee68c5a8427b06357474e8b233096/element/fdc3b454-3974-4962-8a8b-ad3533e8e9c3/click'
[DEBUG] Using open Channel [id: 0xe1674df8, L:/127.0.0.1:55981 - R:localhost/127.0.0.1:22419] for POST '/session/fdeee68c5a8427b06357474e8b233096/element/fdc3b454-3974-4962-8a8b-ad3533e8e9c3/click'
[DEBUG] Entry count for : http://localhost:55982 : 1
[DEBUG] Entry count for : http://localhost:55982 : 1
[DEBUG] Entry count for : http://localhost:55982 : 1
[DEBUG] Entry count for : http://localhost:55982 : 1
[DEBUG] 

Request DefaultHttpRequest(decodeResult: success, version: HTTP/1.1)
POST /session/fdeee68c5a8427b06357474e8b233096/element/fdc3b454-3974-4962-8a8b-ad3533e8e9c3/click HTTP/1.1
User-Agent: selenium/4.8.3 (java windows)
Content-Length: 50
Content-Type: application/json; charset=utf-8
host: localhost:22419
accept: */*

Response DefaultHttpResponse(decodeResult: success, version: HTTP/1.1)
HTTP/1.1 200 OK
Content-Length: 14
Content-Type: application/json; charset=utf-8
cache-control: no-cache

[DEBUG] Adding key: http://localhost:22419 for channel [id: 0xe1674df8, L:/127.0.0.1:55981 - R:localhost/127.0.0.1:22419]
[DEBUG] Using pooled Channel '[id: 0xe1674df8, L:/127.0.0.1:55981 - R:localhost/127.0.0.1:22419]' for 'POST' to 'http://localhost:22419/session/fdeee68c5a8427b06357474e8b233096/element'
[DEBUG] Using open Channel [id: 0xe1674df8, L:/127.0.0.1:55981 - R:localhost/127.0.0.1:22419] for POST '/session/fdeee68c5a8427b06357474e8b233096/element'
[DEBUG] 

Request DefaultHttpRequest(decodeResult: success, version: HTTP/1.1)
POST /session/fdeee68c5a8427b06357474e8b233096/element HTTP/1.1
User-Agent: selenium/4.8.3 (java windows)
Content-Length: 54
Content-Type: application/json; charset=utf-8
host: localhost:22419
accept: */*

Response DefaultHttpResponse(decodeResult: success, version: HTTP/1.1)
HTTP/1.1 200 OK
Content-Length: 88
Content-Type: application/json; charset=utf-8
cache-control: no-cache

[DEBUG] Adding key: http://localhost:22419 for channel [id: 0xe1674df8, L:/127.0.0.1:55981 - R:localhost/127.0.0.1:22419]
[DEBUG] Using pooled Channel '[id: 0xe1674df8, L:/127.0.0.1:55981 - R:localhost/127.0.0.1:22419]' for 'POST' to 'http://localhost:22419/session/fdeee68c5a8427b06357474e8b233096/execute/sync'
[DEBUG] Using open Channel [id: 0xe1674df8, L:/127.0.0.1:55981 - R:localhost/127.0.0.1:22419] for POST '/session/fdeee68c5a8427b06357474e8b233096/execute/sync'
[DEBUG] 

Request DefaultHttpRequest(decodeResult: success, version: HTTP/1.1)
POST /session/fdeee68c5a8427b06357474e8b233096/execute/sync HTTP/1.1
User-Agent: selenium/4.8.3 (java windows)
Content-Length: 48807
Content-Type: application/json; charset=utf-8
host: localhost:22419
accept: */*

Response DefaultHttpResponse(decodeResult: success, version: HTTP/1.1)
HTTP/1.1 200 OK
Content-Length: 14
Content-Type: application/json; charset=utf-8
cache-control: no-cache

[DEBUG] Adding key: http://localhost:22419 for channel [id: 0xe1674df8, L:/127.0.0.1:55981 - R:localhost/127.0.0.1:22419]
]]></system-out>
    <system-err><![CDATA[Starting ChromeDriver 111.0.5563.64 (c710e93d5b63b7095afe8c2c17df34408078439d-refs/branch-heads/5563@{#995}) on port 22419
Only local connections are allowed.
Please see https://chromedriver.chromium.org/security-considerations for suggestions on keeping ChromeDriver safe.
ChromeDriver was started successfully.
]]></system-err>
  </testcase>
  <testcase name="verifyRediffLoginWithValidUsernameAndValidPassword[seleniumpanda2@rediffmail.com, Donkey@123](3)" classname="com.rediff.qa.testcases.LoginTest" time="11.609">
    <failure message="no such element: Unable to locate element: {&quot;method&quot;:&quot;css selector&quot;,&quot;selector&quot;:&quot;.rd_logout&quot;}&#10;  (Session info: chrome=111.0.5563.147)&#10;For documentation on this error, please visit: https://selenium.dev/exceptions/#no_such_element&#10;Build info: version: &apos;4.8.3&apos;, revision: &apos;e5e76298c3&apos;&#10;System info: os.name: &apos;Windows 11&apos;, os.arch: &apos;amd64&apos;, os.version: &apos;10.0&apos;, java.version: &apos;1.8.0_351&apos;&#10;Driver info: org.openqa.selenium.chrome.ChromeDriver&#10;Command: [b91b1a4ed665033e2beec1ecee348c1f, findElement {using=class name, value=rd_logout}]&#10;Capabilities {acceptInsecureCerts: false, browserName: chrome, browserVersion: 111.0.5563.147, chrome: {chromedriverVersion: 111.0.5563.64 (c710e93d5b63..., userDataDir: C:\Users\autom\AppData\Loca...}, goog:chromeOptions: {debuggerAddress: localhost:56223}, networkConnectionEnabled: false, pageLoadStrategy: normal, platformName: WINDOWS, proxy: Proxy(), se:cdp: ws://localhost:56223/devtoo..., se:cdpVersion: 111.0.5563.147, setWindowRect: true, strictFileInteractability: false, timeouts: {implicit: 0, pageLoad: 300000, script: 30000}, unhandledPromptBehavior: dismiss and notify, webauthn:extension:credBlob: true, webauthn:extension:largeBlob: true, webauthn:extension:minPinLength: true, webauthn:extension:prf: true, webauthn:virtualAuthenticators: true}&#10;Session ID: b91b1a4ed665033e2beec1ecee348c1f" type="org.openqa.selenium.NoSuchElementException"><![CDATA[org.openqa.selenium.NoSuchElementException: 
no such element: Unable to locate element: {"method":"css selector","selector":".rd_logout"}
  (Session info: chrome=111.0.5563.147)
For documentation on this error, please visit: https://selenium.dev/exceptions/#no_such_element
Build info: version: '4.8.3', revision: 'e5e76298c3'
System info: os.name: 'Windows 11', os.arch: 'amd64', os.version: '10.0', java.version: '1.8.0_351'
Driver info: org.openqa.selenium.chrome.ChromeDriver
Command: [b91b1a4ed665033e2beec1ecee348c1f, findElement {using=class name, value=rd_logout}]
Capabilities {acceptInsecureCerts: false, browserName: chrome, browserVersion: 111.0.5563.147, chrome: {chromedriverVersion: 111.0.5563.64 (c710e93d5b63..., userDataDir: C:\Users\autom\AppData\Loca...}, goog:chromeOptions: {debuggerAddress: localhost:56223}, networkConnectionEnabled: false, pageLoadStrategy: normal, platformName: WINDOWS, proxy: Proxy(), se:cdp: ws://localhost:56223/devtoo..., se:cdpVersion: 111.0.5563.147, setWindowRect: true, strictFileInteractability: false, timeouts: {implicit: 0, pageLoad: 300000, script: 30000}, unhandledPromptBehavior: dismiss and notify, webauthn:extension:credBlob: true, webauthn:extension:largeBlob: true, webauthn:extension:minPinLength: true, webauthn:extension:prf: true, webauthn:virtualAuthenticators: true}
Session ID: b91b1a4ed665033e2beec1ecee348c1f
	at sun.reflect.NativeConstructorAccessorImpl.newInstance0(Native Method)
	at sun.reflect.NativeConstructorAccessorImpl.newInstance(NativeConstructorAccessorImpl.java:62)
	at sun.reflect.DelegatingConstructorAccessorImpl.newInstance(DelegatingConstructorAccessorImpl.java:45)
	at java.lang.reflect.Constructor.newInstance(Constructor.java:423)
	at org.openqa.selenium.remote.codec.w3c.W3CHttpResponseCodec.createException(W3CHttpResponseCodec.java:200)
	at org.openqa.selenium.remote.codec.w3c.W3CHttpResponseCodec.decode(W3CHttpResponseCodec.java:133)
	at org.openqa.selenium.remote.codec.w3c.W3CHttpResponseCodec.decode(W3CHttpResponseCodec.java:53)
	at org.openqa.selenium.remote.HttpCommandExecutor.execute(HttpCommandExecutor.java:193)
	at org.openqa.selenium.remote.service.DriverCommandExecutor.invokeExecute(DriverCommandExecutor.java:183)
	at org.openqa.selenium.remote.service.DriverCommandExecutor.execute(DriverCommandExecutor.java:158)
	at org.openqa.selenium.remote.RemoteWebDriver.execute(RemoteWebDriver.java:543)
	at org.openqa.selenium.remote.ElementLocation$ElementFinder$2.findElement(ElementLocation.java:162)
	at org.openqa.selenium.remote.ElementLocation.findElement(ElementLocation.java:60)
	at org.openqa.selenium.remote.RemoteWebDriver.findElement(RemoteWebDriver.java:352)
	at org.openqa.selenium.remote.RemoteWebDriver.findElement(RemoteWebDriver.java:344)
	at com.rediff.qa.testcases.LoginTest.verifyRediffLoginWithValidUsernameAndValidPassword(LoginTest.java:38)
	at sun.reflect.NativeMethodAccessorImpl.invoke0(Native Method)
	at sun.reflect.NativeMethodAccessorImpl.invoke(NativeMethodAccessorImpl.java:62)
	at sun.reflect.DelegatingMethodAccessorImpl.invoke(DelegatingMethodAccessorImpl.java:43)
	at java.lang.reflect.Method.invoke(Method.java:498)
	at org.testng.internal.MethodInvocationHelper.invokeMethod(MethodInvocationHelper.java:124)
	at org.testng.internal.Invoker.invokeMethod(Invoker.java:583)
	at org.testng.internal.Invoker.invokeTestMethod(Invoker.java:719)
	at org.testng.internal.Invoker.invokeTestMethods(Invoker.java:989)
	at org.testng.internal.TestMethodWorker.invokeTestMethods(TestMethodWorker.java:125)
	at org.testng.internal.TestMethodWorker.run(TestMethodWorker.java:109)
	at org.testng.TestRunner.privateRun(TestRunner.java:648)
	at org.testng.TestRunner.run(TestRunner.java:505)
	at org.testng.SuiteRunner.runTest(SuiteRunner.java:455)
	at org.testng.SuiteRunner.runSequentially(SuiteRunner.java:450)
	at org.testng.SuiteRunner.privateRun(SuiteRunner.java:415)
	at org.testng.SuiteRunner.run(SuiteRunner.java:364)
	at org.testng.SuiteRunnerWorker.runSuite(SuiteRunnerWorker.java:52)
	at org.testng.SuiteRunnerWorker.run(SuiteRunnerWorker.java:84)
	at org.testng.TestNG.runSuitesSequentially(TestNG.java:1208)
	at org.testng.TestNG.runSuitesLocally(TestNG.java:1137)
	at org.testng.TestNG.runSuites(TestNG.java:1049)
	at org.testng.TestNG.run(TestNG.java:1017)
	at org.apache.maven.surefire.testng.TestNGExecutor.run(TestNGExecutor.java:324)
	at org.apache.maven.surefire.testng.TestNGXmlTestSuite.execute(TestNGXmlTestSuite.java:74)
	at org.apache.maven.surefire.testng.TestNGProvider.invoke(TestNGProvider.java:123)
	at org.apache.maven.surefire.booter.ForkedBooter.runSuitesInProcess(ForkedBooter.java:456)
	at org.apache.maven.surefire.booter.ForkedBooter.execute(ForkedBooter.java:169)
	at org.apache.maven.surefire.booter.ForkedBooter.run(ForkedBooter.java:595)
	at org.apache.maven.surefire.booter.ForkedBooter.main(ForkedBooter.java:581)
]]></failure>
    <system-out><![CDATA[[DEBUG] Channel Closed: [id: 0xdbad1d6c, L:/127.0.0.1:55989 ! R:localhost/127.0.0.1:55982] with attribute NettyResponseFuture{currentRetry=0,
	isDone=1,
	isCancelled=0,
	asyncHandler=org.asynchttpclient.ws.WebSocketUpgradeHandler@4ef0441b,
	nettyRequest=org.asynchttpclient.netty.request.NettyRequest@bf2d3a1,
	future=java.util.concurrent.CompletableFuture@e84c6c3[Completed normally],
	uri=ws://localhost:55982/devtools/browser/2d4fa16e-bfcb-4f80-8832-2b4161d67cc2,
	keepAlive=true,
	redirectCount=0,
	timeoutsHolder=null,
	inAuth=0,
	touch=1680661524280}
[DEBUG] Closing Channel [id: 0xdbad1d6c, L:/127.0.0.1:55989 ! R:localhost/127.0.0.1:55982] 
[DEBUG] Using pooled Channel '[id: 0xe1674df8, L:/127.0.0.1:55981 - R:localhost/127.0.0.1:22419]' for 'DELETE' to 'http://localhost:22419/session/fdeee68c5a8427b06357474e8b233096'
[DEBUG] Using open Channel [id: 0xe1674df8, L:/127.0.0.1:55981 - R:localhost/127.0.0.1:22419] for DELETE '/session/fdeee68c5a8427b06357474e8b233096'
[DEBUG] Unexpected I/O exception on channel [id: 0x8d5bc619, L:/127.0.0.1:55988 - R:localhost/127.0.0.1:55982]
java.io.IOException: An existing connection was forcibly closed by the remote host
	at sun.nio.ch.SocketDispatcher.read0(Native Method) ~[na:1.8.0_351]
	at sun.nio.ch.SocketDispatcher.read(SocketDispatcher.java:43) ~[na:1.8.0_351]
	at sun.nio.ch.IOUtil.readIntoNativeBuffer(IOUtil.java:223) ~[na:1.8.0_351]
	at sun.nio.ch.IOUtil.read(IOUtil.java:192) ~[na:1.8.0_351]
	at sun.nio.ch.SocketChannelImpl.read(SocketChannelImpl.java:378) ~[na:1.8.0_351]
	at io.netty.buffer.PooledByteBuf.setBytes(PooledByteBuf.java:256) ~[netty-buffer-4.1.90.Final.jar:4.1.90.Final]
	at io.netty.buffer.AbstractByteBuf.writeBytes(AbstractByteBuf.java:1132) ~[netty-buffer-4.1.90.Final.jar:4.1.90.Final]
	at io.netty.channel.socket.nio.NioSocketChannel.doReadBytes(NioSocketChannel.java:357) ~[netty-transport-4.1.90.Final.jar:4.1.90.Final]
	at io.netty.channel.nio.AbstractNioByteChannel$NioByteUnsafe.read(AbstractNioByteChannel.java:151) ~[netty-transport-4.1.90.Final.jar:4.1.90.Final]
	at io.netty.channel.nio.NioEventLoop.processSelectedKey(NioEventLoop.java:788) [netty-transport-4.1.90.Final.jar:4.1.90.Final]
	at io.netty.channel.nio.NioEventLoop.processSelectedKeysOptimized(NioEventLoop.java:724) [netty-transport-4.1.90.Final.jar:4.1.90.Final]
	at io.netty.channel.nio.NioEventLoop.processSelectedKeys(NioEventLoop.java:650) [netty-transport-4.1.90.Final.jar:4.1.90.Final]
	at io.netty.channel.nio.NioEventLoop.run(NioEventLoop.java:562) [netty-transport-4.1.90.Final.jar:4.1.90.Final]
	at io.netty.util.concurrent.SingleThreadEventExecutor$4.run(SingleThreadEventExecutor.java:997) [netty-common-4.1.90.Final.jar:4.1.90.Final]
	at io.netty.util.internal.ThreadExecutorMap$2.run(ThreadExecutorMap.java:74) [netty-common-4.1.90.Final.jar:4.1.90.Final]
	at io.netty.util.concurrent.FastThreadLocalRunnable.run(FastThreadLocalRunnable.java:30) [netty-common-4.1.90.Final.jar:4.1.90.Final]
	at java.lang.Thread.run(Thread.java:750) [na:1.8.0_351]
[DEBUG] Closing Channel [id: 0x8d5bc619, L:/127.0.0.1:55988 - R:localhost/127.0.0.1:55982] 
[DEBUG] Channel Closed: [id: 0x8d5bc619, L:/127.0.0.1:55988 ! R:localhost/127.0.0.1:55982] with attribute DISCARD
[DEBUG] 

Request DefaultFullHttpRequest(decodeResult: success, version: HTTP/1.1, content: EmptyByteBufBE)
DELETE /session/fdeee68c5a8427b06357474e8b233096 HTTP/1.1
User-Agent: selenium/4.8.3 (java windows)
Content-Type: application/json; charset=utf-8
host: localhost:22419
accept: */*

Response DefaultHttpResponse(decodeResult: success, version: HTTP/1.1)
HTTP/1.1 200 OK
Content-Length: 14
Content-Type: application/json; charset=utf-8
cache-control: no-cache

[DEBUG] Adding key: http://localhost:22419 for channel [id: 0xe1674df8, L:/127.0.0.1:55981 - R:localhost/127.0.0.1:22419]
[DEBUG] Channel Closed: [id: 0xe1674df8, L:/127.0.0.1:55981 ! R:localhost/127.0.0.1:22419] with attribute DISCARD
[DEBUG] Entry count for : http://localhost:22419 : 1
[DEBUG] Entry count for : http://localhost:55982 : 1
[DEBUG] Adding Candidate expired Channel [id: 0xe1674df8, L:/127.0.0.1:55981 ! R:localhost/127.0.0.1:22419] isIdleTimeoutExpired=false isRemotelyClosed=true isTtlExpired=false
[DEBUG] Closing Idle Channel [id: 0xe1674df8, L:/127.0.0.1:55981 ! R:localhost/127.0.0.1:22419]
[DEBUG] Adding Candidate expired Channel [id: 0x8d5bc619, L:/127.0.0.1:55988 ! R:localhost/127.0.0.1:55982] isIdleTimeoutExpired=false isRemotelyClosed=true isTtlExpired=false
[DEBUG] Closing Idle Channel [id: 0x8d5bc619, L:/127.0.0.1:55988 ! R:localhost/127.0.0.1:55982]
[DEBUG] Closed 2 connections out of 2 in 0 ms
[DEBUG] Using new Channel '[id: 0xa2de44a7, L:/127.0.0.1:56221 - R:localhost/127.0.0.1:41675]' for 'POST' to '/session'
[DEBUG] 

Request DefaultHttpRequest(decodeResult: success, version: HTTP/1.1)
POST /session HTTP/1.1
User-Agent: selenium/4.8.3 (java windows)
Content-Length: 439
Content-Type: application/json; charset=utf-8
host: localhost:41675
accept: */*

Response DefaultHttpResponse(decodeResult: success, version: HTTP/1.1)
HTTP/1.1 200 OK
Content-Length: 860
Content-Type: application/json; charset=utf-8
cache-control: no-cache

[DEBUG] Adding key: http://localhost:41675 for channel [id: 0xa2de44a7, L:/127.0.0.1:56221 - R:localhost/127.0.0.1:41675]
[DEBUG] Using new Channel '[id: 0xf23c6cce, L:/127.0.0.1:56229 - R:localhost/127.0.0.1:56223]' for 'GET' to '/json/version'
[DEBUG] 

Request DefaultFullHttpRequest(decodeResult: success, version: HTTP/1.1, content: EmptyByteBufBE)
GET /json/version HTTP/1.1
User-Agent: selenium/4.8.3 (java windows)
host: localhost:56223
accept: */*

Response DefaultHttpResponse(decodeResult: success, version: HTTP/1.1)
HTTP/1.1 200 OK
Content-Security-Policy: frame-ancestors 'none'
Content-Length: 424
Content-Type: application/json; charset=UTF-8

[DEBUG] Adding key: http://localhost:56223 for channel [id: 0xf23c6cce, L:/127.0.0.1:56229 - R:localhost/127.0.0.1:56223]
[DEBUG] Using new Channel '[id: 0x96e2c03c, L:/127.0.0.1:56230 - R:localhost/127.0.0.1:56223]' for 'GET' to '/devtools/browser/c4493811-6f93-4791-b413-a4abd91fc3d0'
[DEBUG] 

Request DefaultFullHttpRequest(decodeResult: success, version: HTTP/1.1, content: EmptyByteBufBE)
GET /devtools/browser/c4493811-6f93-4791-b413-a4abd91fc3d0 HTTP/1.1
upgrade: websocket
connection: upgrade
sec-websocket-key: sbCb78uN4gb4rGh2Skvmkw==
sec-websocket-version: 13
origin: http://localhost:56223
host: localhost:56223
accept: */*
user-agent: AHC/2.1

Response DefaultHttpResponse(decodeResult: success, version: HTTP/1.1)
HTTP/1.1 101 WebSocket Protocol Handshake
Upgrade: WebSocket
Connection: Upgrade
Sec-WebSocket-Accept: L8+DbVfeQvldENyWPSjr1PLesss=

[DEBUG] Using pooled Channel '[id: 0xa2de44a7, L:/127.0.0.1:56221 - R:localhost/127.0.0.1:41675]' for 'POST' to 'http://localhost:41675/session/b91b1a4ed665033e2beec1ecee348c1f/window/maximize'
[DEBUG] Using open Channel [id: 0xa2de44a7, L:/127.0.0.1:56221 - R:localhost/127.0.0.1:41675] for POST '/session/b91b1a4ed665033e2beec1ecee348c1f/window/maximize'
[DEBUG] 

Request DefaultHttpRequest(decodeResult: success, version: HTTP/1.1)
POST /session/b91b1a4ed665033e2beec1ecee348c1f/window/maximize HTTP/1.1
User-Agent: selenium/4.8.3 (java windows)
Content-Length: 3
Content-Type: application/json; charset=utf-8
host: localhost:41675
accept: */*

Response DefaultHttpResponse(decodeResult: success, version: HTTP/1.1)
HTTP/1.1 200 OK
Content-Length: 52
Content-Type: application/json; charset=utf-8
cache-control: no-cache

[DEBUG] Adding key: http://localhost:41675 for channel [id: 0xa2de44a7, L:/127.0.0.1:56221 - R:localhost/127.0.0.1:41675]
[DEBUG] Using pooled Channel '[id: 0xa2de44a7, L:/127.0.0.1:56221 - R:localhost/127.0.0.1:41675]' for 'DELETE' to 'http://localhost:41675/session/b91b1a4ed665033e2beec1ecee348c1f/cookie'
[DEBUG] Using open Channel [id: 0xa2de44a7, L:/127.0.0.1:56221 - R:localhost/127.0.0.1:41675] for DELETE '/session/b91b1a4ed665033e2beec1ecee348c1f/cookie'
[DEBUG] 

Request DefaultFullHttpRequest(decodeResult: success, version: HTTP/1.1, content: EmptyByteBufBE)
DELETE /session/b91b1a4ed665033e2beec1ecee348c1f/cookie HTTP/1.1
User-Agent: selenium/4.8.3 (java windows)
Content-Type: application/json; charset=utf-8
host: localhost:41675
accept: */*

Response DefaultHttpResponse(decodeResult: success, version: HTTP/1.1)
HTTP/1.1 200 OK
Content-Length: 14
Content-Type: application/json; charset=utf-8
cache-control: no-cache

[DEBUG] Adding key: http://localhost:41675 for channel [id: 0xa2de44a7, L:/127.0.0.1:56221 - R:localhost/127.0.0.1:41675]
[DEBUG] Using pooled Channel '[id: 0xa2de44a7, L:/127.0.0.1:56221 - R:localhost/127.0.0.1:41675]' for 'POST' to 'http://localhost:41675/session/b91b1a4ed665033e2beec1ecee348c1f/timeouts'
[DEBUG] Using open Channel [id: 0xa2de44a7, L:/127.0.0.1:56221 - R:localhost/127.0.0.1:41675] for POST '/session/b91b1a4ed665033e2beec1ecee348c1f/timeouts'
[DEBUG] 

Request DefaultHttpRequest(decodeResult: success, version: HTTP/1.1)
POST /session/b91b1a4ed665033e2beec1ecee348c1f/timeouts HTTP/1.1
User-Agent: selenium/4.8.3 (java windows)
Content-Length: 23
Content-Type: application/json; charset=utf-8
host: localhost:41675
accept: */*

Response DefaultHttpResponse(decodeResult: success, version: HTTP/1.1)
HTTP/1.1 200 OK
Content-Length: 14
Content-Type: application/json; charset=utf-8
cache-control: no-cache

[DEBUG] Adding key: http://localhost:41675 for channel [id: 0xa2de44a7, L:/127.0.0.1:56221 - R:localhost/127.0.0.1:41675]
[DEBUG] Using pooled Channel '[id: 0xa2de44a7, L:/127.0.0.1:56221 - R:localhost/127.0.0.1:41675]' for 'POST' to 'http://localhost:41675/session/b91b1a4ed665033e2beec1ecee348c1f/timeouts'
[DEBUG] Using open Channel [id: 0xa2de44a7, L:/127.0.0.1:56221 - R:localhost/127.0.0.1:41675] for POST '/session/b91b1a4ed665033e2beec1ecee348c1f/timeouts'
[DEBUG] 

Request DefaultHttpRequest(decodeResult: success, version: HTTP/1.1)
POST /session/b91b1a4ed665033e2beec1ecee348c1f/timeouts HTTP/1.1
User-Agent: selenium/4.8.3 (java windows)
Content-Length: 23
Content-Type: application/json; charset=utf-8
host: localhost:41675
accept: */*

Response DefaultHttpResponse(decodeResult: success, version: HTTP/1.1)
HTTP/1.1 200 OK
Content-Length: 14
Content-Type: application/json; charset=utf-8
cache-control: no-cache

[DEBUG] Adding key: http://localhost:41675 for channel [id: 0xa2de44a7, L:/127.0.0.1:56221 - R:localhost/127.0.0.1:41675]
[DEBUG] Using pooled Channel '[id: 0xa2de44a7, L:/127.0.0.1:56221 - R:localhost/127.0.0.1:41675]' for 'POST' to 'http://localhost:41675/session/b91b1a4ed665033e2beec1ecee348c1f/timeouts'
[DEBUG] Using open Channel [id: 0xa2de44a7, L:/127.0.0.1:56221 - R:localhost/127.0.0.1:41675] for POST '/session/b91b1a4ed665033e2beec1ecee348c1f/timeouts'
[DEBUG] 

Request DefaultHttpRequest(decodeResult: success, version: HTTP/1.1)
POST /session/b91b1a4ed665033e2beec1ecee348c1f/timeouts HTTP/1.1
User-Agent: selenium/4.8.3 (java windows)
Content-Length: 22
Content-Type: application/json; charset=utf-8
host: localhost:41675
accept: */*

Response DefaultHttpResponse(decodeResult: success, version: HTTP/1.1)
HTTP/1.1 200 OK
Content-Length: 14
Content-Type: application/json; charset=utf-8
cache-control: no-cache

[DEBUG] Adding key: http://localhost:41675 for channel [id: 0xa2de44a7, L:/127.0.0.1:56221 - R:localhost/127.0.0.1:41675]
[DEBUG] Using pooled Channel '[id: 0xa2de44a7, L:/127.0.0.1:56221 - R:localhost/127.0.0.1:41675]' for 'POST' to 'http://localhost:41675/session/b91b1a4ed665033e2beec1ecee348c1f/url'
[DEBUG] Using open Channel [id: 0xa2de44a7, L:/127.0.0.1:56221 - R:localhost/127.0.0.1:41675] for POST '/session/b91b1a4ed665033e2beec1ecee348c1f/url'
[DEBUG] Entry count for : http://localhost:56223 : 1
[DEBUG] Entry count for : http://localhost:56223 : 1
[DEBUG] Entry count for : http://localhost:56223 : 1
[DEBUG] 

Request DefaultHttpRequest(decodeResult: success, version: HTTP/1.1)
POST /session/b91b1a4ed665033e2beec1ecee348c1f/url HTTP/1.1
User-Agent: selenium/4.8.3 (java windows)
Content-Length: 43
Content-Type: application/json; charset=utf-8
host: localhost:41675
accept: */*

Response DefaultHttpResponse(decodeResult: success, version: HTTP/1.1)
HTTP/1.1 200 OK
Content-Length: 14
Content-Type: application/json; charset=utf-8
cache-control: no-cache

[DEBUG] Adding key: http://localhost:41675 for channel [id: 0xa2de44a7, L:/127.0.0.1:56221 - R:localhost/127.0.0.1:41675]
[DEBUG] Using pooled Channel '[id: 0xa2de44a7, L:/127.0.0.1:56221 - R:localhost/127.0.0.1:41675]' for 'POST' to 'http://localhost:41675/session/b91b1a4ed665033e2beec1ecee348c1f/element'
[DEBUG] Using open Channel [id: 0xa2de44a7, L:/127.0.0.1:56221 - R:localhost/127.0.0.1:41675] for POST '/session/b91b1a4ed665033e2beec1ecee348c1f/element'
[DEBUG] 

Request DefaultHttpRequest(decodeResult: success, version: HTTP/1.1)
POST /session/b91b1a4ed665033e2beec1ecee348c1f/element HTTP/1.1
User-Agent: selenium/4.8.3 (java windows)
Content-Length: 51
Content-Type: application/json; charset=utf-8
host: localhost:41675
accept: */*

Response DefaultHttpResponse(decodeResult: success, version: HTTP/1.1)
HTTP/1.1 200 OK
Content-Length: 88
Content-Type: application/json; charset=utf-8
cache-control: no-cache

[DEBUG] Adding key: http://localhost:41675 for channel [id: 0xa2de44a7, L:/127.0.0.1:56221 - R:localhost/127.0.0.1:41675]
[DEBUG] Using pooled Channel '[id: 0xa2de44a7, L:/127.0.0.1:56221 - R:localhost/127.0.0.1:41675]' for 'POST' to 'http://localhost:41675/session/b91b1a4ed665033e2beec1ecee348c1f/element/4cf249ee-6aea-4013-ae44-b9372665e522/click'
[DEBUG] Using open Channel [id: 0xa2de44a7, L:/127.0.0.1:56221 - R:localhost/127.0.0.1:41675] for POST '/session/b91b1a4ed665033e2beec1ecee348c1f/element/4cf249ee-6aea-4013-ae44-b9372665e522/click'
[DEBUG] Entry count for : http://localhost:56223 : 1
[DEBUG] 

Request DefaultHttpRequest(decodeResult: success, version: HTTP/1.1)
POST /session/b91b1a4ed665033e2beec1ecee348c1f/element/4cf249ee-6aea-4013-ae44-b9372665e522/click HTTP/1.1
User-Agent: selenium/4.8.3 (java windows)
Content-Length: 50
Content-Type: application/json; charset=utf-8
host: localhost:41675
accept: */*

Response DefaultHttpResponse(decodeResult: success, version: HTTP/1.1)
HTTP/1.1 200 OK
Content-Length: 14
Content-Type: application/json; charset=utf-8
cache-control: no-cache

[DEBUG] Adding key: http://localhost:41675 for channel [id: 0xa2de44a7, L:/127.0.0.1:56221 - R:localhost/127.0.0.1:41675]
[DEBUG] Entry count for : http://localhost:56223 : 1
[DEBUG] Entry count for : http://localhost:41675 : 1
[DEBUG] Using pooled Channel '[id: 0xa2de44a7, L:/127.0.0.1:56221 - R:localhost/127.0.0.1:41675]' for 'POST' to 'http://localhost:41675/session/b91b1a4ed665033e2beec1ecee348c1f/element'
[DEBUG] Using open Channel [id: 0xa2de44a7, L:/127.0.0.1:56221 - R:localhost/127.0.0.1:41675] for POST '/session/b91b1a4ed665033e2beec1ecee348c1f/element'
[DEBUG] 

Request DefaultHttpRequest(decodeResult: success, version: HTTP/1.1)
POST /session/b91b1a4ed665033e2beec1ecee348c1f/element HTTP/1.1
User-Agent: selenium/4.8.3 (java windows)
Content-Length: 51
Content-Type: application/json; charset=utf-8
host: localhost:41675
accept: */*

Response DefaultHttpResponse(decodeResult: success, version: HTTP/1.1)
HTTP/1.1 200 OK
Content-Length: 88
Content-Type: application/json; charset=utf-8
cache-control: no-cache

[DEBUG] Adding key: http://localhost:41675 for channel [id: 0xa2de44a7, L:/127.0.0.1:56221 - R:localhost/127.0.0.1:41675]
[DEBUG] Using pooled Channel '[id: 0xa2de44a7, L:/127.0.0.1:56221 - R:localhost/127.0.0.1:41675]' for 'POST' to 'http://localhost:41675/session/b91b1a4ed665033e2beec1ecee348c1f/element/5b6681e6-4b49-4933-a1b6-1de3a56c61bd/value'
[DEBUG] Using open Channel [id: 0xa2de44a7, L:/127.0.0.1:56221 - R:localhost/127.0.0.1:41675] for POST '/session/b91b1a4ed665033e2beec1ecee348c1f/element/5b6681e6-4b49-4933-a1b6-1de3a56c61bd/value'
[DEBUG] 

Request DefaultHttpRequest(decodeResult: success, version: HTTP/1.1)
POST /session/b91b1a4ed665033e2beec1ecee348c1f/element/5b6681e6-4b49-4933-a1b6-1de3a56c61bd/value HTTP/1.1
User-Agent: selenium/4.8.3 (java windows)
Content-Length: 371
Content-Type: application/json; charset=utf-8
host: localhost:41675
accept: */*

Response DefaultHttpResponse(decodeResult: success, version: HTTP/1.1)
HTTP/1.1 200 OK
Content-Length: 14
Content-Type: application/json; charset=utf-8
cache-control: no-cache

[DEBUG] Adding key: http://localhost:41675 for channel [id: 0xa2de44a7, L:/127.0.0.1:56221 - R:localhost/127.0.0.1:41675]
[DEBUG] Using pooled Channel '[id: 0xa2de44a7, L:/127.0.0.1:56221 - R:localhost/127.0.0.1:41675]' for 'POST' to 'http://localhost:41675/session/b91b1a4ed665033e2beec1ecee348c1f/element'
[DEBUG] Using open Channel [id: 0xa2de44a7, L:/127.0.0.1:56221 - R:localhost/127.0.0.1:41675] for POST '/session/b91b1a4ed665033e2beec1ecee348c1f/element'
[DEBUG] 

Request DefaultHttpRequest(decodeResult: success, version: HTTP/1.1)
POST /session/b91b1a4ed665033e2beec1ecee348c1f/element HTTP/1.1
User-Agent: selenium/4.8.3 (java windows)
Content-Length: 53
Content-Type: application/json; charset=utf-8
host: localhost:41675
accept: */*

Response DefaultHttpResponse(decodeResult: success, version: HTTP/1.1)
HTTP/1.1 200 OK
Content-Length: 88
Content-Type: application/json; charset=utf-8
cache-control: no-cache

[DEBUG] Adding key: http://localhost:41675 for channel [id: 0xa2de44a7, L:/127.0.0.1:56221 - R:localhost/127.0.0.1:41675]
[DEBUG] Using pooled Channel '[id: 0xa2de44a7, L:/127.0.0.1:56221 - R:localhost/127.0.0.1:41675]' for 'POST' to 'http://localhost:41675/session/b91b1a4ed665033e2beec1ecee348c1f/element/ca567474-ca0e-4ab1-affc-798acb3fba3a/value'
[DEBUG] Using open Channel [id: 0xa2de44a7, L:/127.0.0.1:56221 - R:localhost/127.0.0.1:41675] for POST '/session/b91b1a4ed665033e2beec1ecee348c1f/element/ca567474-ca0e-4ab1-affc-798acb3fba3a/value'
[DEBUG] Entry count for : http://localhost:56223 : 1
[DEBUG] 

Request DefaultHttpRequest(decodeResult: success, version: HTTP/1.1)
POST /session/b91b1a4ed665033e2beec1ecee348c1f/element/ca567474-ca0e-4ab1-affc-798acb3fba3a/value HTTP/1.1
User-Agent: selenium/4.8.3 (java windows)
Content-Length: 181
Content-Type: application/json; charset=utf-8
host: localhost:41675
accept: */*

Response DefaultHttpResponse(decodeResult: success, version: HTTP/1.1)
HTTP/1.1 200 OK
Content-Length: 14
Content-Type: application/json; charset=utf-8
cache-control: no-cache

[DEBUG] Adding key: http://localhost:41675 for channel [id: 0xa2de44a7, L:/127.0.0.1:56221 - R:localhost/127.0.0.1:41675]
[DEBUG] Using pooled Channel '[id: 0xa2de44a7, L:/127.0.0.1:56221 - R:localhost/127.0.0.1:41675]' for 'POST' to 'http://localhost:41675/session/b91b1a4ed665033e2beec1ecee348c1f/element'
[DEBUG] Using open Channel [id: 0xa2de44a7, L:/127.0.0.1:56221 - R:localhost/127.0.0.1:41675] for POST '/session/b91b1a4ed665033e2beec1ecee348c1f/element'
[DEBUG] 

Request DefaultHttpRequest(decodeResult: success, version: HTTP/1.1)
POST /session/b91b1a4ed665033e2beec1ecee348c1f/element HTTP/1.1
User-Agent: selenium/4.8.3 (java windows)
Content-Length: 54
Content-Type: application/json; charset=utf-8
host: localhost:41675
accept: */*

Response DefaultHttpResponse(decodeResult: success, version: HTTP/1.1)
HTTP/1.1 200 OK
Content-Length: 88
Content-Type: application/json; charset=utf-8
cache-control: no-cache

[DEBUG] Adding key: http://localhost:41675 for channel [id: 0xa2de44a7, L:/127.0.0.1:56221 - R:localhost/127.0.0.1:41675]
[DEBUG] Using pooled Channel '[id: 0xa2de44a7, L:/127.0.0.1:56221 - R:localhost/127.0.0.1:41675]' for 'POST' to 'http://localhost:41675/session/b91b1a4ed665033e2beec1ecee348c1f/element/ea3bca86-0851-46bb-83d3-7a489d7be956/click'
[DEBUG] Using open Channel [id: 0xa2de44a7, L:/127.0.0.1:56221 - R:localhost/127.0.0.1:41675] for POST '/session/b91b1a4ed665033e2beec1ecee348c1f/element/ea3bca86-0851-46bb-83d3-7a489d7be956/click'
[DEBUG] 

Request DefaultHttpRequest(decodeResult: success, version: HTTP/1.1)
POST /session/b91b1a4ed665033e2beec1ecee348c1f/element/ea3bca86-0851-46bb-83d3-7a489d7be956/click HTTP/1.1
User-Agent: selenium/4.8.3 (java windows)
Content-Length: 50
Content-Type: application/json; charset=utf-8
host: localhost:41675
accept: */*

Response DefaultHttpResponse(decodeResult: success, version: HTTP/1.1)
HTTP/1.1 200 OK
Content-Length: 14
Content-Type: application/json; charset=utf-8
cache-control: no-cache

[DEBUG] Adding key: http://localhost:41675 for channel [id: 0xa2de44a7, L:/127.0.0.1:56221 - R:localhost/127.0.0.1:41675]
[DEBUG] Using pooled Channel '[id: 0xa2de44a7, L:/127.0.0.1:56221 - R:localhost/127.0.0.1:41675]' for 'POST' to 'http://localhost:41675/session/b91b1a4ed665033e2beec1ecee348c1f/element'
[DEBUG] Using open Channel [id: 0xa2de44a7, L:/127.0.0.1:56221 - R:localhost/127.0.0.1:41675] for POST '/session/b91b1a4ed665033e2beec1ecee348c1f/element'
[DEBUG] Entry count for : http://localhost:56223 : 1
[DEBUG] Entry count for : http://localhost:56223 : 1
[DEBUG] Entry count for : http://localhost:56223 : 1
[DEBUG] Entry count for : http://localhost:56223 : 1
[DEBUG] Entry count for : http://localhost:56223 : 1
[DEBUG] Entry count for : http://localhost:56223 : 1
[DEBUG] Entry count for : http://localhost:56223 : 1
[DEBUG] Entry count for : http://localhost:56223 : 1
[DEBUG] Entry count for : http://localhost:56223 : 1
[DEBUG] 

Request DefaultHttpRequest(decodeResult: success, version: HTTP/1.1)
POST /session/b91b1a4ed665033e2beec1ecee348c1f/element HTTP/1.1
User-Agent: selenium/4.8.3 (java windows)
Content-Length: 54
Content-Type: application/json; charset=utf-8
host: localhost:41675
accept: */*

Response DefaultHttpResponse(decodeResult: success, version: HTTP/1.1)
HTTP/1.1 404 Not Found
Content-Length: 926
Content-Type: application/json; charset=utf-8
cache-control: no-cache

[DEBUG] Adding key: http://localhost:41675 for channel [id: 0xa2de44a7, L:/127.0.0.1:56221 - R:localhost/127.0.0.1:41675]
]]></system-out>
    <system-err><![CDATA[Starting ChromeDriver 111.0.5563.64 (c710e93d5b63b7095afe8c2c17df34408078439d-refs/branch-heads/5563@{#995}) on port 41675
Only local connections are allowed.
Please see https://chromedriver.chromium.org/security-considerations for suggestions on keeping ChromeDriver safe.
ChromeDriver was started successfully.
]]></system-err>
  </testcase>
  <testcase name="verifyRediffLoginWithValidUsernameAndValidPassword[Mohamedboudguig@rediffmail.com, Medbdg0707@](4)" classname="com.rediff.qa.testcases.LoginTest" time="7.825">
    <system-out><![CDATA[[DEBUG] Channel Closed: [id: 0x96e2c03c, L:/127.0.0.1:56230 ! R:localhost/127.0.0.1:56223] with attribute NettyResponseFuture{currentRetry=0,
	isDone=1,
	isCancelled=0,
	asyncHandler=org.asynchttpclient.ws.WebSocketUpgradeHandler@5fda313e,
	nettyRequest=org.asynchttpclient.netty.request.NettyRequest@1ad8a4a1,
	future=java.util.concurrent.CompletableFuture@5d6f6d9e[Completed normally],
	uri=ws://localhost:56223/devtools/browser/c4493811-6f93-4791-b413-a4abd91fc3d0,
	keepAlive=true,
	redirectCount=0,
	timeoutsHolder=null,
	inAuth=0,
	touch=1680661534940}
[DEBUG] Closing Channel [id: 0x96e2c03c, L:/127.0.0.1:56230 ! R:localhost/127.0.0.1:56223] 
[DEBUG] Using pooled Channel '[id: 0xa2de44a7, L:/127.0.0.1:56221 - R:localhost/127.0.0.1:41675]' for 'DELETE' to 'http://localhost:41675/session/b91b1a4ed665033e2beec1ecee348c1f'
[DEBUG] Using open Channel [id: 0xa2de44a7, L:/127.0.0.1:56221 - R:localhost/127.0.0.1:41675] for DELETE '/session/b91b1a4ed665033e2beec1ecee348c1f'
[DEBUG] Unexpected I/O exception on channel [id: 0xf23c6cce, L:/127.0.0.1:56229 - R:localhost/127.0.0.1:56223]
java.io.IOException: An existing connection was forcibly closed by the remote host
	at sun.nio.ch.SocketDispatcher.read0(Native Method) ~[na:1.8.0_351]
	at sun.nio.ch.SocketDispatcher.read(SocketDispatcher.java:43) ~[na:1.8.0_351]
	at sun.nio.ch.IOUtil.readIntoNativeBuffer(IOUtil.java:223) ~[na:1.8.0_351]
	at sun.nio.ch.IOUtil.read(IOUtil.java:192) ~[na:1.8.0_351]
	at sun.nio.ch.SocketChannelImpl.read(SocketChannelImpl.java:378) ~[na:1.8.0_351]
	at io.netty.buffer.PooledByteBuf.setBytes(PooledByteBuf.java:256) ~[netty-buffer-4.1.90.Final.jar:4.1.90.Final]
	at io.netty.buffer.AbstractByteBuf.writeBytes(AbstractByteBuf.java:1132) ~[netty-buffer-4.1.90.Final.jar:4.1.90.Final]
	at io.netty.channel.socket.nio.NioSocketChannel.doReadBytes(NioSocketChannel.java:357) ~[netty-transport-4.1.90.Final.jar:4.1.90.Final]
	at io.netty.channel.nio.AbstractNioByteChannel$NioByteUnsafe.read(AbstractNioByteChannel.java:151) ~[netty-transport-4.1.90.Final.jar:4.1.90.Final]
	at io.netty.channel.nio.NioEventLoop.processSelectedKey(NioEventLoop.java:788) [netty-transport-4.1.90.Final.jar:4.1.90.Final]
	at io.netty.channel.nio.NioEventLoop.processSelectedKeysOptimized(NioEventLoop.java:724) [netty-transport-4.1.90.Final.jar:4.1.90.Final]
	at io.netty.channel.nio.NioEventLoop.processSelectedKeys(NioEventLoop.java:650) [netty-transport-4.1.90.Final.jar:4.1.90.Final]
	at io.netty.channel.nio.NioEventLoop.run(NioEventLoop.java:562) [netty-transport-4.1.90.Final.jar:4.1.90.Final]
	at io.netty.util.concurrent.SingleThreadEventExecutor$4.run(SingleThreadEventExecutor.java:997) [netty-common-4.1.90.Final.jar:4.1.90.Final]
	at io.netty.util.internal.ThreadExecutorMap$2.run(ThreadExecutorMap.java:74) [netty-common-4.1.90.Final.jar:4.1.90.Final]
	at io.netty.util.concurrent.FastThreadLocalRunnable.run(FastThreadLocalRunnable.java:30) [netty-common-4.1.90.Final.jar:4.1.90.Final]
	at java.lang.Thread.run(Thread.java:750) [na:1.8.0_351]
[DEBUG] Closing Channel [id: 0xf23c6cce, L:/127.0.0.1:56229 - R:localhost/127.0.0.1:56223] 
[DEBUG] Channel Closed: [id: 0xf23c6cce, L:/127.0.0.1:56229 ! R:localhost/127.0.0.1:56223] with attribute DISCARD
[DEBUG] 

Request DefaultFullHttpRequest(decodeResult: success, version: HTTP/1.1, content: EmptyByteBufBE)
DELETE /session/b91b1a4ed665033e2beec1ecee348c1f HTTP/1.1
User-Agent: selenium/4.8.3 (java windows)
Content-Type: application/json; charset=utf-8
host: localhost:41675
accept: */*

Response DefaultHttpResponse(decodeResult: success, version: HTTP/1.1)
HTTP/1.1 200 OK
Content-Length: 14
Content-Type: application/json; charset=utf-8
cache-control: no-cache

[DEBUG] Adding key: http://localhost:41675 for channel [id: 0xa2de44a7, L:/127.0.0.1:56221 - R:localhost/127.0.0.1:41675]
[DEBUG] Channel Closed: [id: 0xa2de44a7, L:/127.0.0.1:56221 ! R:localhost/127.0.0.1:41675] with attribute DISCARD
[DEBUG] Entry count for : http://localhost:56223 : 1
[DEBUG] Entry count for : http://localhost:41675 : 1
[DEBUG] Adding Candidate expired Channel [id: 0xf23c6cce, L:/127.0.0.1:56229 ! R:localhost/127.0.0.1:56223] isIdleTimeoutExpired=false isRemotelyClosed=true isTtlExpired=false
[DEBUG] Closing Idle Channel [id: 0xf23c6cce, L:/127.0.0.1:56229 ! R:localhost/127.0.0.1:56223]
[DEBUG] Adding Candidate expired Channel [id: 0xa2de44a7, L:/127.0.0.1:56221 ! R:localhost/127.0.0.1:41675] isIdleTimeoutExpired=false isRemotelyClosed=true isTtlExpired=false
[DEBUG] Closing Idle Channel [id: 0xa2de44a7, L:/127.0.0.1:56221 ! R:localhost/127.0.0.1:41675]
[DEBUG] Closed 2 connections out of 2 in 0 ms
[DEBUG] Using new Channel '[id: 0x4fab9eb8, L:/127.0.0.1:56342 - R:localhost/127.0.0.1:19333]' for 'POST' to '/session'
[DEBUG] 

Request DefaultHttpRequest(decodeResult: success, version: HTTP/1.1)
POST /session HTTP/1.1
User-Agent: selenium/4.8.3 (java windows)
Content-Length: 439
Content-Type: application/json; charset=utf-8
host: localhost:19333
accept: */*

Response DefaultHttpResponse(decodeResult: success, version: HTTP/1.1)
HTTP/1.1 200 OK
Content-Length: 860
Content-Type: application/json; charset=utf-8
cache-control: no-cache

[DEBUG] Adding key: http://localhost:19333 for channel [id: 0x4fab9eb8, L:/127.0.0.1:56342 - R:localhost/127.0.0.1:19333]
[DEBUG] Using new Channel '[id: 0x586ae056, L:/127.0.0.1:56349 - R:localhost/127.0.0.1:56343]' for 'GET' to '/json/version'
[DEBUG] 

Request DefaultFullHttpRequest(decodeResult: success, version: HTTP/1.1, content: EmptyByteBufBE)
GET /json/version HTTP/1.1
User-Agent: selenium/4.8.3 (java windows)
host: localhost:56343
accept: */*

Response DefaultHttpResponse(decodeResult: success, version: HTTP/1.1)
HTTP/1.1 200 OK
Content-Security-Policy: frame-ancestors 'none'
Content-Length: 424
Content-Type: application/json; charset=UTF-8

[DEBUG] Adding key: http://localhost:56343 for channel [id: 0x586ae056, L:/127.0.0.1:56349 - R:localhost/127.0.0.1:56343]
[DEBUG] Using new Channel '[id: 0xc50e6d19, L:/127.0.0.1:56350 - R:localhost/127.0.0.1:56343]' for 'GET' to '/devtools/browser/30c13c37-a5b2-4e06-86b0-66327ad21964'
[DEBUG] 

Request DefaultFullHttpRequest(decodeResult: success, version: HTTP/1.1, content: EmptyByteBufBE)
GET /devtools/browser/30c13c37-a5b2-4e06-86b0-66327ad21964 HTTP/1.1
upgrade: websocket
connection: upgrade
sec-websocket-key: mNtXb4vHjMNnWQXpkS3ISA==
sec-websocket-version: 13
origin: http://localhost:56343
host: localhost:56343
accept: */*
user-agent: AHC/2.1

Response DefaultHttpResponse(decodeResult: success, version: HTTP/1.1)
HTTP/1.1 101 WebSocket Protocol Handshake
Upgrade: WebSocket
Connection: Upgrade
Sec-WebSocket-Accept: WT+n5dSQpzJF8ZeOlLMQiCRuDjs=

[DEBUG] Using pooled Channel '[id: 0x4fab9eb8, L:/127.0.0.1:56342 - R:localhost/127.0.0.1:19333]' for 'POST' to 'http://localhost:19333/session/3236dc8a8789d94844479c80787b4194/window/maximize'
[DEBUG] Using open Channel [id: 0x4fab9eb8, L:/127.0.0.1:56342 - R:localhost/127.0.0.1:19333] for POST '/session/3236dc8a8789d94844479c80787b4194/window/maximize'
[DEBUG] 

Request DefaultHttpRequest(decodeResult: success, version: HTTP/1.1)
POST /session/3236dc8a8789d94844479c80787b4194/window/maximize HTTP/1.1
User-Agent: selenium/4.8.3 (java windows)
Content-Length: 3
Content-Type: application/json; charset=utf-8
host: localhost:19333
accept: */*

Response DefaultHttpResponse(decodeResult: success, version: HTTP/1.1)
HTTP/1.1 200 OK
Content-Length: 52
Content-Type: application/json; charset=utf-8
cache-control: no-cache

[DEBUG] Adding key: http://localhost:19333 for channel [id: 0x4fab9eb8, L:/127.0.0.1:56342 - R:localhost/127.0.0.1:19333]
[DEBUG] Using pooled Channel '[id: 0x4fab9eb8, L:/127.0.0.1:56342 - R:localhost/127.0.0.1:19333]' for 'DELETE' to 'http://localhost:19333/session/3236dc8a8789d94844479c80787b4194/cookie'
[DEBUG] Using open Channel [id: 0x4fab9eb8, L:/127.0.0.1:56342 - R:localhost/127.0.0.1:19333] for DELETE '/session/3236dc8a8789d94844479c80787b4194/cookie'
[DEBUG] 

Request DefaultFullHttpRequest(decodeResult: success, version: HTTP/1.1, content: EmptyByteBufBE)
DELETE /session/3236dc8a8789d94844479c80787b4194/cookie HTTP/1.1
User-Agent: selenium/4.8.3 (java windows)
Content-Type: application/json; charset=utf-8
host: localhost:19333
accept: */*

Response DefaultHttpResponse(decodeResult: success, version: HTTP/1.1)
HTTP/1.1 200 OK
Content-Length: 14
Content-Type: application/json; charset=utf-8
cache-control: no-cache

[DEBUG] Adding key: http://localhost:19333 for channel [id: 0x4fab9eb8, L:/127.0.0.1:56342 - R:localhost/127.0.0.1:19333]
[DEBUG] Using pooled Channel '[id: 0x4fab9eb8, L:/127.0.0.1:56342 - R:localhost/127.0.0.1:19333]' for 'POST' to 'http://localhost:19333/session/3236dc8a8789d94844479c80787b4194/timeouts'
[DEBUG] Using open Channel [id: 0x4fab9eb8, L:/127.0.0.1:56342 - R:localhost/127.0.0.1:19333] for POST '/session/3236dc8a8789d94844479c80787b4194/timeouts'
[DEBUG] 

Request DefaultHttpRequest(decodeResult: success, version: HTTP/1.1)
POST /session/3236dc8a8789d94844479c80787b4194/timeouts HTTP/1.1
User-Agent: selenium/4.8.3 (java windows)
Content-Length: 23
Content-Type: application/json; charset=utf-8
host: localhost:19333
accept: */*

Response DefaultHttpResponse(decodeResult: success, version: HTTP/1.1)
HTTP/1.1 200 OK
Content-Length: 14
Content-Type: application/json; charset=utf-8
cache-control: no-cache

[DEBUG] Adding key: http://localhost:19333 for channel [id: 0x4fab9eb8, L:/127.0.0.1:56342 - R:localhost/127.0.0.1:19333]
[DEBUG] Using pooled Channel '[id: 0x4fab9eb8, L:/127.0.0.1:56342 - R:localhost/127.0.0.1:19333]' for 'POST' to 'http://localhost:19333/session/3236dc8a8789d94844479c80787b4194/timeouts'
[DEBUG] Using open Channel [id: 0x4fab9eb8, L:/127.0.0.1:56342 - R:localhost/127.0.0.1:19333] for POST '/session/3236dc8a8789d94844479c80787b4194/timeouts'
[DEBUG] 

Request DefaultHttpRequest(decodeResult: success, version: HTTP/1.1)
POST /session/3236dc8a8789d94844479c80787b4194/timeouts HTTP/1.1
User-Agent: selenium/4.8.3 (java windows)
Content-Length: 23
Content-Type: application/json; charset=utf-8
host: localhost:19333
accept: */*

Response DefaultHttpResponse(decodeResult: success, version: HTTP/1.1)
HTTP/1.1 200 OK
Content-Length: 14
Content-Type: application/json; charset=utf-8
cache-control: no-cache

[DEBUG] Adding key: http://localhost:19333 for channel [id: 0x4fab9eb8, L:/127.0.0.1:56342 - R:localhost/127.0.0.1:19333]
[DEBUG] Using pooled Channel '[id: 0x4fab9eb8, L:/127.0.0.1:56342 - R:localhost/127.0.0.1:19333]' for 'POST' to 'http://localhost:19333/session/3236dc8a8789d94844479c80787b4194/timeouts'
[DEBUG] Using open Channel [id: 0x4fab9eb8, L:/127.0.0.1:56342 - R:localhost/127.0.0.1:19333] for POST '/session/3236dc8a8789d94844479c80787b4194/timeouts'
[DEBUG] 

Request DefaultHttpRequest(decodeResult: success, version: HTTP/1.1)
POST /session/3236dc8a8789d94844479c80787b4194/timeouts HTTP/1.1
User-Agent: selenium/4.8.3 (java windows)
Content-Length: 22
Content-Type: application/json; charset=utf-8
host: localhost:19333
accept: */*

Response DefaultHttpResponse(decodeResult: success, version: HTTP/1.1)
HTTP/1.1 200 OK
Content-Length: 14
Content-Type: application/json; charset=utf-8
cache-control: no-cache

[DEBUG] Adding key: http://localhost:19333 for channel [id: 0x4fab9eb8, L:/127.0.0.1:56342 - R:localhost/127.0.0.1:19333]
[DEBUG] Using pooled Channel '[id: 0x4fab9eb8, L:/127.0.0.1:56342 - R:localhost/127.0.0.1:19333]' for 'POST' to 'http://localhost:19333/session/3236dc8a8789d94844479c80787b4194/url'
[DEBUG] Using open Channel [id: 0x4fab9eb8, L:/127.0.0.1:56342 - R:localhost/127.0.0.1:19333] for POST '/session/3236dc8a8789d94844479c80787b4194/url'
[DEBUG] Entry count for : http://localhost:56343 : 1
[DEBUG] Entry count for : http://localhost:56343 : 1
[DEBUG] 

Request DefaultHttpRequest(decodeResult: success, version: HTTP/1.1)
POST /session/3236dc8a8789d94844479c80787b4194/url HTTP/1.1
User-Agent: selenium/4.8.3 (java windows)
Content-Length: 43
Content-Type: application/json; charset=utf-8
host: localhost:19333
accept: */*

Response DefaultHttpResponse(decodeResult: success, version: HTTP/1.1)
HTTP/1.1 200 OK
Content-Length: 14
Content-Type: application/json; charset=utf-8
cache-control: no-cache

[DEBUG] Adding key: http://localhost:19333 for channel [id: 0x4fab9eb8, L:/127.0.0.1:56342 - R:localhost/127.0.0.1:19333]
[DEBUG] Using pooled Channel '[id: 0x4fab9eb8, L:/127.0.0.1:56342 - R:localhost/127.0.0.1:19333]' for 'POST' to 'http://localhost:19333/session/3236dc8a8789d94844479c80787b4194/element'
[DEBUG] Using open Channel [id: 0x4fab9eb8, L:/127.0.0.1:56342 - R:localhost/127.0.0.1:19333] for POST '/session/3236dc8a8789d94844479c80787b4194/element'
[DEBUG] 

Request DefaultHttpRequest(decodeResult: success, version: HTTP/1.1)
POST /session/3236dc8a8789d94844479c80787b4194/element HTTP/1.1
User-Agent: selenium/4.8.3 (java windows)
Content-Length: 51
Content-Type: application/json; charset=utf-8
host: localhost:19333
accept: */*

Response DefaultHttpResponse(decodeResult: success, version: HTTP/1.1)
HTTP/1.1 200 OK
Content-Length: 88
Content-Type: application/json; charset=utf-8
cache-control: no-cache

[DEBUG] Adding key: http://localhost:19333 for channel [id: 0x4fab9eb8, L:/127.0.0.1:56342 - R:localhost/127.0.0.1:19333]
[DEBUG] Using pooled Channel '[id: 0x4fab9eb8, L:/127.0.0.1:56342 - R:localhost/127.0.0.1:19333]' for 'POST' to 'http://localhost:19333/session/3236dc8a8789d94844479c80787b4194/element/2cdc3d5f-0b47-4b26-a3bb-c776fa817993/click'
[DEBUG] Using open Channel [id: 0x4fab9eb8, L:/127.0.0.1:56342 - R:localhost/127.0.0.1:19333] for POST '/session/3236dc8a8789d94844479c80787b4194/element/2cdc3d5f-0b47-4b26-a3bb-c776fa817993/click'
[DEBUG] Entry count for : http://localhost:56343 : 1
[DEBUG] 

Request DefaultHttpRequest(decodeResult: success, version: HTTP/1.1)
POST /session/3236dc8a8789d94844479c80787b4194/element/2cdc3d5f-0b47-4b26-a3bb-c776fa817993/click HTTP/1.1
User-Agent: selenium/4.8.3 (java windows)
Content-Length: 50
Content-Type: application/json; charset=utf-8
host: localhost:19333
accept: */*

Response DefaultHttpResponse(decodeResult: success, version: HTTP/1.1)
HTTP/1.1 200 OK
Content-Length: 14
Content-Type: application/json; charset=utf-8
cache-control: no-cache

[DEBUG] Adding key: http://localhost:19333 for channel [id: 0x4fab9eb8, L:/127.0.0.1:56342 - R:localhost/127.0.0.1:19333]
[DEBUG] Entry count for : http://localhost:19333 : 1
[DEBUG] Entry count for : http://localhost:56343 : 1
[DEBUG] Using pooled Channel '[id: 0x4fab9eb8, L:/127.0.0.1:56342 - R:localhost/127.0.0.1:19333]' for 'POST' to 'http://localhost:19333/session/3236dc8a8789d94844479c80787b4194/element'
[DEBUG] Using open Channel [id: 0x4fab9eb8, L:/127.0.0.1:56342 - R:localhost/127.0.0.1:19333] for POST '/session/3236dc8a8789d94844479c80787b4194/element'
[DEBUG] 

Request DefaultHttpRequest(decodeResult: success, version: HTTP/1.1)
POST /session/3236dc8a8789d94844479c80787b4194/element HTTP/1.1
User-Agent: selenium/4.8.3 (java windows)
Content-Length: 51
Content-Type: application/json; charset=utf-8
host: localhost:19333
accept: */*

Response DefaultHttpResponse(decodeResult: success, version: HTTP/1.1)
HTTP/1.1 200 OK
Content-Length: 88
Content-Type: application/json; charset=utf-8
cache-control: no-cache

[DEBUG] Adding key: http://localhost:19333 for channel [id: 0x4fab9eb8, L:/127.0.0.1:56342 - R:localhost/127.0.0.1:19333]
[DEBUG] Using pooled Channel '[id: 0x4fab9eb8, L:/127.0.0.1:56342 - R:localhost/127.0.0.1:19333]' for 'POST' to 'http://localhost:19333/session/3236dc8a8789d94844479c80787b4194/element/c165eeb1-db23-4948-9192-2c6032488cd7/value'
[DEBUG] Using open Channel [id: 0x4fab9eb8, L:/127.0.0.1:56342 - R:localhost/127.0.0.1:19333] for POST '/session/3236dc8a8789d94844479c80787b4194/element/c165eeb1-db23-4948-9192-2c6032488cd7/value'
[DEBUG] 

Request DefaultHttpRequest(decodeResult: success, version: HTTP/1.1)
POST /session/3236dc8a8789d94844479c80787b4194/element/c165eeb1-db23-4948-9192-2c6032488cd7/value HTTP/1.1
User-Agent: selenium/4.8.3 (java windows)
Content-Length: 381
Content-Type: application/json; charset=utf-8
host: localhost:19333
accept: */*

Response DefaultHttpResponse(decodeResult: success, version: HTTP/1.1)
HTTP/1.1 200 OK
Content-Length: 14
Content-Type: application/json; charset=utf-8
cache-control: no-cache

[DEBUG] Adding key: http://localhost:19333 for channel [id: 0x4fab9eb8, L:/127.0.0.1:56342 - R:localhost/127.0.0.1:19333]
[DEBUG] Using pooled Channel '[id: 0x4fab9eb8, L:/127.0.0.1:56342 - R:localhost/127.0.0.1:19333]' for 'POST' to 'http://localhost:19333/session/3236dc8a8789d94844479c80787b4194/element'
[DEBUG] Using open Channel [id: 0x4fab9eb8, L:/127.0.0.1:56342 - R:localhost/127.0.0.1:19333] for POST '/session/3236dc8a8789d94844479c80787b4194/element'
[DEBUG] 

Request DefaultHttpRequest(decodeResult: success, version: HTTP/1.1)
POST /session/3236dc8a8789d94844479c80787b4194/element HTTP/1.1
User-Agent: selenium/4.8.3 (java windows)
Content-Length: 53
Content-Type: application/json; charset=utf-8
host: localhost:19333
accept: */*

Response DefaultHttpResponse(decodeResult: success, version: HTTP/1.1)
HTTP/1.1 200 OK
Content-Length: 88
Content-Type: application/json; charset=utf-8
cache-control: no-cache

[DEBUG] Adding key: http://localhost:19333 for channel [id: 0x4fab9eb8, L:/127.0.0.1:56342 - R:localhost/127.0.0.1:19333]
[DEBUG] Using pooled Channel '[id: 0x4fab9eb8, L:/127.0.0.1:56342 - R:localhost/127.0.0.1:19333]' for 'POST' to 'http://localhost:19333/session/3236dc8a8789d94844479c80787b4194/element/ff362c52-1bb8-4b4c-a68d-99bd99076698/value'
[DEBUG] Using open Channel [id: 0x4fab9eb8, L:/127.0.0.1:56342 - R:localhost/127.0.0.1:19333] for POST '/session/3236dc8a8789d94844479c80787b4194/element/ff362c52-1bb8-4b4c-a68d-99bd99076698/value'
[DEBUG] 

Request DefaultHttpRequest(decodeResult: success, version: HTTP/1.1)
POST /session/3236dc8a8789d94844479c80787b4194/element/ff362c52-1bb8-4b4c-a68d-99bd99076698/value HTTP/1.1
User-Agent: selenium/4.8.3 (java windows)
Content-Length: 191
Content-Type: application/json; charset=utf-8
host: localhost:19333
accept: */*

Response DefaultHttpResponse(decodeResult: success, version: HTTP/1.1)
HTTP/1.1 200 OK
Content-Length: 14
Content-Type: application/json; charset=utf-8
cache-control: no-cache

[DEBUG] Adding key: http://localhost:19333 for channel [id: 0x4fab9eb8, L:/127.0.0.1:56342 - R:localhost/127.0.0.1:19333]
[DEBUG] Using pooled Channel '[id: 0x4fab9eb8, L:/127.0.0.1:56342 - R:localhost/127.0.0.1:19333]' for 'POST' to 'http://localhost:19333/session/3236dc8a8789d94844479c80787b4194/element'
[DEBUG] Using open Channel [id: 0x4fab9eb8, L:/127.0.0.1:56342 - R:localhost/127.0.0.1:19333] for POST '/session/3236dc8a8789d94844479c80787b4194/element'
[DEBUG] 

Request DefaultHttpRequest(decodeResult: success, version: HTTP/1.1)
POST /session/3236dc8a8789d94844479c80787b4194/element HTTP/1.1
User-Agent: selenium/4.8.3 (java windows)
Content-Length: 54
Content-Type: application/json; charset=utf-8
host: localhost:19333
accept: */*

Response DefaultHttpResponse(decodeResult: success, version: HTTP/1.1)
HTTP/1.1 200 OK
Content-Length: 88
Content-Type: application/json; charset=utf-8
cache-control: no-cache

[DEBUG] Adding key: http://localhost:19333 for channel [id: 0x4fab9eb8, L:/127.0.0.1:56342 - R:localhost/127.0.0.1:19333]
[DEBUG] Using pooled Channel '[id: 0x4fab9eb8, L:/127.0.0.1:56342 - R:localhost/127.0.0.1:19333]' for 'POST' to 'http://localhost:19333/session/3236dc8a8789d94844479c80787b4194/element/f98aebb0-4c32-4ae5-a7e0-96c7eb769e0e/click'
[DEBUG] Using open Channel [id: 0x4fab9eb8, L:/127.0.0.1:56342 - R:localhost/127.0.0.1:19333] for POST '/session/3236dc8a8789d94844479c80787b4194/element/f98aebb0-4c32-4ae5-a7e0-96c7eb769e0e/click'
[DEBUG] Entry count for : http://localhost:56343 : 1
[DEBUG] Entry count for : http://localhost:56343 : 1
[DEBUG] Entry count for : http://localhost:56343 : 1
[DEBUG] Entry count for : http://localhost:56343 : 1
[DEBUG] Entry count for : http://localhost:56343 : 1
[DEBUG] Entry count for : http://localhost:56343 : 1
[DEBUG] 

Request DefaultHttpRequest(decodeResult: success, version: HTTP/1.1)
POST /session/3236dc8a8789d94844479c80787b4194/element/f98aebb0-4c32-4ae5-a7e0-96c7eb769e0e/click HTTP/1.1
User-Agent: selenium/4.8.3 (java windows)
Content-Length: 50
Content-Type: application/json; charset=utf-8
host: localhost:19333
accept: */*

Response DefaultHttpResponse(decodeResult: success, version: HTTP/1.1)
HTTP/1.1 200 OK
Content-Length: 14
Content-Type: application/json; charset=utf-8
cache-control: no-cache

[DEBUG] Adding key: http://localhost:19333 for channel [id: 0x4fab9eb8, L:/127.0.0.1:56342 - R:localhost/127.0.0.1:19333]
[DEBUG] Using pooled Channel '[id: 0x4fab9eb8, L:/127.0.0.1:56342 - R:localhost/127.0.0.1:19333]' for 'POST' to 'http://localhost:19333/session/3236dc8a8789d94844479c80787b4194/element'
[DEBUG] Using open Channel [id: 0x4fab9eb8, L:/127.0.0.1:56342 - R:localhost/127.0.0.1:19333] for POST '/session/3236dc8a8789d94844479c80787b4194/element'
[DEBUG] 

Request DefaultHttpRequest(decodeResult: success, version: HTTP/1.1)
POST /session/3236dc8a8789d94844479c80787b4194/element HTTP/1.1
User-Agent: selenium/4.8.3 (java windows)
Content-Length: 54
Content-Type: application/json; charset=utf-8
host: localhost:19333
accept: */*

Response DefaultHttpResponse(decodeResult: success, version: HTTP/1.1)
HTTP/1.1 200 OK
Content-Length: 88
Content-Type: application/json; charset=utf-8
cache-control: no-cache

[DEBUG] Adding key: http://localhost:19333 for channel [id: 0x4fab9eb8, L:/127.0.0.1:56342 - R:localhost/127.0.0.1:19333]
[DEBUG] Using pooled Channel '[id: 0x4fab9eb8, L:/127.0.0.1:56342 - R:localhost/127.0.0.1:19333]' for 'POST' to 'http://localhost:19333/session/3236dc8a8789d94844479c80787b4194/execute/sync'
[DEBUG] Using open Channel [id: 0x4fab9eb8, L:/127.0.0.1:56342 - R:localhost/127.0.0.1:19333] for POST '/session/3236dc8a8789d94844479c80787b4194/execute/sync'
[DEBUG] 

Request DefaultHttpRequest(decodeResult: success, version: HTTP/1.1)
POST /session/3236dc8a8789d94844479c80787b4194/execute/sync HTTP/1.1
User-Agent: selenium/4.8.3 (java windows)
Content-Length: 48807
Content-Type: application/json; charset=utf-8
host: localhost:19333
accept: */*

Response DefaultHttpResponse(decodeResult: success, version: HTTP/1.1)
HTTP/1.1 200 OK
Content-Length: 14
Content-Type: application/json; charset=utf-8
cache-control: no-cache

[DEBUG] Adding key: http://localhost:19333 for channel [id: 0x4fab9eb8, L:/127.0.0.1:56342 - R:localhost/127.0.0.1:19333]
]]></system-out>
    <system-err><![CDATA[Starting ChromeDriver 111.0.5563.64 (c710e93d5b63b7095afe8c2c17df34408078439d-refs/branch-heads/5563@{#995}) on port 19333
Only local connections are allowed.
Please see https://chromedriver.chromium.org/security-considerations for suggestions on keeping ChromeDriver safe.
ChromeDriver was started successfully.
]]></system-err>
  </testcase>
  <testcase name="enterAllValidFields" classname="com.rediff.qa.testcases.CreateAccountTest" time="2.385">
    <failure message="The following asserts failed:&#10;	expected [true] but found [false]" type="java.lang.AssertionError"><![CDATA[java.lang.AssertionError: 
The following asserts failed:
	expected [true] but found [false]
	at org.testng.asserts.SoftAssert.assertAll(SoftAssert.java:43)
	at com.rediff.qa.testcases.CreateAccountTest.enterAllValidFields(CreateAccountTest.java:64)
	at sun.reflect.NativeMethodAccessorImpl.invoke0(Native Method)
	at sun.reflect.NativeMethodAccessorImpl.invoke(NativeMethodAccessorImpl.java:62)
	at sun.reflect.DelegatingMethodAccessorImpl.invoke(DelegatingMethodAccessorImpl.java:43)
	at java.lang.reflect.Method.invoke(Method.java:498)
	at org.testng.internal.MethodInvocationHelper.invokeMethod(MethodInvocationHelper.java:124)
	at org.testng.internal.Invoker.invokeMethod(Invoker.java:583)
	at org.testng.internal.Invoker.invokeTestMethod(Invoker.java:719)
	at org.testng.internal.Invoker.invokeTestMethods(Invoker.java:989)
	at org.testng.internal.TestMethodWorker.invokeTestMethods(TestMethodWorker.java:125)
	at org.testng.internal.TestMethodWorker.run(TestMethodWorker.java:109)
	at org.testng.TestRunner.privateRun(TestRunner.java:648)
	at org.testng.TestRunner.run(TestRunner.java:505)
	at org.testng.SuiteRunner.runTest(SuiteRunner.java:455)
	at org.testng.SuiteRunner.runSequentially(SuiteRunner.java:450)
	at org.testng.SuiteRunner.privateRun(SuiteRunner.java:415)
	at org.testng.SuiteRunner.run(SuiteRunner.java:364)
	at org.testng.SuiteRunnerWorker.runSuite(SuiteRunnerWorker.java:52)
	at org.testng.SuiteRunnerWorker.run(SuiteRunnerWorker.java:84)
	at org.testng.TestNG.runSuitesSequentially(TestNG.java:1208)
	at org.testng.TestNG.runSuitesLocally(TestNG.java:1137)
	at org.testng.TestNG.runSuites(TestNG.java:1049)
	at org.testng.TestNG.run(TestNG.java:1017)
	at org.apache.maven.surefire.testng.TestNGExecutor.run(TestNGExecutor.java:324)
	at org.apache.maven.surefire.testng.TestNGXmlTestSuite.execute(TestNGXmlTestSuite.java:74)
	at org.apache.maven.surefire.testng.TestNGProvider.invoke(TestNGProvider.java:123)
	at org.apache.maven.surefire.booter.ForkedBooter.runSuitesInProcess(ForkedBooter.java:456)
	at org.apache.maven.surefire.booter.ForkedBooter.execute(ForkedBooter.java:169)
	at org.apache.maven.surefire.booter.ForkedBooter.run(ForkedBooter.java:595)
	at org.apache.maven.surefire.booter.ForkedBooter.main(ForkedBooter.java:581)
]]></failure>
    <system-out><![CDATA[[DEBUG] Channel Closed: [id: 0xc50e6d19, L:/127.0.0.1:56350 ! R:localhost/127.0.0.1:56343] with attribute NettyResponseFuture{currentRetry=0,
	isDone=1,
	isCancelled=0,
	asyncHandler=org.asynchttpclient.ws.WebSocketUpgradeHandler@7ed5da49,
	nettyRequest=org.asynchttpclient.netty.request.NettyRequest@3bd74bf7,
	future=java.util.concurrent.CompletableFuture@226a81cd[Completed normally],
	uri=ws://localhost:56343/devtools/browser/30c13c37-a5b2-4e06-86b0-66327ad21964,
	keepAlive=true,
	redirectCount=0,
	timeoutsHolder=null,
	inAuth=0,
	touch=1680661553239}
[DEBUG] Closing Channel [id: 0xc50e6d19, L:/127.0.0.1:56350 ! R:localhost/127.0.0.1:56343] 
[DEBUG] Using pooled Channel '[id: 0x4fab9eb8, L:/127.0.0.1:56342 - R:localhost/127.0.0.1:19333]' for 'DELETE' to 'http://localhost:19333/session/3236dc8a8789d94844479c80787b4194'
[DEBUG] Using open Channel [id: 0x4fab9eb8, L:/127.0.0.1:56342 - R:localhost/127.0.0.1:19333] for DELETE '/session/3236dc8a8789d94844479c80787b4194'
[DEBUG] Unexpected I/O exception on channel [id: 0x586ae056, L:/127.0.0.1:56349 - R:localhost/127.0.0.1:56343]
java.io.IOException: An existing connection was forcibly closed by the remote host
	at sun.nio.ch.SocketDispatcher.read0(Native Method) ~[na:1.8.0_351]
	at sun.nio.ch.SocketDispatcher.read(SocketDispatcher.java:43) ~[na:1.8.0_351]
	at sun.nio.ch.IOUtil.readIntoNativeBuffer(IOUtil.java:223) ~[na:1.8.0_351]
	at sun.nio.ch.IOUtil.read(IOUtil.java:192) ~[na:1.8.0_351]
	at sun.nio.ch.SocketChannelImpl.read(SocketChannelImpl.java:378) ~[na:1.8.0_351]
	at io.netty.buffer.PooledByteBuf.setBytes(PooledByteBuf.java:256) ~[netty-buffer-4.1.90.Final.jar:4.1.90.Final]
	at io.netty.buffer.AbstractByteBuf.writeBytes(AbstractByteBuf.java:1132) ~[netty-buffer-4.1.90.Final.jar:4.1.90.Final]
	at io.netty.channel.socket.nio.NioSocketChannel.doReadBytes(NioSocketChannel.java:357) ~[netty-transport-4.1.90.Final.jar:4.1.90.Final]
	at io.netty.channel.nio.AbstractNioByteChannel$NioByteUnsafe.read(AbstractNioByteChannel.java:151) ~[netty-transport-4.1.90.Final.jar:4.1.90.Final]
	at io.netty.channel.nio.NioEventLoop.processSelectedKey(NioEventLoop.java:788) [netty-transport-4.1.90.Final.jar:4.1.90.Final]
	at io.netty.channel.nio.NioEventLoop.processSelectedKeysOptimized(NioEventLoop.java:724) [netty-transport-4.1.90.Final.jar:4.1.90.Final]
	at io.netty.channel.nio.NioEventLoop.processSelectedKeys(NioEventLoop.java:650) [netty-transport-4.1.90.Final.jar:4.1.90.Final]
	at io.netty.channel.nio.NioEventLoop.run(NioEventLoop.java:562) [netty-transport-4.1.90.Final.jar:4.1.90.Final]
	at io.netty.util.concurrent.SingleThreadEventExecutor$4.run(SingleThreadEventExecutor.java:997) [netty-common-4.1.90.Final.jar:4.1.90.Final]
	at io.netty.util.internal.ThreadExecutorMap$2.run(ThreadExecutorMap.java:74) [netty-common-4.1.90.Final.jar:4.1.90.Final]
	at io.netty.util.concurrent.FastThreadLocalRunnable.run(FastThreadLocalRunnable.java:30) [netty-common-4.1.90.Final.jar:4.1.90.Final]
	at java.lang.Thread.run(Thread.java:750) [na:1.8.0_351]
[DEBUG] Closing Channel [id: 0x586ae056, L:/127.0.0.1:56349 - R:localhost/127.0.0.1:56343] 
[DEBUG] Channel Closed: [id: 0x586ae056, L:/127.0.0.1:56349 ! R:localhost/127.0.0.1:56343] with attribute DISCARD
[DEBUG] 

Request DefaultFullHttpRequest(decodeResult: success, version: HTTP/1.1, content: EmptyByteBufBE)
DELETE /session/3236dc8a8789d94844479c80787b4194 HTTP/1.1
User-Agent: selenium/4.8.3 (java windows)
Content-Type: application/json; charset=utf-8
host: localhost:19333
accept: */*

Response DefaultHttpResponse(decodeResult: success, version: HTTP/1.1)
HTTP/1.1 200 OK
Content-Length: 14
Content-Type: application/json; charset=utf-8
cache-control: no-cache

[DEBUG] Adding key: http://localhost:19333 for channel [id: 0x4fab9eb8, L:/127.0.0.1:56342 - R:localhost/127.0.0.1:19333]
[DEBUG] Channel Closed: [id: 0x4fab9eb8, L:/127.0.0.1:56342 ! R:localhost/127.0.0.1:19333] with attribute DISCARD
[DEBUG] Entry count for : http://localhost:19333 : 1
[DEBUG] Entry count for : http://localhost:56343 : 1
[DEBUG] Adding Candidate expired Channel [id: 0x4fab9eb8, L:/127.0.0.1:56342 ! R:localhost/127.0.0.1:19333] isIdleTimeoutExpired=false isRemotelyClosed=true isTtlExpired=false
[DEBUG] Closing Idle Channel [id: 0x4fab9eb8, L:/127.0.0.1:56342 ! R:localhost/127.0.0.1:19333]
[DEBUG] Adding Candidate expired Channel [id: 0x586ae056, L:/127.0.0.1:56349 ! R:localhost/127.0.0.1:56343] isIdleTimeoutExpired=false isRemotelyClosed=true isTtlExpired=false
[DEBUG] Closing Idle Channel [id: 0x586ae056, L:/127.0.0.1:56349 ! R:localhost/127.0.0.1:56343]
[DEBUG] Closed 2 connections out of 2 in 0 ms
[DEBUG] Using new Channel '[id: 0x1b969100, L:/127.0.0.1:56484 - R:localhost/127.0.0.1:3057]' for 'POST' to '/session'
[DEBUG] 

Request DefaultHttpRequest(decodeResult: success, version: HTTP/1.1)
POST /session HTTP/1.1
User-Agent: selenium/4.8.3 (java windows)
Content-Length: 439
Content-Type: application/json; charset=utf-8
host: localhost:3057
accept: */*

Response DefaultHttpResponse(decodeResult: success, version: HTTP/1.1)
HTTP/1.1 200 OK
Content-Length: 857
Content-Type: application/json; charset=utf-8
cache-control: no-cache

[DEBUG] Adding key: http://localhost:3057 for channel [id: 0x1b969100, L:/127.0.0.1:56484 - R:localhost/127.0.0.1:3057]
[DEBUG] Using new Channel '[id: 0xbe78fb4f, L:/127.0.0.1:56491 - R:localhost/127.0.0.1:56485]' for 'GET' to '/json/version'
[DEBUG] 

Request DefaultFullHttpRequest(decodeResult: success, version: HTTP/1.1, content: EmptyByteBufBE)
GET /json/version HTTP/1.1
User-Agent: selenium/4.8.3 (java windows)
host: localhost:56485
accept: */*

Response DefaultHttpResponse(decodeResult: success, version: HTTP/1.1)
HTTP/1.1 200 OK
Content-Security-Policy: frame-ancestors 'none'
Content-Length: 424
Content-Type: application/json; charset=UTF-8

[DEBUG] Adding key: http://localhost:56485 for channel [id: 0xbe78fb4f, L:/127.0.0.1:56491 - R:localhost/127.0.0.1:56485]
[DEBUG] Using new Channel '[id: 0x74cc1d8e, L:/127.0.0.1:56492 - R:localhost/127.0.0.1:56485]' for 'GET' to '/devtools/browser/e8fbfea7-c6ef-4ae0-9136-a035b6d39190'
[DEBUG] 

Request DefaultFullHttpRequest(decodeResult: success, version: HTTP/1.1, content: EmptyByteBufBE)
GET /devtools/browser/e8fbfea7-c6ef-4ae0-9136-a035b6d39190 HTTP/1.1
upgrade: websocket
connection: upgrade
sec-websocket-key: 9cf+vrebx+yIGNBIX02U5w==
sec-websocket-version: 13
origin: http://localhost:56485
host: localhost:56485
accept: */*
user-agent: AHC/2.1

Response DefaultHttpResponse(decodeResult: success, version: HTTP/1.1)
HTTP/1.1 101 WebSocket Protocol Handshake
Upgrade: WebSocket
Connection: Upgrade
Sec-WebSocket-Accept: +jts1bBR4DmsPGdrchqNFXH/mPI=

[DEBUG] Using pooled Channel '[id: 0x1b969100, L:/127.0.0.1:56484 - R:localhost/127.0.0.1:3057]' for 'POST' to 'http://localhost:3057/session/43085ef7ee06e8a27cae93021e32a4b6/window/maximize'
[DEBUG] Using open Channel [id: 0x1b969100, L:/127.0.0.1:56484 - R:localhost/127.0.0.1:3057] for POST '/session/43085ef7ee06e8a27cae93021e32a4b6/window/maximize'
[DEBUG] Entry count for : http://localhost:56485 : 1
[DEBUG] 

Request DefaultHttpRequest(decodeResult: success, version: HTTP/1.1)
POST /session/43085ef7ee06e8a27cae93021e32a4b6/window/maximize HTTP/1.1
User-Agent: selenium/4.8.3 (java windows)
Content-Length: 3
Content-Type: application/json; charset=utf-8
host: localhost:3057
accept: */*

Response DefaultHttpResponse(decodeResult: success, version: HTTP/1.1)
HTTP/1.1 200 OK
Content-Length: 52
Content-Type: application/json; charset=utf-8
cache-control: no-cache

[DEBUG] Adding key: http://localhost:3057 for channel [id: 0x1b969100, L:/127.0.0.1:56484 - R:localhost/127.0.0.1:3057]
[DEBUG] Using pooled Channel '[id: 0x1b969100, L:/127.0.0.1:56484 - R:localhost/127.0.0.1:3057]' for 'DELETE' to 'http://localhost:3057/session/43085ef7ee06e8a27cae93021e32a4b6/cookie'
[DEBUG] Using open Channel [id: 0x1b969100, L:/127.0.0.1:56484 - R:localhost/127.0.0.1:3057] for DELETE '/session/43085ef7ee06e8a27cae93021e32a4b6/cookie'
[DEBUG] 

Request DefaultFullHttpRequest(decodeResult: success, version: HTTP/1.1, content: EmptyByteBufBE)
DELETE /session/43085ef7ee06e8a27cae93021e32a4b6/cookie HTTP/1.1
User-Agent: selenium/4.8.3 (java windows)
Content-Type: application/json; charset=utf-8
host: localhost:3057
accept: */*

Response DefaultHttpResponse(decodeResult: success, version: HTTP/1.1)
HTTP/1.1 200 OK
Content-Length: 14
Content-Type: application/json; charset=utf-8
cache-control: no-cache

[DEBUG] Adding key: http://localhost:3057 for channel [id: 0x1b969100, L:/127.0.0.1:56484 - R:localhost/127.0.0.1:3057]
[DEBUG] Using pooled Channel '[id: 0x1b969100, L:/127.0.0.1:56484 - R:localhost/127.0.0.1:3057]' for 'POST' to 'http://localhost:3057/session/43085ef7ee06e8a27cae93021e32a4b6/timeouts'
[DEBUG] Using open Channel [id: 0x1b969100, L:/127.0.0.1:56484 - R:localhost/127.0.0.1:3057] for POST '/session/43085ef7ee06e8a27cae93021e32a4b6/timeouts'
[DEBUG] 

Request DefaultHttpRequest(decodeResult: success, version: HTTP/1.1)
POST /session/43085ef7ee06e8a27cae93021e32a4b6/timeouts HTTP/1.1
User-Agent: selenium/4.8.3 (java windows)
Content-Length: 23
Content-Type: application/json; charset=utf-8
host: localhost:3057
accept: */*

Response DefaultHttpResponse(decodeResult: success, version: HTTP/1.1)
HTTP/1.1 200 OK
Content-Length: 14
Content-Type: application/json; charset=utf-8
cache-control: no-cache

[DEBUG] Adding key: http://localhost:3057 for channel [id: 0x1b969100, L:/127.0.0.1:56484 - R:localhost/127.0.0.1:3057]
[DEBUG] Using pooled Channel '[id: 0x1b969100, L:/127.0.0.1:56484 - R:localhost/127.0.0.1:3057]' for 'POST' to 'http://localhost:3057/session/43085ef7ee06e8a27cae93021e32a4b6/timeouts'
[DEBUG] Using open Channel [id: 0x1b969100, L:/127.0.0.1:56484 - R:localhost/127.0.0.1:3057] for POST '/session/43085ef7ee06e8a27cae93021e32a4b6/timeouts'
[DEBUG] 

Request DefaultHttpRequest(decodeResult: success, version: HTTP/1.1)
POST /session/43085ef7ee06e8a27cae93021e32a4b6/timeouts HTTP/1.1
User-Agent: selenium/4.8.3 (java windows)
Content-Length: 23
Content-Type: application/json; charset=utf-8
host: localhost:3057
accept: */*

Response DefaultHttpResponse(decodeResult: success, version: HTTP/1.1)
HTTP/1.1 200 OK
Content-Length: 14
Content-Type: application/json; charset=utf-8
cache-control: no-cache

[DEBUG] Adding key: http://localhost:3057 for channel [id: 0x1b969100, L:/127.0.0.1:56484 - R:localhost/127.0.0.1:3057]
[DEBUG] Using pooled Channel '[id: 0x1b969100, L:/127.0.0.1:56484 - R:localhost/127.0.0.1:3057]' for 'POST' to 'http://localhost:3057/session/43085ef7ee06e8a27cae93021e32a4b6/timeouts'
[DEBUG] Using open Channel [id: 0x1b969100, L:/127.0.0.1:56484 - R:localhost/127.0.0.1:3057] for POST '/session/43085ef7ee06e8a27cae93021e32a4b6/timeouts'
[DEBUG] 

Request DefaultHttpRequest(decodeResult: success, version: HTTP/1.1)
POST /session/43085ef7ee06e8a27cae93021e32a4b6/timeouts HTTP/1.1
User-Agent: selenium/4.8.3 (java windows)
Content-Length: 22
Content-Type: application/json; charset=utf-8
host: localhost:3057
accept: */*

Response DefaultHttpResponse(decodeResult: success, version: HTTP/1.1)
HTTP/1.1 200 OK
Content-Length: 14
Content-Type: application/json; charset=utf-8
cache-control: no-cache

[DEBUG] Adding key: http://localhost:3057 for channel [id: 0x1b969100, L:/127.0.0.1:56484 - R:localhost/127.0.0.1:3057]
[DEBUG] Using pooled Channel '[id: 0x1b969100, L:/127.0.0.1:56484 - R:localhost/127.0.0.1:3057]' for 'POST' to 'http://localhost:3057/session/43085ef7ee06e8a27cae93021e32a4b6/url'
[DEBUG] Using open Channel [id: 0x1b969100, L:/127.0.0.1:56484 - R:localhost/127.0.0.1:3057] for POST '/session/43085ef7ee06e8a27cae93021e32a4b6/url'
[DEBUG] Entry count for : http://localhost:56485 : 1
[DEBUG] 

Request DefaultHttpRequest(decodeResult: success, version: HTTP/1.1)
POST /session/43085ef7ee06e8a27cae93021e32a4b6/url HTTP/1.1
User-Agent: selenium/4.8.3 (java windows)
Content-Length: 43
Content-Type: application/json; charset=utf-8
host: localhost:3057
accept: */*

Response DefaultHttpResponse(decodeResult: success, version: HTTP/1.1)
HTTP/1.1 200 OK
Content-Length: 14
Content-Type: application/json; charset=utf-8
cache-control: no-cache

[DEBUG] Adding key: http://localhost:3057 for channel [id: 0x1b969100, L:/127.0.0.1:56484 - R:localhost/127.0.0.1:3057]
[DEBUG] Using pooled Channel '[id: 0x1b969100, L:/127.0.0.1:56484 - R:localhost/127.0.0.1:3057]' for 'POST' to 'http://localhost:3057/session/43085ef7ee06e8a27cae93021e32a4b6/element'
[DEBUG] Using open Channel [id: 0x1b969100, L:/127.0.0.1:56484 - R:localhost/127.0.0.1:3057] for POST '/session/43085ef7ee06e8a27cae93021e32a4b6/element'
[DEBUG] 

Request DefaultHttpRequest(decodeResult: success, version: HTTP/1.1)
POST /session/43085ef7ee06e8a27cae93021e32a4b6/element HTTP/1.1
User-Agent: selenium/4.8.3 (java windows)
Content-Length: 55
Content-Type: application/json; charset=utf-8
host: localhost:3057
accept: */*

Response DefaultHttpResponse(decodeResult: success, version: HTTP/1.1)
HTTP/1.1 200 OK
Content-Length: 88
Content-Type: application/json; charset=utf-8
cache-control: no-cache

[DEBUG] Adding key: http://localhost:3057 for channel [id: 0x1b969100, L:/127.0.0.1:56484 - R:localhost/127.0.0.1:3057]
[DEBUG] Using pooled Channel '[id: 0x1b969100, L:/127.0.0.1:56484 - R:localhost/127.0.0.1:3057]' for 'POST' to 'http://localhost:3057/session/43085ef7ee06e8a27cae93021e32a4b6/element/0c9ae42e-8af9-441e-b8c6-e0464723e186/click'
[DEBUG] Using open Channel [id: 0x1b969100, L:/127.0.0.1:56484 - R:localhost/127.0.0.1:3057] for POST '/session/43085ef7ee06e8a27cae93021e32a4b6/element/0c9ae42e-8af9-441e-b8c6-e0464723e186/click'
[DEBUG] Entry count for : http://localhost:56485 : 1
[DEBUG] Entry count for : http://localhost:56485 : 1
[DEBUG] 

Request DefaultHttpRequest(decodeResult: success, version: HTTP/1.1)
POST /session/43085ef7ee06e8a27cae93021e32a4b6/element/0c9ae42e-8af9-441e-b8c6-e0464723e186/click HTTP/1.1
User-Agent: selenium/4.8.3 (java windows)
Content-Length: 50
Content-Type: application/json; charset=utf-8
host: localhost:3057
accept: */*

Response DefaultHttpResponse(decodeResult: success, version: HTTP/1.1)
HTTP/1.1 200 OK
Content-Length: 14
Content-Type: application/json; charset=utf-8
cache-control: no-cache

[DEBUG] Adding key: http://localhost:3057 for channel [id: 0x1b969100, L:/127.0.0.1:56484 - R:localhost/127.0.0.1:3057]
[DEBUG] Using pooled Channel '[id: 0x1b969100, L:/127.0.0.1:56484 - R:localhost/127.0.0.1:3057]' for 'POST' to 'http://localhost:3057/session/43085ef7ee06e8a27cae93021e32a4b6/element'
[DEBUG] Using open Channel [id: 0x1b969100, L:/127.0.0.1:56484 - R:localhost/127.0.0.1:3057] for POST '/session/43085ef7ee06e8a27cae93021e32a4b6/element'
[DEBUG] 

Request DefaultHttpRequest(decodeResult: success, version: HTTP/1.1)
POST /session/43085ef7ee06e8a27cae93021e32a4b6/element HTTP/1.1
User-Agent: selenium/4.8.3 (java windows)
Content-Length: 82
Content-Type: application/json; charset=utf-8
host: localhost:3057
accept: */*

Response DefaultHttpResponse(decodeResult: success, version: HTTP/1.1)
HTTP/1.1 200 OK
Content-Length: 88
Content-Type: application/json; charset=utf-8
cache-control: no-cache

[DEBUG] Adding key: http://localhost:3057 for channel [id: 0x1b969100, L:/127.0.0.1:56484 - R:localhost/127.0.0.1:3057]
[DEBUG] Using pooled Channel '[id: 0x1b969100, L:/127.0.0.1:56484 - R:localhost/127.0.0.1:3057]' for 'POST' to 'http://localhost:3057/session/43085ef7ee06e8a27cae93021e32a4b6/element/e7c5f905-58e1-4ec1-8b83-ab6ac11f939e/value'
[DEBUG] Using open Channel [id: 0x1b969100, L:/127.0.0.1:56484 - R:localhost/127.0.0.1:3057] for POST '/session/43085ef7ee06e8a27cae93021e32a4b6/element/e7c5f905-58e1-4ec1-8b83-ab6ac11f939e/value'
[DEBUG] 

Request DefaultHttpRequest(decodeResult: success, version: HTTP/1.1)
POST /session/43085ef7ee06e8a27cae93021e32a4b6/element/e7c5f905-58e1-4ec1-8b83-ab6ac11f939e/value HTTP/1.1
User-Agent: selenium/4.8.3 (java windows)
Content-Length: 221
Content-Type: application/json; charset=utf-8
host: localhost:3057
accept: */*

Response DefaultHttpResponse(decodeResult: success, version: HTTP/1.1)
HTTP/1.1 200 OK
Content-Length: 14
Content-Type: application/json; charset=utf-8
cache-control: no-cache

[DEBUG] Adding key: http://localhost:3057 for channel [id: 0x1b969100, L:/127.0.0.1:56484 - R:localhost/127.0.0.1:3057]
[DEBUG] Using pooled Channel '[id: 0x1b969100, L:/127.0.0.1:56484 - R:localhost/127.0.0.1:3057]' for 'POST' to 'http://localhost:3057/session/43085ef7ee06e8a27cae93021e32a4b6/element'
[DEBUG] Using open Channel [id: 0x1b969100, L:/127.0.0.1:56484 - R:localhost/127.0.0.1:3057] for POST '/session/43085ef7ee06e8a27cae93021e32a4b6/element'
[DEBUG] 

Request DefaultHttpRequest(decodeResult: success, version: HTTP/1.1)
POST /session/43085ef7ee06e8a27cae93021e32a4b6/element HTTP/1.1
User-Agent: selenium/4.8.3 (java windows)
Content-Length: 83
Content-Type: application/json; charset=utf-8
host: localhost:3057
accept: */*

Response DefaultHttpResponse(decodeResult: success, version: HTTP/1.1)
HTTP/1.1 200 OK
Content-Length: 88
Content-Type: application/json; charset=utf-8
cache-control: no-cache

[DEBUG] Adding key: http://localhost:3057 for channel [id: 0x1b969100, L:/127.0.0.1:56484 - R:localhost/127.0.0.1:3057]
[DEBUG] Using pooled Channel '[id: 0x1b969100, L:/127.0.0.1:56484 - R:localhost/127.0.0.1:3057]' for 'POST' to 'http://localhost:3057/session/43085ef7ee06e8a27cae93021e32a4b6/element/76b72296-96d1-41b8-a23d-fd239c511b24/value'
[DEBUG] Using open Channel [id: 0x1b969100, L:/127.0.0.1:56484 - R:localhost/127.0.0.1:3057] for POST '/session/43085ef7ee06e8a27cae93021e32a4b6/element/76b72296-96d1-41b8-a23d-fd239c511b24/value'
[DEBUG] 

Request DefaultHttpRequest(decodeResult: success, version: HTTP/1.1)
POST /session/43085ef7ee06e8a27cae93021e32a4b6/element/76b72296-96d1-41b8-a23d-fd239c511b24/value HTTP/1.1
User-Agent: selenium/4.8.3 (java windows)
Content-Length: 291
Content-Type: application/json; charset=utf-8
host: localhost:3057
accept: */*

Response DefaultHttpResponse(decodeResult: success, version: HTTP/1.1)
HTTP/1.1 200 OK
Content-Length: 14
Content-Type: application/json; charset=utf-8
cache-control: no-cache

[DEBUG] Adding key: http://localhost:3057 for channel [id: 0x1b969100, L:/127.0.0.1:56484 - R:localhost/127.0.0.1:3057]
[DEBUG] Using pooled Channel '[id: 0x1b969100, L:/127.0.0.1:56484 - R:localhost/127.0.0.1:3057]' for 'POST' to 'http://localhost:3057/session/43085ef7ee06e8a27cae93021e32a4b6/element'
[DEBUG] Using open Channel [id: 0x1b969100, L:/127.0.0.1:56484 - R:localhost/127.0.0.1:3057] for POST '/session/43085ef7ee06e8a27cae93021e32a4b6/element'
[DEBUG] 

Request DefaultHttpRequest(decodeResult: success, version: HTTP/1.1)
POST /session/43085ef7ee06e8a27cae93021e32a4b6/element HTTP/1.1
User-Agent: selenium/4.8.3 (java windows)
Content-Length: 59
Content-Type: application/json; charset=utf-8
host: localhost:3057
accept: */*

Response DefaultHttpResponse(decodeResult: success, version: HTTP/1.1)
HTTP/1.1 200 OK
Content-Length: 88
Content-Type: application/json; charset=utf-8
cache-control: no-cache

[DEBUG] Adding key: http://localhost:3057 for channel [id: 0x1b969100, L:/127.0.0.1:56484 - R:localhost/127.0.0.1:3057]
[DEBUG] Using pooled Channel '[id: 0x1b969100, L:/127.0.0.1:56484 - R:localhost/127.0.0.1:3057]' for 'POST' to 'http://localhost:3057/session/43085ef7ee06e8a27cae93021e32a4b6/element/32181321-2416-458e-b045-d99b728b5ca2/click'
[DEBUG] Using open Channel [id: 0x1b969100, L:/127.0.0.1:56484 - R:localhost/127.0.0.1:3057] for POST '/session/43085ef7ee06e8a27cae93021e32a4b6/element/32181321-2416-458e-b045-d99b728b5ca2/click'
[DEBUG] 

Request DefaultHttpRequest(decodeResult: success, version: HTTP/1.1)
POST /session/43085ef7ee06e8a27cae93021e32a4b6/element/32181321-2416-458e-b045-d99b728b5ca2/click HTTP/1.1
User-Agent: selenium/4.8.3 (java windows)
Content-Length: 50
Content-Type: application/json; charset=utf-8
host: localhost:3057
accept: */*

Response DefaultHttpResponse(decodeResult: success, version: HTTP/1.1)
HTTP/1.1 200 OK
Content-Length: 14
Content-Type: application/json; charset=utf-8
cache-control: no-cache

[DEBUG] Adding key: http://localhost:3057 for channel [id: 0x1b969100, L:/127.0.0.1:56484 - R:localhost/127.0.0.1:3057]
[DEBUG] Using pooled Channel '[id: 0x1b969100, L:/127.0.0.1:56484 - R:localhost/127.0.0.1:3057]' for 'POST' to 'http://localhost:3057/session/43085ef7ee06e8a27cae93021e32a4b6/element'
[DEBUG] Using open Channel [id: 0x1b969100, L:/127.0.0.1:56484 - R:localhost/127.0.0.1:3057] for POST '/session/43085ef7ee06e8a27cae93021e32a4b6/element'
[DEBUG] 

Request DefaultHttpRequest(decodeResult: success, version: HTTP/1.1)
POST /session/43085ef7ee06e8a27cae93021e32a4b6/element HTTP/1.1
User-Agent: selenium/4.8.3 (java windows)
Content-Length: 63
Content-Type: application/json; charset=utf-8
host: localhost:3057
accept: */*

Response DefaultHttpResponse(decodeResult: success, version: HTTP/1.1)
HTTP/1.1 200 OK
Content-Length: 88
Content-Type: application/json; charset=utf-8
cache-control: no-cache

[DEBUG] Adding key: http://localhost:3057 for channel [id: 0x1b969100, L:/127.0.0.1:56484 - R:localhost/127.0.0.1:3057]
[DEBUG] Using pooled Channel '[id: 0x1b969100, L:/127.0.0.1:56484 - R:localhost/127.0.0.1:3057]' for 'GET' to 'http://localhost:3057/session/43085ef7ee06e8a27cae93021e32a4b6/element/614960b9-65dd-4143-a35d-ec1165fd380f/text'
[DEBUG] Using open Channel [id: 0x1b969100, L:/127.0.0.1:56484 - R:localhost/127.0.0.1:3057] for GET '/session/43085ef7ee06e8a27cae93021e32a4b6/element/614960b9-65dd-4143-a35d-ec1165fd380f/text'
[DEBUG] 

Request DefaultFullHttpRequest(decodeResult: success, version: HTTP/1.1, content: EmptyByteBufBE)
GET /session/43085ef7ee06e8a27cae93021e32a4b6/element/614960b9-65dd-4143-a35d-ec1165fd380f/text HTTP/1.1
User-Agent: selenium/4.8.3 (java windows)
Cache-Control: no-cache
Content-Type: application/json; charset=utf-8
host: localhost:3057
accept: */*

Response DefaultHttpResponse(decodeResult: success, version: HTTP/1.1)
HTTP/1.1 200 OK
Content-Length: 36
Content-Type: application/json; charset=utf-8
cache-control: no-cache

[DEBUG] Adding key: http://localhost:3057 for channel [id: 0x1b969100, L:/127.0.0.1:56484 - R:localhost/127.0.0.1:3057]
[DEBUG] Using pooled Channel '[id: 0x1b969100, L:/127.0.0.1:56484 - R:localhost/127.0.0.1:3057]' for 'POST' to 'http://localhost:3057/session/43085ef7ee06e8a27cae93021e32a4b6/element'
[DEBUG] Using open Channel [id: 0x1b969100, L:/127.0.0.1:56484 - R:localhost/127.0.0.1:3057] for POST '/session/43085ef7ee06e8a27cae93021e32a4b6/element'
[DEBUG] 

Request DefaultHttpRequest(decodeResult: success, version: HTTP/1.1)
POST /session/43085ef7ee06e8a27cae93021e32a4b6/element HTTP/1.1
User-Agent: selenium/4.8.3 (java windows)
Content-Length: 54
Content-Type: application/json; charset=utf-8
host: localhost:3057
accept: */*

Response DefaultHttpResponse(decodeResult: success, version: HTTP/1.1)
HTTP/1.1 200 OK
Content-Length: 88
Content-Type: application/json; charset=utf-8
cache-control: no-cache

[DEBUG] Adding key: http://localhost:3057 for channel [id: 0x1b969100, L:/127.0.0.1:56484 - R:localhost/127.0.0.1:3057]
[DEBUG] Using pooled Channel '[id: 0x1b969100, L:/127.0.0.1:56484 - R:localhost/127.0.0.1:3057]' for 'POST' to 'http://localhost:3057/session/43085ef7ee06e8a27cae93021e32a4b6/element/0cf2afbe-3de1-4331-b7d5-7b13918608fb/value'
[DEBUG] Using open Channel [id: 0x1b969100, L:/127.0.0.1:56484 - R:localhost/127.0.0.1:3057] for POST '/session/43085ef7ee06e8a27cae93021e32a4b6/element/0cf2afbe-3de1-4331-b7d5-7b13918608fb/value'
[DEBUG] 

Request DefaultHttpRequest(decodeResult: success, version: HTTP/1.1)
POST /session/43085ef7ee06e8a27cae93021e32a4b6/element/0cf2afbe-3de1-4331-b7d5-7b13918608fb/value HTTP/1.1
User-Agent: selenium/4.8.3 (java windows)
Content-Length: 201
Content-Type: application/json; charset=utf-8
host: localhost:3057
accept: */*

Response DefaultHttpResponse(decodeResult: success, version: HTTP/1.1)
HTTP/1.1 200 OK
Content-Length: 14
Content-Type: application/json; charset=utf-8
cache-control: no-cache

[DEBUG] Adding key: http://localhost:3057 for channel [id: 0x1b969100, L:/127.0.0.1:56484 - R:localhost/127.0.0.1:3057]
[DEBUG] Using pooled Channel '[id: 0x1b969100, L:/127.0.0.1:56484 - R:localhost/127.0.0.1:3057]' for 'POST' to 'http://localhost:3057/session/43085ef7ee06e8a27cae93021e32a4b6/element'
[DEBUG] Using open Channel [id: 0x1b969100, L:/127.0.0.1:56484 - R:localhost/127.0.0.1:3057] for POST '/session/43085ef7ee06e8a27cae93021e32a4b6/element'
[DEBUG] 

Request DefaultHttpRequest(decodeResult: success, version: HTTP/1.1)
POST /session/43085ef7ee06e8a27cae93021e32a4b6/element HTTP/1.1
User-Agent: selenium/4.8.3 (java windows)
Content-Length: 55
Content-Type: application/json; charset=utf-8
host: localhost:3057
accept: */*

Response DefaultHttpResponse(decodeResult: success, version: HTTP/1.1)
HTTP/1.1 200 OK
Content-Length: 88
Content-Type: application/json; charset=utf-8
cache-control: no-cache

[DEBUG] Adding key: http://localhost:3057 for channel [id: 0x1b969100, L:/127.0.0.1:56484 - R:localhost/127.0.0.1:3057]
[DEBUG] Using pooled Channel '[id: 0x1b969100, L:/127.0.0.1:56484 - R:localhost/127.0.0.1:3057]' for 'POST' to 'http://localhost:3057/session/43085ef7ee06e8a27cae93021e32a4b6/element/58ffd485-4291-45b4-b970-dd5372619495/value'
[DEBUG] Using open Channel [id: 0x1b969100, L:/127.0.0.1:56484 - R:localhost/127.0.0.1:3057] for POST '/session/43085ef7ee06e8a27cae93021e32a4b6/element/58ffd485-4291-45b4-b970-dd5372619495/value'
[DEBUG] 

Request DefaultHttpRequest(decodeResult: success, version: HTTP/1.1)
POST /session/43085ef7ee06e8a27cae93021e32a4b6/element/58ffd485-4291-45b4-b970-dd5372619495/value HTTP/1.1
User-Agent: selenium/4.8.3 (java windows)
Content-Length: 201
Content-Type: application/json; charset=utf-8
host: localhost:3057
accept: */*

Response DefaultHttpResponse(decodeResult: success, version: HTTP/1.1)
HTTP/1.1 200 OK
Content-Length: 14
Content-Type: application/json; charset=utf-8
cache-control: no-cache

[DEBUG] Adding key: http://localhost:3057 for channel [id: 0x1b969100, L:/127.0.0.1:56484 - R:localhost/127.0.0.1:3057]
[DEBUG] Using pooled Channel '[id: 0x1b969100, L:/127.0.0.1:56484 - R:localhost/127.0.0.1:3057]' for 'POST' to 'http://localhost:3057/session/43085ef7ee06e8a27cae93021e32a4b6/element'
[DEBUG] Using open Channel [id: 0x1b969100, L:/127.0.0.1:56484 - R:localhost/127.0.0.1:3057] for POST '/session/43085ef7ee06e8a27cae93021e32a4b6/element'
[DEBUG] 

Request DefaultHttpRequest(decodeResult: success, version: HTTP/1.1)
POST /session/43085ef7ee06e8a27cae93021e32a4b6/element HTTP/1.1
User-Agent: selenium/4.8.3 (java windows)
Content-Length: 86
Content-Type: application/json; charset=utf-8
host: localhost:3057
accept: */*

Response DefaultHttpResponse(decodeResult: success, version: HTTP/1.1)
HTTP/1.1 200 OK
Content-Length: 88
Content-Type: application/json; charset=utf-8
cache-control: no-cache

[DEBUG] Adding key: http://localhost:3057 for channel [id: 0x1b969100, L:/127.0.0.1:56484 - R:localhost/127.0.0.1:3057]
[DEBUG] Using pooled Channel '[id: 0x1b969100, L:/127.0.0.1:56484 - R:localhost/127.0.0.1:3057]' for 'POST' to 'http://localhost:3057/session/43085ef7ee06e8a27cae93021e32a4b6/element/76e48efb-77f3-4e12-b6f5-b1a0b31cc161/value'
[DEBUG] Using open Channel [id: 0x1b969100, L:/127.0.0.1:56484 - R:localhost/127.0.0.1:3057] for POST '/session/43085ef7ee06e8a27cae93021e32a4b6/element/76e48efb-77f3-4e12-b6f5-b1a0b31cc161/value'
[DEBUG] 

Request DefaultHttpRequest(decodeResult: success, version: HTTP/1.1)
POST /session/43085ef7ee06e8a27cae93021e32a4b6/element/76e48efb-77f3-4e12-b6f5-b1a0b31cc161/value HTTP/1.1
User-Agent: selenium/4.8.3 (java windows)
Content-Length: 361
Content-Type: application/json; charset=utf-8
host: localhost:3057
accept: */*

Response DefaultHttpResponse(decodeResult: success, version: HTTP/1.1)
HTTP/1.1 200 OK
Content-Length: 14
Content-Type: application/json; charset=utf-8
cache-control: no-cache

[DEBUG] Adding key: http://localhost:3057 for channel [id: 0x1b969100, L:/127.0.0.1:56484 - R:localhost/127.0.0.1:3057]
[DEBUG] Using pooled Channel '[id: 0x1b969100, L:/127.0.0.1:56484 - R:localhost/127.0.0.1:3057]' for 'POST' to 'http://localhost:3057/session/43085ef7ee06e8a27cae93021e32a4b6/element'
[DEBUG] Using open Channel [id: 0x1b969100, L:/127.0.0.1:56484 - R:localhost/127.0.0.1:3057] for POST '/session/43085ef7ee06e8a27cae93021e32a4b6/element'
[DEBUG] 

Request DefaultHttpRequest(decodeResult: success, version: HTTP/1.1)
POST /session/43085ef7ee06e8a27cae93021e32a4b6/element HTTP/1.1
User-Agent: selenium/4.8.3 (java windows)
Content-Length: 50
Content-Type: application/json; charset=utf-8
host: localhost:3057
accept: */*

Response DefaultHttpResponse(decodeResult: success, version: HTTP/1.1)
HTTP/1.1 200 OK
Content-Length: 88
Content-Type: application/json; charset=utf-8
cache-control: no-cache

[DEBUG] Adding key: http://localhost:3057 for channel [id: 0x1b969100, L:/127.0.0.1:56484 - R:localhost/127.0.0.1:3057]
[DEBUG] Using pooled Channel '[id: 0x1b969100, L:/127.0.0.1:56484 - R:localhost/127.0.0.1:3057]' for 'POST' to 'http://localhost:3057/session/43085ef7ee06e8a27cae93021e32a4b6/element/e35d40b6-8a8c-4217-9297-18d209167d46/value'
[DEBUG] Using open Channel [id: 0x1b969100, L:/127.0.0.1:56484 - R:localhost/127.0.0.1:3057] for POST '/session/43085ef7ee06e8a27cae93021e32a4b6/element/e35d40b6-8a8c-4217-9297-18d209167d46/value'
[DEBUG] 

Request DefaultHttpRequest(decodeResult: success, version: HTTP/1.1)
POST /session/43085ef7ee06e8a27cae93021e32a4b6/element/e35d40b6-8a8c-4217-9297-18d209167d46/value HTTP/1.1
User-Agent: selenium/4.8.3 (java windows)
Content-Length: 181
Content-Type: application/json; charset=utf-8
host: localhost:3057
accept: */*

Response DefaultHttpResponse(decodeResult: success, version: HTTP/1.1)
HTTP/1.1 200 OK
Content-Length: 14
Content-Type: application/json; charset=utf-8
cache-control: no-cache

[DEBUG] Adding key: http://localhost:3057 for channel [id: 0x1b969100, L:/127.0.0.1:56484 - R:localhost/127.0.0.1:3057]
[DEBUG] Using pooled Channel '[id: 0x1b969100, L:/127.0.0.1:56484 - R:localhost/127.0.0.1:3057]' for 'POST' to 'http://localhost:3057/session/43085ef7ee06e8a27cae93021e32a4b6/element'
[DEBUG] Using open Channel [id: 0x1b969100, L:/127.0.0.1:56484 - R:localhost/127.0.0.1:3057] for POST '/session/43085ef7ee06e8a27cae93021e32a4b6/element'
[DEBUG] 

Request DefaultHttpRequest(decodeResult: success, version: HTTP/1.1)
POST /session/43085ef7ee06e8a27cae93021e32a4b6/element HTTP/1.1
User-Agent: selenium/4.8.3 (java windows)
Content-Length: 86
Content-Type: application/json; charset=utf-8
host: localhost:3057
accept: */*

Response DefaultHttpResponse(decodeResult: success, version: HTTP/1.1)
HTTP/1.1 200 OK
Content-Length: 88
Content-Type: application/json; charset=utf-8
cache-control: no-cache

[DEBUG] Adding key: http://localhost:3057 for channel [id: 0x1b969100, L:/127.0.0.1:56484 - R:localhost/127.0.0.1:3057]
[DEBUG] Using pooled Channel '[id: 0x1b969100, L:/127.0.0.1:56484 - R:localhost/127.0.0.1:3057]' for 'GET' to 'http://localhost:3057/session/43085ef7ee06e8a27cae93021e32a4b6/element/9261e8c2-97d9-4b05-9545-c2359bf9e2c3/name'
[DEBUG] Using open Channel [id: 0x1b969100, L:/127.0.0.1:56484 - R:localhost/127.0.0.1:3057] for GET '/session/43085ef7ee06e8a27cae93021e32a4b6/element/9261e8c2-97d9-4b05-9545-c2359bf9e2c3/name'
[DEBUG] 

Request DefaultFullHttpRequest(decodeResult: success, version: HTTP/1.1, content: EmptyByteBufBE)
GET /session/43085ef7ee06e8a27cae93021e32a4b6/element/9261e8c2-97d9-4b05-9545-c2359bf9e2c3/name HTTP/1.1
User-Agent: selenium/4.8.3 (java windows)
Cache-Control: no-cache
Content-Type: application/json; charset=utf-8
host: localhost:3057
accept: */*

Response DefaultHttpResponse(decodeResult: success, version: HTTP/1.1)
HTTP/1.1 200 OK
Content-Length: 18
Content-Type: application/json; charset=utf-8
cache-control: no-cache

[DEBUG] Adding key: http://localhost:3057 for channel [id: 0x1b969100, L:/127.0.0.1:56484 - R:localhost/127.0.0.1:3057]
[DEBUG] Using pooled Channel '[id: 0x1b969100, L:/127.0.0.1:56484 - R:localhost/127.0.0.1:3057]' for 'GET' to 'http://localhost:3057/session/43085ef7ee06e8a27cae93021e32a4b6/element/9261e8c2-97d9-4b05-9545-c2359bf9e2c3/attribute/multiple'
[DEBUG] Using open Channel [id: 0x1b969100, L:/127.0.0.1:56484 - R:localhost/127.0.0.1:3057] for GET '/session/43085ef7ee06e8a27cae93021e32a4b6/element/9261e8c2-97d9-4b05-9545-c2359bf9e2c3/attribute/multiple'
[DEBUG] 

Request DefaultFullHttpRequest(decodeResult: success, version: HTTP/1.1, content: EmptyByteBufBE)
GET /session/43085ef7ee06e8a27cae93021e32a4b6/element/9261e8c2-97d9-4b05-9545-c2359bf9e2c3/attribute/multiple HTTP/1.1
User-Agent: selenium/4.8.3 (java windows)
Cache-Control: no-cache
Content-Type: application/json; charset=utf-8
host: localhost:3057
accept: */*

Response DefaultHttpResponse(decodeResult: success, version: HTTP/1.1)
HTTP/1.1 200 OK
Content-Length: 14
Content-Type: application/json; charset=utf-8
cache-control: no-cache

[DEBUG] Adding key: http://localhost:3057 for channel [id: 0x1b969100, L:/127.0.0.1:56484 - R:localhost/127.0.0.1:3057]
[DEBUG] Using pooled Channel '[id: 0x1b969100, L:/127.0.0.1:56484 - R:localhost/127.0.0.1:3057]' for 'GET' to 'http://localhost:3057/session/43085ef7ee06e8a27cae93021e32a4b6/element/9261e8c2-97d9-4b05-9545-c2359bf9e2c3/enabled'
[DEBUG] Using open Channel [id: 0x1b969100, L:/127.0.0.1:56484 - R:localhost/127.0.0.1:3057] for GET '/session/43085ef7ee06e8a27cae93021e32a4b6/element/9261e8c2-97d9-4b05-9545-c2359bf9e2c3/enabled'
[DEBUG] 

Request DefaultFullHttpRequest(decodeResult: success, version: HTTP/1.1, content: EmptyByteBufBE)
GET /session/43085ef7ee06e8a27cae93021e32a4b6/element/9261e8c2-97d9-4b05-9545-c2359bf9e2c3/enabled HTTP/1.1
User-Agent: selenium/4.8.3 (java windows)
Cache-Control: no-cache
Content-Type: application/json; charset=utf-8
host: localhost:3057
accept: */*

Response DefaultHttpResponse(decodeResult: success, version: HTTP/1.1)
HTTP/1.1 200 OK
Content-Length: 14
Content-Type: application/json; charset=utf-8
cache-control: no-cache

[DEBUG] Adding key: http://localhost:3057 for channel [id: 0x1b969100, L:/127.0.0.1:56484 - R:localhost/127.0.0.1:3057]
[DEBUG] Using pooled Channel '[id: 0x1b969100, L:/127.0.0.1:56484 - R:localhost/127.0.0.1:3057]' for 'POST' to 'http://localhost:3057/session/43085ef7ee06e8a27cae93021e32a4b6/element/9261e8c2-97d9-4b05-9545-c2359bf9e2c3/elements'
[DEBUG] Using open Channel [id: 0x1b969100, L:/127.0.0.1:56484 - R:localhost/127.0.0.1:3057] for POST '/session/43085ef7ee06e8a27cae93021e32a4b6/element/9261e8c2-97d9-4b05-9545-c2359bf9e2c3/elements'
[DEBUG] 

Request DefaultHttpRequest(decodeResult: success, version: HTTP/1.1)
POST /session/43085ef7ee06e8a27cae93021e32a4b6/element/9261e8c2-97d9-4b05-9545-c2359bf9e2c3/elements HTTP/1.1
User-Agent: selenium/4.8.3 (java windows)
Content-Length: 133
Content-Type: application/json; charset=utf-8
host: localhost:3057
accept: */*

Response DefaultHttpResponse(decodeResult: success, version: HTTP/1.1)
HTTP/1.1 200 OK
Content-Length: 90
Content-Type: application/json; charset=utf-8
cache-control: no-cache

[DEBUG] Adding key: http://localhost:3057 for channel [id: 0x1b969100, L:/127.0.0.1:56484 - R:localhost/127.0.0.1:3057]
[DEBUG] Using pooled Channel '[id: 0x1b969100, L:/127.0.0.1:56484 - R:localhost/127.0.0.1:3057]' for 'GET' to 'http://localhost:3057/session/43085ef7ee06e8a27cae93021e32a4b6/element/b8ab44c4-84c0-4f74-b37a-cde29cfb2b5b/enabled'
[DEBUG] Using open Channel [id: 0x1b969100, L:/127.0.0.1:56484 - R:localhost/127.0.0.1:3057] for GET '/session/43085ef7ee06e8a27cae93021e32a4b6/element/b8ab44c4-84c0-4f74-b37a-cde29cfb2b5b/enabled'
[DEBUG] 

Request DefaultFullHttpRequest(decodeResult: success, version: HTTP/1.1, content: EmptyByteBufBE)
GET /session/43085ef7ee06e8a27cae93021e32a4b6/element/b8ab44c4-84c0-4f74-b37a-cde29cfb2b5b/enabled HTTP/1.1
User-Agent: selenium/4.8.3 (java windows)
Cache-Control: no-cache
Content-Type: application/json; charset=utf-8
host: localhost:3057
accept: */*

Response DefaultHttpResponse(decodeResult: success, version: HTTP/1.1)
HTTP/1.1 200 OK
Content-Length: 14
Content-Type: application/json; charset=utf-8
cache-control: no-cache

[DEBUG] Adding key: http://localhost:3057 for channel [id: 0x1b969100, L:/127.0.0.1:56484 - R:localhost/127.0.0.1:3057]
[DEBUG] Using pooled Channel '[id: 0x1b969100, L:/127.0.0.1:56484 - R:localhost/127.0.0.1:3057]' for 'GET' to 'http://localhost:3057/session/43085ef7ee06e8a27cae93021e32a4b6/element/b8ab44c4-84c0-4f74-b37a-cde29cfb2b5b/selected'
[DEBUG] Using open Channel [id: 0x1b969100, L:/127.0.0.1:56484 - R:localhost/127.0.0.1:3057] for GET '/session/43085ef7ee06e8a27cae93021e32a4b6/element/b8ab44c4-84c0-4f74-b37a-cde29cfb2b5b/selected'
[DEBUG] 

Request DefaultFullHttpRequest(decodeResult: success, version: HTTP/1.1, content: EmptyByteBufBE)
GET /session/43085ef7ee06e8a27cae93021e32a4b6/element/b8ab44c4-84c0-4f74-b37a-cde29cfb2b5b/selected HTTP/1.1
User-Agent: selenium/4.8.3 (java windows)
Cache-Control: no-cache
Content-Type: application/json; charset=utf-8
host: localhost:3057
accept: */*

Response DefaultHttpResponse(decodeResult: success, version: HTTP/1.1)
HTTP/1.1 200 OK
Content-Length: 15
Content-Type: application/json; charset=utf-8
cache-control: no-cache

[DEBUG] Adding key: http://localhost:3057 for channel [id: 0x1b969100, L:/127.0.0.1:56484 - R:localhost/127.0.0.1:3057]
[DEBUG] Using pooled Channel '[id: 0x1b969100, L:/127.0.0.1:56484 - R:localhost/127.0.0.1:3057]' for 'POST' to 'http://localhost:3057/session/43085ef7ee06e8a27cae93021e32a4b6/element/b8ab44c4-84c0-4f74-b37a-cde29cfb2b5b/click'
[DEBUG] Using open Channel [id: 0x1b969100, L:/127.0.0.1:56484 - R:localhost/127.0.0.1:3057] for POST '/session/43085ef7ee06e8a27cae93021e32a4b6/element/b8ab44c4-84c0-4f74-b37a-cde29cfb2b5b/click'
[DEBUG] 

Request DefaultHttpRequest(decodeResult: success, version: HTTP/1.1)
POST /session/43085ef7ee06e8a27cae93021e32a4b6/element/b8ab44c4-84c0-4f74-b37a-cde29cfb2b5b/click HTTP/1.1
User-Agent: selenium/4.8.3 (java windows)
Content-Length: 50
Content-Type: application/json; charset=utf-8
host: localhost:3057
accept: */*

Response DefaultHttpResponse(decodeResult: success, version: HTTP/1.1)
HTTP/1.1 200 OK
Content-Length: 14
Content-Type: application/json; charset=utf-8
cache-control: no-cache

[DEBUG] Adding key: http://localhost:3057 for channel [id: 0x1b969100, L:/127.0.0.1:56484 - R:localhost/127.0.0.1:3057]
[DEBUG] Using pooled Channel '[id: 0x1b969100, L:/127.0.0.1:56484 - R:localhost/127.0.0.1:3057]' for 'POST' to 'http://localhost:3057/session/43085ef7ee06e8a27cae93021e32a4b6/element'
[DEBUG] Using open Channel [id: 0x1b969100, L:/127.0.0.1:56484 - R:localhost/127.0.0.1:3057] for POST '/session/43085ef7ee06e8a27cae93021e32a4b6/element'
[DEBUG] 

Request DefaultHttpRequest(decodeResult: success, version: HTTP/1.1)
POST /session/43085ef7ee06e8a27cae93021e32a4b6/element HTTP/1.1
User-Agent: selenium/4.8.3 (java windows)
Content-Length: 88
Content-Type: application/json; charset=utf-8
host: localhost:3057
accept: */*

Response DefaultHttpResponse(decodeResult: success, version: HTTP/1.1)
HTTP/1.1 200 OK
Content-Length: 88
Content-Type: application/json; charset=utf-8
cache-control: no-cache

[DEBUG] Adding key: http://localhost:3057 for channel [id: 0x1b969100, L:/127.0.0.1:56484 - R:localhost/127.0.0.1:3057]
[DEBUG] Using pooled Channel '[id: 0x1b969100, L:/127.0.0.1:56484 - R:localhost/127.0.0.1:3057]' for 'GET' to 'http://localhost:3057/session/43085ef7ee06e8a27cae93021e32a4b6/element/fd7bb191-a139-4766-b632-185096f3e8d0/name'
[DEBUG] Using open Channel [id: 0x1b969100, L:/127.0.0.1:56484 - R:localhost/127.0.0.1:3057] for GET '/session/43085ef7ee06e8a27cae93021e32a4b6/element/fd7bb191-a139-4766-b632-185096f3e8d0/name'
[DEBUG] 

Request DefaultFullHttpRequest(decodeResult: success, version: HTTP/1.1, content: EmptyByteBufBE)
GET /session/43085ef7ee06e8a27cae93021e32a4b6/element/fd7bb191-a139-4766-b632-185096f3e8d0/name HTTP/1.1
User-Agent: selenium/4.8.3 (java windows)
Cache-Control: no-cache
Content-Type: application/json; charset=utf-8
host: localhost:3057
accept: */*

Response DefaultHttpResponse(decodeResult: success, version: HTTP/1.1)
HTTP/1.1 200 OK
Content-Length: 18
Content-Type: application/json; charset=utf-8
cache-control: no-cache

[DEBUG] Adding key: http://localhost:3057 for channel [id: 0x1b969100, L:/127.0.0.1:56484 - R:localhost/127.0.0.1:3057]
[DEBUG] Using pooled Channel '[id: 0x1b969100, L:/127.0.0.1:56484 - R:localhost/127.0.0.1:3057]' for 'GET' to 'http://localhost:3057/session/43085ef7ee06e8a27cae93021e32a4b6/element/fd7bb191-a139-4766-b632-185096f3e8d0/attribute/multiple'
[DEBUG] Using open Channel [id: 0x1b969100, L:/127.0.0.1:56484 - R:localhost/127.0.0.1:3057] for GET '/session/43085ef7ee06e8a27cae93021e32a4b6/element/fd7bb191-a139-4766-b632-185096f3e8d0/attribute/multiple'
[DEBUG] 

Request DefaultFullHttpRequest(decodeResult: success, version: HTTP/1.1, content: EmptyByteBufBE)
GET /session/43085ef7ee06e8a27cae93021e32a4b6/element/fd7bb191-a139-4766-b632-185096f3e8d0/attribute/multiple HTTP/1.1
User-Agent: selenium/4.8.3 (java windows)
Cache-Control: no-cache
Content-Type: application/json; charset=utf-8
host: localhost:3057
accept: */*

Response DefaultHttpResponse(decodeResult: success, version: HTTP/1.1)
HTTP/1.1 200 OK
Content-Length: 14
Content-Type: application/json; charset=utf-8
cache-control: no-cache

[DEBUG] Adding key: http://localhost:3057 for channel [id: 0x1b969100, L:/127.0.0.1:56484 - R:localhost/127.0.0.1:3057]
[DEBUG] Using pooled Channel '[id: 0x1b969100, L:/127.0.0.1:56484 - R:localhost/127.0.0.1:3057]' for 'GET' to 'http://localhost:3057/session/43085ef7ee06e8a27cae93021e32a4b6/element/fd7bb191-a139-4766-b632-185096f3e8d0/enabled'
[DEBUG] Using open Channel [id: 0x1b969100, L:/127.0.0.1:56484 - R:localhost/127.0.0.1:3057] for GET '/session/43085ef7ee06e8a27cae93021e32a4b6/element/fd7bb191-a139-4766-b632-185096f3e8d0/enabled'
[DEBUG] 

Request DefaultFullHttpRequest(decodeResult: success, version: HTTP/1.1, content: EmptyByteBufBE)
GET /session/43085ef7ee06e8a27cae93021e32a4b6/element/fd7bb191-a139-4766-b632-185096f3e8d0/enabled HTTP/1.1
User-Agent: selenium/4.8.3 (java windows)
Cache-Control: no-cache
Content-Type: application/json; charset=utf-8
host: localhost:3057
accept: */*

Response DefaultHttpResponse(decodeResult: success, version: HTTP/1.1)
HTTP/1.1 200 OK
Content-Length: 14
Content-Type: application/json; charset=utf-8
cache-control: no-cache

[DEBUG] Adding key: http://localhost:3057 for channel [id: 0x1b969100, L:/127.0.0.1:56484 - R:localhost/127.0.0.1:3057]
[DEBUG] Using pooled Channel '[id: 0x1b969100, L:/127.0.0.1:56484 - R:localhost/127.0.0.1:3057]' for 'POST' to 'http://localhost:3057/session/43085ef7ee06e8a27cae93021e32a4b6/element/fd7bb191-a139-4766-b632-185096f3e8d0/elements'
[DEBUG] Using open Channel [id: 0x1b969100, L:/127.0.0.1:56484 - R:localhost/127.0.0.1:3057] for POST '/session/43085ef7ee06e8a27cae93021e32a4b6/element/fd7bb191-a139-4766-b632-185096f3e8d0/elements'
[DEBUG] 

Request DefaultHttpRequest(decodeResult: success, version: HTTP/1.1)
POST /session/43085ef7ee06e8a27cae93021e32a4b6/element/fd7bb191-a139-4766-b632-185096f3e8d0/elements HTTP/1.1
User-Agent: selenium/4.8.3 (java windows)
Content-Length: 134
Content-Type: application/json; charset=utf-8
host: localhost:3057
accept: */*

Response DefaultHttpResponse(decodeResult: success, version: HTTP/1.1)
HTTP/1.1 200 OK
Content-Length: 90
Content-Type: application/json; charset=utf-8
cache-control: no-cache

[DEBUG] Adding key: http://localhost:3057 for channel [id: 0x1b969100, L:/127.0.0.1:56484 - R:localhost/127.0.0.1:3057]
[DEBUG] Using pooled Channel '[id: 0x1b969100, L:/127.0.0.1:56484 - R:localhost/127.0.0.1:3057]' for 'GET' to 'http://localhost:3057/session/43085ef7ee06e8a27cae93021e32a4b6/element/d439cec1-9a44-4b96-97e8-86076a78aa72/enabled'
[DEBUG] Using open Channel [id: 0x1b969100, L:/127.0.0.1:56484 - R:localhost/127.0.0.1:3057] for GET '/session/43085ef7ee06e8a27cae93021e32a4b6/element/d439cec1-9a44-4b96-97e8-86076a78aa72/enabled'
[DEBUG] 

Request DefaultFullHttpRequest(decodeResult: success, version: HTTP/1.1, content: EmptyByteBufBE)
GET /session/43085ef7ee06e8a27cae93021e32a4b6/element/d439cec1-9a44-4b96-97e8-86076a78aa72/enabled HTTP/1.1
User-Agent: selenium/4.8.3 (java windows)
Cache-Control: no-cache
Content-Type: application/json; charset=utf-8
host: localhost:3057
accept: */*

Response DefaultHttpResponse(decodeResult: success, version: HTTP/1.1)
HTTP/1.1 200 OK
Content-Length: 14
Content-Type: application/json; charset=utf-8
cache-control: no-cache

[DEBUG] Adding key: http://localhost:3057 for channel [id: 0x1b969100, L:/127.0.0.1:56484 - R:localhost/127.0.0.1:3057]
[DEBUG] Using pooled Channel '[id: 0x1b969100, L:/127.0.0.1:56484 - R:localhost/127.0.0.1:3057]' for 'GET' to 'http://localhost:3057/session/43085ef7ee06e8a27cae93021e32a4b6/element/d439cec1-9a44-4b96-97e8-86076a78aa72/selected'
[DEBUG] Using open Channel [id: 0x1b969100, L:/127.0.0.1:56484 - R:localhost/127.0.0.1:3057] for GET '/session/43085ef7ee06e8a27cae93021e32a4b6/element/d439cec1-9a44-4b96-97e8-86076a78aa72/selected'
[DEBUG] 

Request DefaultFullHttpRequest(decodeResult: success, version: HTTP/1.1, content: EmptyByteBufBE)
GET /session/43085ef7ee06e8a27cae93021e32a4b6/element/d439cec1-9a44-4b96-97e8-86076a78aa72/selected HTTP/1.1
User-Agent: selenium/4.8.3 (java windows)
Cache-Control: no-cache
Content-Type: application/json; charset=utf-8
host: localhost:3057
accept: */*

Response DefaultHttpResponse(decodeResult: success, version: HTTP/1.1)
HTTP/1.1 200 OK
Content-Length: 15
Content-Type: application/json; charset=utf-8
cache-control: no-cache

[DEBUG] Adding key: http://localhost:3057 for channel [id: 0x1b969100, L:/127.0.0.1:56484 - R:localhost/127.0.0.1:3057]
[DEBUG] Using pooled Channel '[id: 0x1b969100, L:/127.0.0.1:56484 - R:localhost/127.0.0.1:3057]' for 'POST' to 'http://localhost:3057/session/43085ef7ee06e8a27cae93021e32a4b6/element/d439cec1-9a44-4b96-97e8-86076a78aa72/click'
[DEBUG] Using open Channel [id: 0x1b969100, L:/127.0.0.1:56484 - R:localhost/127.0.0.1:3057] for POST '/session/43085ef7ee06e8a27cae93021e32a4b6/element/d439cec1-9a44-4b96-97e8-86076a78aa72/click'
[DEBUG] 

Request DefaultHttpRequest(decodeResult: success, version: HTTP/1.1)
POST /session/43085ef7ee06e8a27cae93021e32a4b6/element/d439cec1-9a44-4b96-97e8-86076a78aa72/click HTTP/1.1
User-Agent: selenium/4.8.3 (java windows)
Content-Length: 50
Content-Type: application/json; charset=utf-8
host: localhost:3057
accept: */*

Response DefaultHttpResponse(decodeResult: success, version: HTTP/1.1)
HTTP/1.1 200 OK
Content-Length: 14
Content-Type: application/json; charset=utf-8
cache-control: no-cache

[DEBUG] Adding key: http://localhost:3057 for channel [id: 0x1b969100, L:/127.0.0.1:56484 - R:localhost/127.0.0.1:3057]
[DEBUG] Using pooled Channel '[id: 0x1b969100, L:/127.0.0.1:56484 - R:localhost/127.0.0.1:3057]' for 'POST' to 'http://localhost:3057/session/43085ef7ee06e8a27cae93021e32a4b6/element'
[DEBUG] Using open Channel [id: 0x1b969100, L:/127.0.0.1:56484 - R:localhost/127.0.0.1:3057] for POST '/session/43085ef7ee06e8a27cae93021e32a4b6/element'
[DEBUG] 

Request DefaultHttpRequest(decodeResult: success, version: HTTP/1.1)
POST /session/43085ef7ee06e8a27cae93021e32a4b6/element HTTP/1.1
User-Agent: selenium/4.8.3 (java windows)
Content-Length: 87
Content-Type: application/json; charset=utf-8
host: localhost:3057
accept: */*

Response DefaultHttpResponse(decodeResult: success, version: HTTP/1.1)
HTTP/1.1 200 OK
Content-Length: 88
Content-Type: application/json; charset=utf-8
cache-control: no-cache

[DEBUG] Adding key: http://localhost:3057 for channel [id: 0x1b969100, L:/127.0.0.1:56484 - R:localhost/127.0.0.1:3057]
[DEBUG] Using pooled Channel '[id: 0x1b969100, L:/127.0.0.1:56484 - R:localhost/127.0.0.1:3057]' for 'GET' to 'http://localhost:3057/session/43085ef7ee06e8a27cae93021e32a4b6/element/f9d6c186-76c3-4211-9d1f-8de5233a09cb/name'
[DEBUG] Using open Channel [id: 0x1b969100, L:/127.0.0.1:56484 - R:localhost/127.0.0.1:3057] for GET '/session/43085ef7ee06e8a27cae93021e32a4b6/element/f9d6c186-76c3-4211-9d1f-8de5233a09cb/name'
[DEBUG] 

Request DefaultFullHttpRequest(decodeResult: success, version: HTTP/1.1, content: EmptyByteBufBE)
GET /session/43085ef7ee06e8a27cae93021e32a4b6/element/f9d6c186-76c3-4211-9d1f-8de5233a09cb/name HTTP/1.1
User-Agent: selenium/4.8.3 (java windows)
Cache-Control: no-cache
Content-Type: application/json; charset=utf-8
host: localhost:3057
accept: */*

Response DefaultHttpResponse(decodeResult: success, version: HTTP/1.1)
HTTP/1.1 200 OK
Content-Length: 18
Content-Type: application/json; charset=utf-8
cache-control: no-cache

[DEBUG] Adding key: http://localhost:3057 for channel [id: 0x1b969100, L:/127.0.0.1:56484 - R:localhost/127.0.0.1:3057]
[DEBUG] Using pooled Channel '[id: 0x1b969100, L:/127.0.0.1:56484 - R:localhost/127.0.0.1:3057]' for 'GET' to 'http://localhost:3057/session/43085ef7ee06e8a27cae93021e32a4b6/element/f9d6c186-76c3-4211-9d1f-8de5233a09cb/attribute/multiple'
[DEBUG] Using open Channel [id: 0x1b969100, L:/127.0.0.1:56484 - R:localhost/127.0.0.1:3057] for GET '/session/43085ef7ee06e8a27cae93021e32a4b6/element/f9d6c186-76c3-4211-9d1f-8de5233a09cb/attribute/multiple'
[DEBUG] 

Request DefaultFullHttpRequest(decodeResult: success, version: HTTP/1.1, content: EmptyByteBufBE)
GET /session/43085ef7ee06e8a27cae93021e32a4b6/element/f9d6c186-76c3-4211-9d1f-8de5233a09cb/attribute/multiple HTTP/1.1
User-Agent: selenium/4.8.3 (java windows)
Cache-Control: no-cache
Content-Type: application/json; charset=utf-8
host: localhost:3057
accept: */*

Response DefaultHttpResponse(decodeResult: success, version: HTTP/1.1)
HTTP/1.1 200 OK
Content-Length: 14
Content-Type: application/json; charset=utf-8
cache-control: no-cache

[DEBUG] Adding key: http://localhost:3057 for channel [id: 0x1b969100, L:/127.0.0.1:56484 - R:localhost/127.0.0.1:3057]
[DEBUG] Using pooled Channel '[id: 0x1b969100, L:/127.0.0.1:56484 - R:localhost/127.0.0.1:3057]' for 'GET' to 'http://localhost:3057/session/43085ef7ee06e8a27cae93021e32a4b6/element/f9d6c186-76c3-4211-9d1f-8de5233a09cb/enabled'
[DEBUG] Using open Channel [id: 0x1b969100, L:/127.0.0.1:56484 - R:localhost/127.0.0.1:3057] for GET '/session/43085ef7ee06e8a27cae93021e32a4b6/element/f9d6c186-76c3-4211-9d1f-8de5233a09cb/enabled'
[DEBUG] 

Request DefaultFullHttpRequest(decodeResult: success, version: HTTP/1.1, content: EmptyByteBufBE)
GET /session/43085ef7ee06e8a27cae93021e32a4b6/element/f9d6c186-76c3-4211-9d1f-8de5233a09cb/enabled HTTP/1.1
User-Agent: selenium/4.8.3 (java windows)
Cache-Control: no-cache
Content-Type: application/json; charset=utf-8
host: localhost:3057
accept: */*

Response DefaultHttpResponse(decodeResult: success, version: HTTP/1.1)
HTTP/1.1 200 OK
Content-Length: 14
Content-Type: application/json; charset=utf-8
cache-control: no-cache

[DEBUG] Adding key: http://localhost:3057 for channel [id: 0x1b969100, L:/127.0.0.1:56484 - R:localhost/127.0.0.1:3057]
[DEBUG] Using pooled Channel '[id: 0x1b969100, L:/127.0.0.1:56484 - R:localhost/127.0.0.1:3057]' for 'POST' to 'http://localhost:3057/session/43085ef7ee06e8a27cae93021e32a4b6/element/f9d6c186-76c3-4211-9d1f-8de5233a09cb/elements'
[DEBUG] Using open Channel [id: 0x1b969100, L:/127.0.0.1:56484 - R:localhost/127.0.0.1:3057] for POST '/session/43085ef7ee06e8a27cae93021e32a4b6/element/f9d6c186-76c3-4211-9d1f-8de5233a09cb/elements'
[DEBUG] 

Request DefaultHttpRequest(decodeResult: success, version: HTTP/1.1)
POST /session/43085ef7ee06e8a27cae93021e32a4b6/element/f9d6c186-76c3-4211-9d1f-8de5233a09cb/elements HTTP/1.1
User-Agent: selenium/4.8.3 (java windows)
Content-Length: 135
Content-Type: application/json; charset=utf-8
host: localhost:3057
accept: */*

Response DefaultHttpResponse(decodeResult: success, version: HTTP/1.1)
HTTP/1.1 200 OK
Content-Length: 90
Content-Type: application/json; charset=utf-8
cache-control: no-cache

[DEBUG] Adding key: http://localhost:3057 for channel [id: 0x1b969100, L:/127.0.0.1:56484 - R:localhost/127.0.0.1:3057]
[DEBUG] Using pooled Channel '[id: 0x1b969100, L:/127.0.0.1:56484 - R:localhost/127.0.0.1:3057]' for 'GET' to 'http://localhost:3057/session/43085ef7ee06e8a27cae93021e32a4b6/element/ce0f67ca-539f-4798-8a3e-cee4328de13d/enabled'
[DEBUG] Using open Channel [id: 0x1b969100, L:/127.0.0.1:56484 - R:localhost/127.0.0.1:3057] for GET '/session/43085ef7ee06e8a27cae93021e32a4b6/element/ce0f67ca-539f-4798-8a3e-cee4328de13d/enabled'
[DEBUG] 

Request DefaultFullHttpRequest(decodeResult: success, version: HTTP/1.1, content: EmptyByteBufBE)
GET /session/43085ef7ee06e8a27cae93021e32a4b6/element/ce0f67ca-539f-4798-8a3e-cee4328de13d/enabled HTTP/1.1
User-Agent: selenium/4.8.3 (java windows)
Cache-Control: no-cache
Content-Type: application/json; charset=utf-8
host: localhost:3057
accept: */*

Response DefaultHttpResponse(decodeResult: success, version: HTTP/1.1)
HTTP/1.1 200 OK
Content-Length: 14
Content-Type: application/json; charset=utf-8
cache-control: no-cache

[DEBUG] Adding key: http://localhost:3057 for channel [id: 0x1b969100, L:/127.0.0.1:56484 - R:localhost/127.0.0.1:3057]
[DEBUG] Using pooled Channel '[id: 0x1b969100, L:/127.0.0.1:56484 - R:localhost/127.0.0.1:3057]' for 'GET' to 'http://localhost:3057/session/43085ef7ee06e8a27cae93021e32a4b6/element/ce0f67ca-539f-4798-8a3e-cee4328de13d/selected'
[DEBUG] Using open Channel [id: 0x1b969100, L:/127.0.0.1:56484 - R:localhost/127.0.0.1:3057] for GET '/session/43085ef7ee06e8a27cae93021e32a4b6/element/ce0f67ca-539f-4798-8a3e-cee4328de13d/selected'
[DEBUG] 

Request DefaultFullHttpRequest(decodeResult: success, version: HTTP/1.1, content: EmptyByteBufBE)
GET /session/43085ef7ee06e8a27cae93021e32a4b6/element/ce0f67ca-539f-4798-8a3e-cee4328de13d/selected HTTP/1.1
User-Agent: selenium/4.8.3 (java windows)
Cache-Control: no-cache
Content-Type: application/json; charset=utf-8
host: localhost:3057
accept: */*

Response DefaultHttpResponse(decodeResult: success, version: HTTP/1.1)
HTTP/1.1 200 OK
Content-Length: 15
Content-Type: application/json; charset=utf-8
cache-control: no-cache

[DEBUG] Adding key: http://localhost:3057 for channel [id: 0x1b969100, L:/127.0.0.1:56484 - R:localhost/127.0.0.1:3057]
[DEBUG] Using pooled Channel '[id: 0x1b969100, L:/127.0.0.1:56484 - R:localhost/127.0.0.1:3057]' for 'POST' to 'http://localhost:3057/session/43085ef7ee06e8a27cae93021e32a4b6/element/ce0f67ca-539f-4798-8a3e-cee4328de13d/click'
[DEBUG] Using open Channel [id: 0x1b969100, L:/127.0.0.1:56484 - R:localhost/127.0.0.1:3057] for POST '/session/43085ef7ee06e8a27cae93021e32a4b6/element/ce0f67ca-539f-4798-8a3e-cee4328de13d/click'
[DEBUG] 

Request DefaultHttpRequest(decodeResult: success, version: HTTP/1.1)
POST /session/43085ef7ee06e8a27cae93021e32a4b6/element/ce0f67ca-539f-4798-8a3e-cee4328de13d/click HTTP/1.1
User-Agent: selenium/4.8.3 (java windows)
Content-Length: 50
Content-Type: application/json; charset=utf-8
host: localhost:3057
accept: */*

Response DefaultHttpResponse(decodeResult: success, version: HTTP/1.1)
HTTP/1.1 200 OK
Content-Length: 14
Content-Type: application/json; charset=utf-8
cache-control: no-cache

[DEBUG] Adding key: http://localhost:3057 for channel [id: 0x1b969100, L:/127.0.0.1:56484 - R:localhost/127.0.0.1:3057]
[DEBUG] Using pooled Channel '[id: 0x1b969100, L:/127.0.0.1:56484 - R:localhost/127.0.0.1:3057]' for 'POST' to 'http://localhost:3057/session/43085ef7ee06e8a27cae93021e32a4b6/element'
[DEBUG] Using open Channel [id: 0x1b969100, L:/127.0.0.1:56484 - R:localhost/127.0.0.1:3057] for POST '/session/43085ef7ee06e8a27cae93021e32a4b6/element'
[DEBUG] 

Request DefaultHttpRequest(decodeResult: success, version: HTTP/1.1)
POST /session/43085ef7ee06e8a27cae93021e32a4b6/element HTTP/1.1
User-Agent: selenium/4.8.3 (java windows)
Content-Length: 98
Content-Type: application/json; charset=utf-8
host: localhost:3057
accept: */*

Response DefaultHttpResponse(decodeResult: success, version: HTTP/1.1)
HTTP/1.1 200 OK
Content-Length: 88
Content-Type: application/json; charset=utf-8
cache-control: no-cache

[DEBUG] Adding key: http://localhost:3057 for channel [id: 0x1b969100, L:/127.0.0.1:56484 - R:localhost/127.0.0.1:3057]
[DEBUG] Using pooled Channel '[id: 0x1b969100, L:/127.0.0.1:56484 - R:localhost/127.0.0.1:3057]' for 'POST' to 'http://localhost:3057/session/43085ef7ee06e8a27cae93021e32a4b6/element/6badc080-1e4e-4849-a49e-abe1cb71b0ad/click'
[DEBUG] Using open Channel [id: 0x1b969100, L:/127.0.0.1:56484 - R:localhost/127.0.0.1:3057] for POST '/session/43085ef7ee06e8a27cae93021e32a4b6/element/6badc080-1e4e-4849-a49e-abe1cb71b0ad/click'
[DEBUG] 

Request DefaultHttpRequest(decodeResult: success, version: HTTP/1.1)
POST /session/43085ef7ee06e8a27cae93021e32a4b6/element/6badc080-1e4e-4849-a49e-abe1cb71b0ad/click HTTP/1.1
User-Agent: selenium/4.8.3 (java windows)
Content-Length: 50
Content-Type: application/json; charset=utf-8
host: localhost:3057
accept: */*

Response DefaultHttpResponse(decodeResult: success, version: HTTP/1.1)
HTTP/1.1 200 OK
Content-Length: 14
Content-Type: application/json; charset=utf-8
cache-control: no-cache

[DEBUG] Adding key: http://localhost:3057 for channel [id: 0x1b969100, L:/127.0.0.1:56484 - R:localhost/127.0.0.1:3057]
[DEBUG] Using pooled Channel '[id: 0x1b969100, L:/127.0.0.1:56484 - R:localhost/127.0.0.1:3057]' for 'POST' to 'http://localhost:3057/session/43085ef7ee06e8a27cae93021e32a4b6/element'
[DEBUG] Using open Channel [id: 0x1b969100, L:/127.0.0.1:56484 - R:localhost/127.0.0.1:3057] for POST '/session/43085ef7ee06e8a27cae93021e32a4b6/element'
[DEBUG] 

Request DefaultHttpRequest(decodeResult: success, version: HTTP/1.1)
POST /session/43085ef7ee06e8a27cae93021e32a4b6/element HTTP/1.1
User-Agent: selenium/4.8.3 (java windows)
Content-Length: 52
Content-Type: application/json; charset=utf-8
host: localhost:3057
accept: */*

Response DefaultHttpResponse(decodeResult: success, version: HTTP/1.1)
HTTP/1.1 200 OK
Content-Length: 88
Content-Type: application/json; charset=utf-8
cache-control: no-cache

[DEBUG] Adding key: http://localhost:3057 for channel [id: 0x1b969100, L:/127.0.0.1:56484 - R:localhost/127.0.0.1:3057]
[DEBUG] Using pooled Channel '[id: 0x1b969100, L:/127.0.0.1:56484 - R:localhost/127.0.0.1:3057]' for 'GET' to 'http://localhost:3057/session/43085ef7ee06e8a27cae93021e32a4b6/element/24da7f70-0d9d-4186-8769-b176fb8db3f7/name'
[DEBUG] Using open Channel [id: 0x1b969100, L:/127.0.0.1:56484 - R:localhost/127.0.0.1:3057] for GET '/session/43085ef7ee06e8a27cae93021e32a4b6/element/24da7f70-0d9d-4186-8769-b176fb8db3f7/name'
[DEBUG] 

Request DefaultFullHttpRequest(decodeResult: success, version: HTTP/1.1, content: EmptyByteBufBE)
GET /session/43085ef7ee06e8a27cae93021e32a4b6/element/24da7f70-0d9d-4186-8769-b176fb8db3f7/name HTTP/1.1
User-Agent: selenium/4.8.3 (java windows)
Cache-Control: no-cache
Content-Type: application/json; charset=utf-8
host: localhost:3057
accept: */*

Response DefaultHttpResponse(decodeResult: success, version: HTTP/1.1)
HTTP/1.1 200 OK
Content-Length: 18
Content-Type: application/json; charset=utf-8
cache-control: no-cache

[DEBUG] Adding key: http://localhost:3057 for channel [id: 0x1b969100, L:/127.0.0.1:56484 - R:localhost/127.0.0.1:3057]
[DEBUG] Using pooled Channel '[id: 0x1b969100, L:/127.0.0.1:56484 - R:localhost/127.0.0.1:3057]' for 'GET' to 'http://localhost:3057/session/43085ef7ee06e8a27cae93021e32a4b6/element/24da7f70-0d9d-4186-8769-b176fb8db3f7/attribute/multiple'
[DEBUG] Using open Channel [id: 0x1b969100, L:/127.0.0.1:56484 - R:localhost/127.0.0.1:3057] for GET '/session/43085ef7ee06e8a27cae93021e32a4b6/element/24da7f70-0d9d-4186-8769-b176fb8db3f7/attribute/multiple'
[DEBUG] 

Request DefaultFullHttpRequest(decodeResult: success, version: HTTP/1.1, content: EmptyByteBufBE)
GET /session/43085ef7ee06e8a27cae93021e32a4b6/element/24da7f70-0d9d-4186-8769-b176fb8db3f7/attribute/multiple HTTP/1.1
User-Agent: selenium/4.8.3 (java windows)
Cache-Control: no-cache
Content-Type: application/json; charset=utf-8
host: localhost:3057
accept: */*

Response DefaultHttpResponse(decodeResult: success, version: HTTP/1.1)
HTTP/1.1 200 OK
Content-Length: 14
Content-Type: application/json; charset=utf-8
cache-control: no-cache

[DEBUG] Adding key: http://localhost:3057 for channel [id: 0x1b969100, L:/127.0.0.1:56484 - R:localhost/127.0.0.1:3057]
[DEBUG] Using pooled Channel '[id: 0x1b969100, L:/127.0.0.1:56484 - R:localhost/127.0.0.1:3057]' for 'GET' to 'http://localhost:3057/session/43085ef7ee06e8a27cae93021e32a4b6/element/24da7f70-0d9d-4186-8769-b176fb8db3f7/enabled'
[DEBUG] Using open Channel [id: 0x1b969100, L:/127.0.0.1:56484 - R:localhost/127.0.0.1:3057] for GET '/session/43085ef7ee06e8a27cae93021e32a4b6/element/24da7f70-0d9d-4186-8769-b176fb8db3f7/enabled'
[DEBUG] 

Request DefaultFullHttpRequest(decodeResult: success, version: HTTP/1.1, content: EmptyByteBufBE)
GET /session/43085ef7ee06e8a27cae93021e32a4b6/element/24da7f70-0d9d-4186-8769-b176fb8db3f7/enabled HTTP/1.1
User-Agent: selenium/4.8.3 (java windows)
Cache-Control: no-cache
Content-Type: application/json; charset=utf-8
host: localhost:3057
accept: */*

Response DefaultHttpResponse(decodeResult: success, version: HTTP/1.1)
HTTP/1.1 200 OK
Content-Length: 14
Content-Type: application/json; charset=utf-8
cache-control: no-cache

[DEBUG] Adding key: http://localhost:3057 for channel [id: 0x1b969100, L:/127.0.0.1:56484 - R:localhost/127.0.0.1:3057]
[DEBUG] Using pooled Channel '[id: 0x1b969100, L:/127.0.0.1:56484 - R:localhost/127.0.0.1:3057]' for 'POST' to 'http://localhost:3057/session/43085ef7ee06e8a27cae93021e32a4b6/element/24da7f70-0d9d-4186-8769-b176fb8db3f7/elements'
[DEBUG] Using open Channel [id: 0x1b969100, L:/127.0.0.1:56484 - R:localhost/127.0.0.1:3057] for POST '/session/43085ef7ee06e8a27cae93021e32a4b6/element/24da7f70-0d9d-4186-8769-b176fb8db3f7/elements'
[DEBUG] 

Request DefaultHttpRequest(decodeResult: success, version: HTTP/1.1)
POST /session/43085ef7ee06e8a27cae93021e32a4b6/element/24da7f70-0d9d-4186-8769-b176fb8db3f7/elements HTTP/1.1
User-Agent: selenium/4.8.3 (java windows)
Content-Length: 144
Content-Type: application/json; charset=utf-8
host: localhost:3057
accept: */*

Response DefaultHttpResponse(decodeResult: success, version: HTTP/1.1)
HTTP/1.1 200 OK
Content-Length: 90
Content-Type: application/json; charset=utf-8
cache-control: no-cache

[DEBUG] Adding key: http://localhost:3057 for channel [id: 0x1b969100, L:/127.0.0.1:56484 - R:localhost/127.0.0.1:3057]
[DEBUG] Using pooled Channel '[id: 0x1b969100, L:/127.0.0.1:56484 - R:localhost/127.0.0.1:3057]' for 'GET' to 'http://localhost:3057/session/43085ef7ee06e8a27cae93021e32a4b6/element/0f63097b-7eaa-4df4-998c-4840d6770c55/enabled'
[DEBUG] Using open Channel [id: 0x1b969100, L:/127.0.0.1:56484 - R:localhost/127.0.0.1:3057] for GET '/session/43085ef7ee06e8a27cae93021e32a4b6/element/0f63097b-7eaa-4df4-998c-4840d6770c55/enabled'
[DEBUG] 

Request DefaultFullHttpRequest(decodeResult: success, version: HTTP/1.1, content: EmptyByteBufBE)
GET /session/43085ef7ee06e8a27cae93021e32a4b6/element/0f63097b-7eaa-4df4-998c-4840d6770c55/enabled HTTP/1.1
User-Agent: selenium/4.8.3 (java windows)
Cache-Control: no-cache
Content-Type: application/json; charset=utf-8
host: localhost:3057
accept: */*

Response DefaultHttpResponse(decodeResult: success, version: HTTP/1.1)
HTTP/1.1 200 OK
Content-Length: 14
Content-Type: application/json; charset=utf-8
cache-control: no-cache

[DEBUG] Adding key: http://localhost:3057 for channel [id: 0x1b969100, L:/127.0.0.1:56484 - R:localhost/127.0.0.1:3057]
[DEBUG] Using pooled Channel '[id: 0x1b969100, L:/127.0.0.1:56484 - R:localhost/127.0.0.1:3057]' for 'GET' to 'http://localhost:3057/session/43085ef7ee06e8a27cae93021e32a4b6/element/0f63097b-7eaa-4df4-998c-4840d6770c55/selected'
[DEBUG] Using open Channel [id: 0x1b969100, L:/127.0.0.1:56484 - R:localhost/127.0.0.1:3057] for GET '/session/43085ef7ee06e8a27cae93021e32a4b6/element/0f63097b-7eaa-4df4-998c-4840d6770c55/selected'
[DEBUG] 

Request DefaultFullHttpRequest(decodeResult: success, version: HTTP/1.1, content: EmptyByteBufBE)
GET /session/43085ef7ee06e8a27cae93021e32a4b6/element/0f63097b-7eaa-4df4-998c-4840d6770c55/selected HTTP/1.1
User-Agent: selenium/4.8.3 (java windows)
Cache-Control: no-cache
Content-Type: application/json; charset=utf-8
host: localhost:3057
accept: */*

Response DefaultHttpResponse(decodeResult: success, version: HTTP/1.1)
HTTP/1.1 200 OK
Content-Length: 15
Content-Type: application/json; charset=utf-8
cache-control: no-cache

[DEBUG] Adding key: http://localhost:3057 for channel [id: 0x1b969100, L:/127.0.0.1:56484 - R:localhost/127.0.0.1:3057]
[DEBUG] Using pooled Channel '[id: 0x1b969100, L:/127.0.0.1:56484 - R:localhost/127.0.0.1:3057]' for 'POST' to 'http://localhost:3057/session/43085ef7ee06e8a27cae93021e32a4b6/element/0f63097b-7eaa-4df4-998c-4840d6770c55/click'
[DEBUG] Using open Channel [id: 0x1b969100, L:/127.0.0.1:56484 - R:localhost/127.0.0.1:3057] for POST '/session/43085ef7ee06e8a27cae93021e32a4b6/element/0f63097b-7eaa-4df4-998c-4840d6770c55/click'
[DEBUG] 

Request DefaultHttpRequest(decodeResult: success, version: HTTP/1.1)
POST /session/43085ef7ee06e8a27cae93021e32a4b6/element/0f63097b-7eaa-4df4-998c-4840d6770c55/click HTTP/1.1
User-Agent: selenium/4.8.3 (java windows)
Content-Length: 50
Content-Type: application/json; charset=utf-8
host: localhost:3057
accept: */*

Response DefaultHttpResponse(decodeResult: success, version: HTTP/1.1)
HTTP/1.1 200 OK
Content-Length: 14
Content-Type: application/json; charset=utf-8
cache-control: no-cache

[DEBUG] Adding key: http://localhost:3057 for channel [id: 0x1b969100, L:/127.0.0.1:56484 - R:localhost/127.0.0.1:3057]
[DEBUG] Using pooled Channel '[id: 0x1b969100, L:/127.0.0.1:56484 - R:localhost/127.0.0.1:3057]' for 'POST' to 'http://localhost:3057/session/43085ef7ee06e8a27cae93021e32a4b6/element'
[DEBUG] Using open Channel [id: 0x1b969100, L:/127.0.0.1:56484 - R:localhost/127.0.0.1:3057] for POST '/session/43085ef7ee06e8a27cae93021e32a4b6/element'
[DEBUG] 

Request DefaultHttpRequest(decodeResult: success, version: HTTP/1.1)
POST /session/43085ef7ee06e8a27cae93021e32a4b6/element HTTP/1.1
User-Agent: selenium/4.8.3 (java windows)
Content-Length: 52
Content-Type: application/json; charset=utf-8
host: localhost:3057
accept: */*

Response DefaultHttpResponse(decodeResult: success, version: HTTP/1.1)
HTTP/1.1 200 OK
Content-Length: 88
Content-Type: application/json; charset=utf-8
cache-control: no-cache

[DEBUG] Adding key: http://localhost:3057 for channel [id: 0x1b969100, L:/127.0.0.1:56484 - R:localhost/127.0.0.1:3057]
[DEBUG] Using pooled Channel '[id: 0x1b969100, L:/127.0.0.1:56484 - R:localhost/127.0.0.1:3057]' for 'POST' to 'http://localhost:3057/session/43085ef7ee06e8a27cae93021e32a4b6/element/e6287a14-6863-4e46-9e10-f873a986df11/value'
[DEBUG] Using open Channel [id: 0x1b969100, L:/127.0.0.1:56484 - R:localhost/127.0.0.1:3057] for POST '/session/43085ef7ee06e8a27cae93021e32a4b6/element/e6287a14-6863-4e46-9e10-f873a986df11/value'
[DEBUG] 

Request DefaultHttpRequest(decodeResult: success, version: HTTP/1.1)
POST /session/43085ef7ee06e8a27cae93021e32a4b6/element/e6287a14-6863-4e46-9e10-f873a986df11/value HTTP/1.1
User-Agent: selenium/4.8.3 (java windows)
Content-Length: 121
Content-Type: application/json; charset=utf-8
host: localhost:3057
accept: */*

Response DefaultHttpResponse(decodeResult: success, version: HTTP/1.1)
HTTP/1.1 200 OK
Content-Length: 14
Content-Type: application/json; charset=utf-8
cache-control: no-cache

[DEBUG] Adding key: http://localhost:3057 for channel [id: 0x1b969100, L:/127.0.0.1:56484 - R:localhost/127.0.0.1:3057]
[DEBUG] Using pooled Channel '[id: 0x1b969100, L:/127.0.0.1:56484 - R:localhost/127.0.0.1:3057]' for 'POST' to 'http://localhost:3057/session/43085ef7ee06e8a27cae93021e32a4b6/element'
[DEBUG] Using open Channel [id: 0x1b969100, L:/127.0.0.1:56484 - R:localhost/127.0.0.1:3057] for POST '/session/43085ef7ee06e8a27cae93021e32a4b6/element'
[DEBUG] 

Request DefaultHttpRequest(decodeResult: success, version: HTTP/1.1)
POST /session/43085ef7ee06e8a27cae93021e32a4b6/element HTTP/1.1
User-Agent: selenium/4.8.3 (java windows)
Content-Length: 53
Content-Type: application/json; charset=utf-8
host: localhost:3057
accept: */*

Response DefaultHttpResponse(decodeResult: success, version: HTTP/1.1)
HTTP/1.1 200 OK
Content-Length: 88
Content-Type: application/json; charset=utf-8
cache-control: no-cache

[DEBUG] Adding key: http://localhost:3057 for channel [id: 0x1b969100, L:/127.0.0.1:56484 - R:localhost/127.0.0.1:3057]
[DEBUG] Using pooled Channel '[id: 0x1b969100, L:/127.0.0.1:56484 - R:localhost/127.0.0.1:3057]' for 'POST' to 'http://localhost:3057/session/43085ef7ee06e8a27cae93021e32a4b6/element/c3c638e3-d5cf-49f4-826b-4ab8ab234da7/click'
[DEBUG] Using open Channel [id: 0x1b969100, L:/127.0.0.1:56484 - R:localhost/127.0.0.1:3057] for POST '/session/43085ef7ee06e8a27cae93021e32a4b6/element/c3c638e3-d5cf-49f4-826b-4ab8ab234da7/click'
[DEBUG] Entry count for : http://localhost:56485 : 1
[DEBUG] Entry count for : http://localhost:56485 : 1
[DEBUG] 

Request DefaultHttpRequest(decodeResult: success, version: HTTP/1.1)
POST /session/43085ef7ee06e8a27cae93021e32a4b6/element/c3c638e3-d5cf-49f4-826b-4ab8ab234da7/click HTTP/1.1
User-Agent: selenium/4.8.3 (java windows)
Content-Length: 50
Content-Type: application/json; charset=utf-8
host: localhost:3057
accept: */*

Response DefaultHttpResponse(decodeResult: success, version: HTTP/1.1)
HTTP/1.1 200 OK
Content-Length: 14
Content-Type: application/json; charset=utf-8
cache-control: no-cache

[DEBUG] Adding key: http://localhost:3057 for channel [id: 0x1b969100, L:/127.0.0.1:56484 - R:localhost/127.0.0.1:3057]
[DEBUG] Using pooled Channel '[id: 0x1b969100, L:/127.0.0.1:56484 - R:localhost/127.0.0.1:3057]' for 'POST' to 'http://localhost:3057/session/43085ef7ee06e8a27cae93021e32a4b6/element'
[DEBUG] Using open Channel [id: 0x1b969100, L:/127.0.0.1:56484 - R:localhost/127.0.0.1:3057] for POST '/session/43085ef7ee06e8a27cae93021e32a4b6/element'
[DEBUG] 

Request DefaultHttpRequest(decodeResult: success, version: HTTP/1.1)
POST /session/43085ef7ee06e8a27cae93021e32a4b6/element HTTP/1.1
User-Agent: selenium/4.8.3 (java windows)
Content-Length: 52
Content-Type: application/json; charset=utf-8
host: localhost:3057
accept: */*

Response DefaultHttpResponse(decodeResult: success, version: HTTP/1.1)
HTTP/1.1 200 OK
Content-Length: 88
Content-Type: application/json; charset=utf-8
cache-control: no-cache

[DEBUG] Adding key: http://localhost:3057 for channel [id: 0x1b969100, L:/127.0.0.1:56484 - R:localhost/127.0.0.1:3057]
[DEBUG] Using pooled Channel '[id: 0x1b969100, L:/127.0.0.1:56484 - R:localhost/127.0.0.1:3057]' for 'GET' to 'http://localhost:3057/session/43085ef7ee06e8a27cae93021e32a4b6/element/212aa74f-5fe5-40e5-be92-36e56de46419/text'
[DEBUG] Using open Channel [id: 0x1b969100, L:/127.0.0.1:56484 - R:localhost/127.0.0.1:3057] for GET '/session/43085ef7ee06e8a27cae93021e32a4b6/element/212aa74f-5fe5-40e5-be92-36e56de46419/text'
[DEBUG] 

Request DefaultFullHttpRequest(decodeResult: success, version: HTTP/1.1, content: EmptyByteBufBE)
GET /session/43085ef7ee06e8a27cae93021e32a4b6/element/212aa74f-5fe5-40e5-be92-36e56de46419/text HTTP/1.1
User-Agent: selenium/4.8.3 (java windows)
Cache-Control: no-cache
Content-Type: application/json; charset=utf-8
host: localhost:3057
accept: */*

Response DefaultHttpResponse(decodeResult: success, version: HTTP/1.1)
HTTP/1.1 200 OK
Content-Length: 65
Content-Type: application/json; charset=utf-8
cache-control: no-cache

[DEBUG] Adding key: http://localhost:3057 for channel [id: 0x1b969100, L:/127.0.0.1:56484 - R:localhost/127.0.0.1:3057]
]]></system-out>
    <system-err><![CDATA[Starting ChromeDriver 111.0.5563.64 (c710e93d5b63b7095afe8c2c17df34408078439d-refs/branch-heads/5563@{#995}) on port 3057
Only local connections are allowed.
Please see https://chromedriver.chromium.org/security-considerations for suggestions on keeping ChromeDriver safe.
ChromeDriver was started successfully.
]]></system-err>
  </testcase>
</testsuite>