<?xml version="1.0" encoding="UTF-8"?>
<!-- Generated by org.testng.reporters.JUnitReportReporter -->
<testsuite hostname="SarthakSyduAIO" failures="0" tests="1" name="com.rediff.qa.testcases.LoginTest" time="6.919" errors="0" timestamp="05 Apr 2023 02:40:03 GMT" skipped="0">
  <testcase classname="com.rediff.qa.testcases.LoginTest" name="verifyRediffLoginWithInvalidUsernameAndInvalidPassword" time="6.919"/>
</testsuite> <!-- com.rediff.qa.testcases.LoginTest -->
